{"/home/labadmin/projects/droid-spring/frontend/app/components/common/AppBadge.vue": {"path":"/home/labadmin/projects/droid-spring/frontend/app/components/common/AppBadge.vue","all":true,"statementMap":{"0":{"start":{"line":1,"column":0},"end":{"line":1,"column":10}},"1":{"start":{"line":2,"column":0},"end":{"line":2,"column":12}},"2":{"start":{"line":3,"column":0},"end":{"line":3,"column":13}},"3":{"start":{"line":4,"column":0},"end":{"line":4,"column":25}},"4":{"start":{"line":5,"column":0},"end":{"line":5,"column":27}},"5":{"start":{"line":6,"column":0},"end":{"line":6,"column":3}},"6":{"start":{"line":7,"column":0},"end":{"line":7,"column":87}},"7":{"start":{"line":8,"column":0},"end":{"line":8,"column":16}},"8":{"start":{"line":9,"column":0},"end":{"line":9,"column":11}},"9":{"start":{"line":10,"column":0},"end":{"line":10,"column":60}},"10":{"start":{"line":11,"column":0},"end":{"line":11,"column":29}},"11":{"start":{"line":12,"column":0},"end":{"line":12,"column":11}},"12":{"start":{"line":13,"column":0},"end":{"line":13,"column":89}},"13":{"start":{"line":14,"column":0},"end":{"line":14,"column":16}},"14":{"start":{"line":15,"column":0},"end":{"line":15,"column":11}},"15":{"start":{"line":16,"column":0},"end":{"line":16,"column":14}},"16":{"start":{"line":17,"column":0},"end":{"line":17,"column":11}},"17":{"start":{"line":18,"column":0},"end":{"line":18,"column":0}},"18":{"start":{"line":19,"column":0},"end":{"line":19,"column":24}},"19":{"start":{"line":20,"column":0},"end":{"line":20,"column":17}},"20":{"start":{"line":21,"column":0},"end":{"line":21,"column":91}},"21":{"start":{"line":22,"column":0},"end":{"line":22,"column":34}},"22":{"start":{"line":23,"column":0},"end":{"line":23,"column":15}},"23":{"start":{"line":24,"column":0},"end":{"line":24,"column":15}},"24":{"start":{"line":25,"column":0},"end":{"line":25,"column":33}},"25":{"start":{"line":26,"column":0},"end":{"line":26,"column":16}},"26":{"start":{"line":27,"column":0},"end":{"line":27,"column":19}},"27":{"start":{"line":28,"column":0},"end":{"line":28,"column":39}},"28":{"start":{"line":29,"column":0},"end":{"line":29,"column":15}},"29":{"start":{"line":30,"column":0},"end":{"line":30,"column":20}},"30":{"start":{"line":31,"column":0},"end":{"line":31,"column":1}},"31":{"start":{"line":32,"column":0},"end":{"line":32,"column":0}},"32":{"start":{"line":33,"column":0},"end":{"line":33,"column":50}},"33":{"start":{"line":34,"column":0},"end":{"line":34,"column":21}},"34":{"start":{"line":35,"column":0},"end":{"line":35,"column":13}},"35":{"start":{"line":36,"column":0},"end":{"line":36,"column":11}},"36":{"start":{"line":37,"column":0},"end":{"line":37,"column":23}},"37":{"start":{"line":38,"column":0},"end":{"line":38,"column":14}},"38":{"start":{"line":39,"column":0},"end":{"line":39,"column":17}},"39":{"start":{"line":40,"column":0},"end":{"line":40,"column":13}},"40":{"start":{"line":41,"column":0},"end":{"line":41,"column":2}},"41":{"start":{"line":42,"column":0},"end":{"line":42,"column":0}},"42":{"start":{"line":43,"column":0},"end":{"line":43,"column":26}},"43":{"start":{"line":44,"column":0},"end":{"line":44,"column":28}},"44":{"start":{"line":45,"column":0},"end":{"line":45,"column":4}},"45":{"start":{"line":46,"column":0},"end":{"line":46,"column":0}},"46":{"start":{"line":47,"column":0},"end":{"line":47,"column":37}},"47":{"start":{"line":48,"column":0},"end":{"line":48,"column":14}},"48":{"start":{"line":49,"column":0},"end":{"line":49,"column":32}},"49":{"start":{"line":50,"column":0},"end":{"line":50,"column":29}},"50":{"start":{"line":51,"column":0},"end":{"line":51,"column":3}},"51":{"start":{"line":52,"column":0},"end":{"line":52,"column":34}},"52":{"start":{"line":53,"column":0},"end":{"line":53,"column":40}},"53":{"start":{"line":54,"column":0},"end":{"line":54,"column":39}},"54":{"start":{"line":55,"column":0},"end":{"line":55,"column":71}},"55":{"start":{"line":56,"column":0},"end":{"line":56,"column":3}},"56":{"start":{"line":57,"column":0},"end":{"line":57,"column":2}},"57":{"start":{"line":58,"column":0},"end":{"line":58,"column":0}},"58":{"start":{"line":59,"column":0},"end":{"line":59,"column":44}},"59":{"start":{"line":60,"column":0},"end":{"line":60,"column":22}},"60":{"start":{"line":61,"column":0},"end":{"line":61,"column":1}},"61":{"start":{"line":62,"column":0},"end":{"line":62,"column":9}},"62":{"start":{"line":63,"column":0},"end":{"line":63,"column":0}},"63":{"start":{"line":64,"column":0},"end":{"line":64,"column":14}},"64":{"start":{"line":65,"column":0},"end":{"line":65,"column":12}},"65":{"start":{"line":66,"column":0},"end":{"line":66,"column":23}},"66":{"start":{"line":67,"column":0},"end":{"line":67,"column":22}},"67":{"start":{"line":68,"column":0},"end":{"line":68,"column":26}},"68":{"start":{"line":69,"column":0},"end":{"line":69,"column":39}},"69":{"start":{"line":70,"column":0},"end":{"line":70,"column":41}},"70":{"start":{"line":71,"column":0},"end":{"line":71,"column":17}},"71":{"start":{"line":72,"column":0},"end":{"line":72,"column":24}},"72":{"start":{"line":73,"column":0},"end":{"line":73,"column":22}},"73":{"start":{"line":74,"column":0},"end":{"line":74,"column":32}},"74":{"start":{"line":75,"column":0},"end":{"line":75,"column":66}},"75":{"start":{"line":76,"column":0},"end":{"line":76,"column":20}},"76":{"start":{"line":77,"column":0},"end":{"line":77,"column":1}},"77":{"start":{"line":78,"column":0},"end":{"line":78,"column":0}},"78":{"start":{"line":79,"column":0},"end":{"line":79,"column":11}},"79":{"start":{"line":80,"column":0},"end":{"line":80,"column":16}},"80":{"start":{"line":81,"column":0},"end":{"line":81,"column":29}},"81":{"start":{"line":82,"column":0},"end":{"line":82,"column":22}},"82":{"start":{"line":83,"column":0},"end":{"line":83,"column":34}},"83":{"start":{"line":84,"column":0},"end":{"line":84,"column":1}},"84":{"start":{"line":85,"column":0},"end":{"line":85,"column":0}},"85":{"start":{"line":86,"column":0},"end":{"line":86,"column":16}},"86":{"start":{"line":87,"column":0},"end":{"line":87,"column":26}},"87":{"start":{"line":88,"column":0},"end":{"line":88,"column":33}},"88":{"start":{"line":89,"column":0},"end":{"line":89,"column":34}},"89":{"start":{"line":90,"column":0},"end":{"line":90,"column":1}},"90":{"start":{"line":91,"column":0},"end":{"line":91,"column":0}},"91":{"start":{"line":92,"column":0},"end":{"line":92,"column":16}},"92":{"start":{"line":93,"column":0},"end":{"line":93,"column":41}},"93":{"start":{"line":94,"column":0},"end":{"line":94,"column":33}},"94":{"start":{"line":95,"column":0},"end":{"line":95,"column":34}},"95":{"start":{"line":96,"column":0},"end":{"line":96,"column":1}},"96":{"start":{"line":97,"column":0},"end":{"line":97,"column":0}},"97":{"start":{"line":98,"column":0},"end":{"line":98,"column":16}},"98":{"start":{"line":99,"column":0},"end":{"line":99,"column":41}},"99":{"start":{"line":100,"column":0},"end":{"line":100,"column":33}},"100":{"start":{"line":101,"column":0},"end":{"line":101,"column":34}},"101":{"start":{"line":102,"column":0},"end":{"line":102,"column":1}},"102":{"start":{"line":103,"column":0},"end":{"line":103,"column":0}},"103":{"start":{"line":104,"column":0},"end":{"line":104,"column":18}},"104":{"start":{"line":105,"column":0},"end":{"line":105,"column":18}},"105":{"start":{"line":106,"column":0},"end":{"line":106,"column":36}},"106":{"start":{"line":107,"column":0},"end":{"line":107,"column":1}},"107":{"start":{"line":108,"column":0},"end":{"line":108,"column":0}},"108":{"start":{"line":109,"column":0},"end":{"line":109,"column":14}},"109":{"start":{"line":110,"column":0},"end":{"line":110,"column":21}},"110":{"start":{"line":111,"column":0},"end":{"line":111,"column":35}},"111":{"start":{"line":112,"column":0},"end":{"line":112,"column":35}},"112":{"start":{"line":113,"column":0},"end":{"line":113,"column":37}},"113":{"start":{"line":114,"column":0},"end":{"line":114,"column":1}},"114":{"start":{"line":115,"column":0},"end":{"line":115,"column":0}},"115":{"start":{"line":116,"column":0},"end":{"line":116,"column":40}},"116":{"start":{"line":117,"column":0},"end":{"line":117,"column":26}},"117":{"start":{"line":118,"column":0},"end":{"line":118,"column":30}},"118":{"start":{"line":119,"column":0},"end":{"line":119,"column":37}},"119":{"start":{"line":120,"column":0},"end":{"line":120,"column":1}},"120":{"start":{"line":121,"column":0},"end":{"line":121,"column":0}},"121":{"start":{"line":122,"column":0},"end":{"line":122,"column":23}},"122":{"start":{"line":123,"column":0},"end":{"line":123,"column":37}},"123":{"start":{"line":124,"column":0},"end":{"line":124,"column":35}},"124":{"start":{"line":125,"column":0},"end":{"line":125,"column":39}},"125":{"start":{"line":126,"column":0},"end":{"line":126,"column":1}},"126":{"start":{"line":127,"column":0},"end":{"line":127,"column":0}},"127":{"start":{"line":128,"column":0},"end":{"line":128,"column":42}},"128":{"start":{"line":129,"column":0},"end":{"line":129,"column":26}},"129":{"start":{"line":130,"column":0},"end":{"line":130,"column":32}},"130":{"start":{"line":131,"column":0},"end":{"line":131,"column":39}},"131":{"start":{"line":132,"column":0},"end":{"line":132,"column":1}},"132":{"start":{"line":133,"column":0},"end":{"line":133,"column":0}},"133":{"start":{"line":134,"column":0},"end":{"line":134,"column":21}},"134":{"start":{"line":135,"column":0},"end":{"line":135,"column":35}},"135":{"start":{"line":136,"column":0},"end":{"line":136,"column":35}},"136":{"start":{"line":137,"column":0},"end":{"line":137,"column":37}},"137":{"start":{"line":138,"column":0},"end":{"line":138,"column":1}},"138":{"start":{"line":139,"column":0},"end":{"line":139,"column":0}},"139":{"start":{"line":140,"column":0},"end":{"line":140,"column":40}},"140":{"start":{"line":141,"column":0},"end":{"line":141,"column":26}},"141":{"start":{"line":142,"column":0},"end":{"line":142,"column":30}},"142":{"start":{"line":143,"column":0},"end":{"line":143,"column":37}},"143":{"start":{"line":144,"column":0},"end":{"line":144,"column":1}},"144":{"start":{"line":145,"column":0},"end":{"line":145,"column":0}},"145":{"start":{"line":146,"column":0},"end":{"line":146,"column":20}},"146":{"start":{"line":147,"column":0},"end":{"line":147,"column":34}},"147":{"start":{"line":148,"column":0},"end":{"line":148,"column":35}},"148":{"start":{"line":149,"column":0},"end":{"line":149,"column":36}},"149":{"start":{"line":150,"column":0},"end":{"line":150,"column":1}},"150":{"start":{"line":151,"column":0},"end":{"line":151,"column":0}},"151":{"start":{"line":152,"column":0},"end":{"line":152,"column":39}},"152":{"start":{"line":153,"column":0},"end":{"line":153,"column":26}},"153":{"start":{"line":154,"column":0},"end":{"line":154,"column":29}},"154":{"start":{"line":155,"column":0},"end":{"line":155,"column":36}},"155":{"start":{"line":156,"column":0},"end":{"line":156,"column":1}},"156":{"start":{"line":157,"column":0},"end":{"line":157,"column":0}},"157":{"start":{"line":158,"column":0},"end":{"line":158,"column":21}},"158":{"start":{"line":159,"column":0},"end":{"line":159,"column":35}},"159":{"start":{"line":160,"column":0},"end":{"line":160,"column":35}},"160":{"start":{"line":161,"column":0},"end":{"line":161,"column":37}},"161":{"start":{"line":162,"column":0},"end":{"line":162,"column":1}},"162":{"start":{"line":163,"column":0},"end":{"line":163,"column":0}},"163":{"start":{"line":164,"column":0},"end":{"line":164,"column":40}},"164":{"start":{"line":165,"column":0},"end":{"line":165,"column":26}},"165":{"start":{"line":166,"column":0},"end":{"line":166,"column":30}},"166":{"start":{"line":167,"column":0},"end":{"line":167,"column":37}},"167":{"start":{"line":168,"column":0},"end":{"line":168,"column":1}},"168":{"start":{"line":169,"column":0},"end":{"line":169,"column":0}},"169":{"start":{"line":170,"column":0},"end":{"line":170,"column":18}},"170":{"start":{"line":171,"column":0},"end":{"line":171,"column":41}},"171":{"start":{"line":172,"column":0},"end":{"line":172,"column":35}},"172":{"start":{"line":173,"column":0},"end":{"line":173,"column":37}},"173":{"start":{"line":174,"column":0},"end":{"line":174,"column":1}},"174":{"start":{"line":175,"column":0},"end":{"line":175,"column":0}},"175":{"start":{"line":176,"column":0},"end":{"line":176,"column":37}},"176":{"start":{"line":177,"column":0},"end":{"line":177,"column":26}},"177":{"start":{"line":178,"column":0},"end":{"line":178,"column":30}},"178":{"start":{"line":179,"column":0},"end":{"line":179,"column":37}},"179":{"start":{"line":180,"column":0},"end":{"line":180,"column":1}},"180":{"start":{"line":181,"column":0},"end":{"line":181,"column":0}},"181":{"start":{"line":182,"column":0},"end":{"line":182,"column":21}},"182":{"start":{"line":183,"column":0},"end":{"line":183,"column":39}},"183":{"start":{"line":184,"column":0},"end":{"line":184,"column":37}},"184":{"start":{"line":185,"column":0},"end":{"line":185,"column":36}},"185":{"start":{"line":186,"column":0},"end":{"line":186,"column":1}},"186":{"start":{"line":187,"column":0},"end":{"line":187,"column":0}},"187":{"start":{"line":188,"column":0},"end":{"line":188,"column":40}},"188":{"start":{"line":189,"column":0},"end":{"line":189,"column":26}},"189":{"start":{"line":190,"column":0},"end":{"line":190,"column":37}},"190":{"start":{"line":191,"column":0},"end":{"line":191,"column":36}},"191":{"start":{"line":192,"column":0},"end":{"line":192,"column":1}},"192":{"start":{"line":193,"column":0},"end":{"line":193,"column":0}},"193":{"start":{"line":194,"column":0},"end":{"line":194,"column":21}},"194":{"start":{"line":195,"column":0},"end":{"line":195,"column":23}},"195":{"start":{"line":196,"column":0},"end":{"line":196,"column":18}},"196":{"start":{"line":197,"column":0},"end":{"line":197,"column":1}},"197":{"start":{"line":198,"column":0},"end":{"line":198,"column":0}},"198":{"start":{"line":199,"column":0},"end":{"line":199,"column":54}},"199":{"start":{"line":200,"column":0},"end":{"line":200,"column":15}},"200":{"start":{"line":201,"column":0},"end":{"line":201,"column":30}},"201":{"start":{"line":202,"column":0},"end":{"line":202,"column":1}},"202":{"start":{"line":203,"column":0},"end":{"line":203,"column":0}},"203":{"start":{"line":204,"column":0},"end":{"line":204,"column":48}},"204":{"start":{"line":205,"column":0},"end":{"line":205,"column":27}},"205":{"start":{"line":206,"column":0},"end":{"line":206,"column":30}},"206":{"start":{"line":207,"column":0},"end":{"line":207,"column":1}},"207":{"start":{"line":208,"column":0},"end":{"line":208,"column":0}},"208":{"start":{"line":209,"column":0},"end":{"line":209,"column":18}},"209":{"start":{"line":210,"column":0},"end":{"line":210,"column":14}},"210":{"start":{"line":211,"column":0},"end":{"line":211,"column":16}},"211":{"start":{"line":212,"column":0},"end":{"line":212,"column":22}},"212":{"start":{"line":213,"column":0},"end":{"line":213,"column":19}},"213":{"start":{"line":214,"column":0},"end":{"line":214,"column":1}},"214":{"start":{"line":215,"column":0},"end":{"line":215,"column":0}},"215":{"start":{"line":216,"column":0},"end":{"line":216,"column":20}},"216":{"start":{"line":217,"column":0},"end":{"line":217,"column":31}},"217":{"start":{"line":218,"column":0},"end":{"line":218,"column":1}},"218":{"start":{"line":219,"column":0},"end":{"line":219,"column":0}},"219":{"start":{"line":220,"column":0},"end":{"line":220,"column":21}},"220":{"start":{"line":221,"column":0},"end":{"line":221,"column":30}},"221":{"start":{"line":222,"column":0},"end":{"line":222,"column":1}},"222":{"start":{"line":223,"column":0},"end":{"line":223,"column":0}},"223":{"start":{"line":224,"column":0},"end":{"line":224,"column":43}},"224":{"start":{"line":225,"column":0},"end":{"line":225,"column":23}},"225":{"start":{"line":226,"column":0},"end":{"line":226,"column":26}},"226":{"start":{"line":227,"column":0},"end":{"line":227,"column":1}},"227":{"start":{"line":228,"column":0},"end":{"line":228,"column":0}},"228":{"start":{"line":229,"column":0},"end":{"line":229,"column":37}},"229":{"start":{"line":230,"column":0},"end":{"line":230,"column":19}},"230":{"start":{"line":231,"column":0},"end":{"line":231,"column":1}},"231":{"start":{"line":232,"column":0},"end":{"line":232,"column":0}},"232":{"start":{"line":233,"column":0},"end":{"line":233,"column":37}},"233":{"start":{"line":234,"column":0},"end":{"line":234,"column":26}},"234":{"start":{"line":235,"column":0},"end":{"line":235,"column":1}},"235":{"start":{"line":236,"column":0},"end":{"line":236,"column":0}},"236":{"start":{"line":237,"column":0},"end":{"line":237,"column":37}},"237":{"start":{"line":238,"column":0},"end":{"line":238,"column":26}},"238":{"start":{"line":239,"column":0},"end":{"line":239,"column":1}},"239":{"start":{"line":240,"column":0},"end":{"line":240,"column":0}},"240":{"start":{"line":241,"column":0},"end":{"line":241,"column":37}},"241":{"start":{"line":242,"column":0},"end":{"line":242,"column":26}},"242":{"start":{"line":243,"column":0},"end":{"line":243,"column":1}},"243":{"start":{"line":244,"column":0},"end":{"line":244,"column":0}},"244":{"start":{"line":245,"column":0},"end":{"line":245,"column":24}},"245":{"start":{"line":246,"column":0},"end":{"line":246,"column":27}},"246":{"start":{"line":247,"column":0},"end":{"line":247,"column":17}},"247":{"start":{"line":248,"column":0},"end":{"line":248,"column":18}},"248":{"start":{"line":249,"column":0},"end":{"line":249,"column":24}},"249":{"start":{"line":250,"column":0},"end":{"line":250,"column":32}},"250":{"start":{"line":251,"column":0},"end":{"line":251,"column":3}},"251":{"start":{"line":252,"column":0},"end":{"line":252,"column":1}},"252":{"start":{"line":253,"column":0},"end":{"line":253,"column":8}}},"s":{"0":0,"1":0,"2":0,"3":0,"4":0,"5":0,"6":0,"7":0,"8":0,"9":0,"10":0,"11":0,"12":0,"13":0,"14":0,"15":0,"16":0,"17":0,"18":0,"19":0,"20":0,"21":0,"22":0,"23":0,"24":0,"25":0,"26":0,"27":0,"28":0,"29":0,"30":0,"31":0,"32":0,"33":0,"34":0,"35":0,"36":0,"37":0,"38":0,"39":0,"40":0,"41":0,"42":0,"43":0,"44":0,"45":0,"46":0,"47":0,"48":0,"49":0,"50":0,"51":0,"52":0,"53":0,"54":0,"55":0,"56":0,"57":0,"58":0,"59":0,"60":0,"61":0,"62":0,"63":0,"64":0,"65":0,"66":0,"67":0,"68":0,"69":0,"70":0,"71":0,"72":0,"73":0,"74":0,"75":0,"76":0,"77":0,"78":0,"79":0,"80":0,"81":0,"82":0,"83":0,"84":0,"85":0,"86":0,"87":0,"88":0,"89":0,"90":0,"91":0,"92":0,"93":0,"94":0,"95":0,"96":0,"97":0,"98":0,"99":0,"100":0,"101":0,"102":0,"103":0,"104":0,"105":0,"106":0,"107":0,"108":0,"109":0,"110":0,"111":0,"112":0,"113":0,"114":0,"115":0,"116":0,"117":0,"118":0,"119":0,"120":0,"121":0,"122":0,"123":0,"124":0,"125":0,"126":0,"127":0,"128":0,"129":0,"130":0,"131":0,"132":0,"133":0,"134":0,"135":0,"136":0,"137":0,"138":0,"139":0,"140":0,"141":0,"142":0,"143":0,"144":0,"145":0,"146":0,"147":0,"148":0,"149":0,"150":0,"151":0,"152":0,"153":0,"154":0,"155":0,"156":0,"157":0,"158":0,"159":0,"160":0,"161":0,"162":0,"163":0,"164":0,"165":0,"166":0,"167":0,"168":0,"169":0,"170":0,"171":0,"172":0,"173":0,"174":0,"175":0,"176":0,"177":0,"178":0,"179":0,"180":0,"181":0,"182":0,"183":0,"184":0,"185":0,"186":0,"187":0,"188":0,"189":0,"190":0,"191":0,"192":0,"193":0,"194":0,"195":0,"196":0,"197":0,"198":0,"199":0,"200":0,"201":0,"202":0,"203":0,"204":0,"205":0,"206":0,"207":0,"208":0,"209":0,"210":0,"211":0,"212":0,"213":0,"214":0,"215":0,"216":0,"217":0,"218":0,"219":0,"220":0,"221":0,"222":0,"223":0,"224":0,"225":0,"226":0,"227":0,"228":0,"229":0,"230":0,"231":0,"232":0,"233":0,"234":0,"235":0,"236":0,"237":0,"238":0,"239":0,"240":0,"241":0,"242":0,"243":0,"244":0,"245":0,"246":0,"247":0,"248":0,"249":0,"250":0,"251":0,"252":0},"branchMap":{"0":{"type":"branch","line":1,"loc":{"start":{"line":1,"column":0},"end":{"line":253,"column":8}},"locations":[{"start":{"line":1,"column":0},"end":{"line":253,"column":8}}]}},"b":{"0":[0]},"fnMap":{"0":{"name":"(empty-report)","decl":{"start":{"line":1,"column":0},"end":{"line":253,"column":8}},"loc":{"start":{"line":1,"column":0},"end":{"line":253,"column":8}},"line":1}},"f":{"0":0}}
,"/home/labadmin/projects/droid-spring/frontend/app/components/common/AppButton.vue": {"path":"/home/labadmin/projects/droid-spring/frontend/app/components/common/AppButton.vue","all":true,"statementMap":{"0":{"start":{"line":1,"column":0},"end":{"line":1,"column":10}},"1":{"start":{"line":2,"column":0},"end":{"line":2,"column":12}},"2":{"start":{"line":3,"column":0},"end":{"line":3,"column":13}},"3":{"start":{"line":4,"column":0},"end":{"line":4,"column":47}},"4":{"start":{"line":5,"column":0},"end":{"line":5,"column":24}},"5":{"start":{"line":6,"column":0},"end":{"line":6,"column":26}},"6":{"start":{"line":7,"column":0},"end":{"line":7,"column":24}},"7":{"start":{"line":8,"column":0},"end":{"line":8,"column":3}},"8":{"start":{"line":9,"column":0},"end":{"line":9,"column":75}},"9":{"start":{"line":10,"column":0},"end":{"line":10,"column":114}},"10":{"start":{"line":11,"column":0},"end":{"line":11,"column":16}},"11":{"start":{"line":12,"column":0},"end":{"line":12,"column":11}},"12":{"start":{"line":13,"column":0},"end":{"line":13,"column":53}},"13":{"start":{"line":14,"column":0},"end":{"line":14,"column":14}},"14":{"start":{"line":15,"column":0},"end":{"line":15,"column":11}},"15":{"start":{"line":16,"column":0},"end":{"line":16,"column":91}},"16":{"start":{"line":17,"column":0},"end":{"line":17,"column":16}},"17":{"start":{"line":18,"column":0},"end":{"line":18,"column":11}},"18":{"start":{"line":19,"column":0},"end":{"line":19,"column":14}},"19":{"start":{"line":20,"column":0},"end":{"line":20,"column":11}},"20":{"start":{"line":21,"column":0},"end":{"line":21,"column":0}},"21":{"start":{"line":22,"column":0},"end":{"line":22,"column":24}},"22":{"start":{"line":23,"column":0},"end":{"line":23,"column":17}},"23":{"start":{"line":24,"column":0},"end":{"line":24,"column":80}},"24":{"start":{"line":25,"column":0},"end":{"line":25,"column":27}},"25":{"start":{"line":26,"column":0},"end":{"line":26,"column":20}},"26":{"start":{"line":27,"column":0},"end":{"line":27,"column":19}},"27":{"start":{"line":28,"column":0},"end":{"line":28,"column":38}},"28":{"start":{"line":29,"column":0},"end":{"line":29,"column":35}},"29":{"start":{"line":30,"column":0},"end":{"line":30,"column":15}},"30":{"start":{"line":31,"column":0},"end":{"line":31,"column":15}},"31":{"start":{"line":32,"column":0},"end":{"line":32,"column":33}},"32":{"start":{"line":33,"column":0},"end":{"line":33,"column":21}},"33":{"start":{"line":34,"column":0},"end":{"line":34,"column":1}},"34":{"start":{"line":35,"column":0},"end":{"line":35,"column":0}},"35":{"start":{"line":36,"column":0},"end":{"line":36,"column":50}},"36":{"start":{"line":37,"column":0},"end":{"line":37,"column":21}},"37":{"start":{"line":38,"column":0},"end":{"line":38,"column":13}},"38":{"start":{"line":39,"column":0},"end":{"line":39,"column":18}},"39":{"start":{"line":40,"column":0},"end":{"line":40,"column":17}},"40":{"start":{"line":41,"column":0},"end":{"line":41,"column":17}},"41":{"start":{"line":42,"column":0},"end":{"line":42,"column":16}},"42":{"start":{"line":43,"column":0},"end":{"line":43,"column":23}},"43":{"start":{"line":44,"column":0},"end":{"line":44,"column":18}},"44":{"start":{"line":45,"column":0},"end":{"line":45,"column":2}},"45":{"start":{"line":46,"column":0},"end":{"line":46,"column":0}},"46":{"start":{"line":47,"column":0},"end":{"line":47,"column":26}},"47":{"start":{"line":48,"column":0},"end":{"line":48,"column":28}},"48":{"start":{"line":49,"column":0},"end":{"line":49,"column":4}},"49":{"start":{"line":50,"column":0},"end":{"line":50,"column":0}},"50":{"start":{"line":51,"column":0},"end":{"line":51,"column":38}},"51":{"start":{"line":52,"column":0},"end":{"line":52,"column":10}},"52":{"start":{"line":53,"column":0},"end":{"line":53,"column":17}},"53":{"start":{"line":54,"column":0},"end":{"line":54,"column":35}},"54":{"start":{"line":55,"column":0},"end":{"line":55,"column":32}},"55":{"start":{"line":56,"column":0},"end":{"line":56,"column":5}},"56":{"start":{"line":57,"column":0},"end":{"line":57,"column":45}},"57":{"start":{"line":58,"column":0},"end":{"line":58,"column":43}},"58":{"start":{"line":59,"column":0},"end":{"line":59,"column":47}},"59":{"start":{"line":60,"column":0},"end":{"line":60,"column":5}},"60":{"start":{"line":61,"column":0},"end":{"line":61,"column":3}},"61":{"start":{"line":62,"column":0},"end":{"line":62,"column":2}},"62":{"start":{"line":63,"column":0},"end":{"line":63,"column":0}},"63":{"start":{"line":64,"column":0},"end":{"line":64,"column":44}},"64":{"start":{"line":65,"column":0},"end":{"line":65,"column":40}},"65":{"start":{"line":66,"column":0},"end":{"line":66,"column":26}},"66":{"start":{"line":67,"column":0},"end":{"line":67,"column":10}},"67":{"start":{"line":68,"column":0},"end":{"line":68,"column":3}},"68":{"start":{"line":69,"column":0},"end":{"line":69,"column":22}},"69":{"start":{"line":70,"column":0},"end":{"line":70,"column":1}},"70":{"start":{"line":71,"column":0},"end":{"line":71,"column":9}},"71":{"start":{"line":72,"column":0},"end":{"line":72,"column":0}},"72":{"start":{"line":73,"column":0},"end":{"line":73,"column":14}},"73":{"start":{"line":74,"column":0},"end":{"line":74,"column":13}},"74":{"start":{"line":75,"column":0},"end":{"line":75,"column":23}},"75":{"start":{"line":76,"column":0},"end":{"line":76,"column":22}},"76":{"start":{"line":77,"column":0},"end":{"line":77,"column":26}},"77":{"start":{"line":78,"column":0},"end":{"line":78,"column":22}},"78":{"start":{"line":79,"column":0},"end":{"line":79,"column":32}},"79":{"start":{"line":80,"column":0},"end":{"line":80,"column":34}},"80":{"start":{"line":81,"column":0},"end":{"line":81,"column":39}},"81":{"start":{"line":82,"column":0},"end":{"line":82,"column":41}},"82":{"start":{"line":83,"column":0},"end":{"line":83,"column":24}},"83":{"start":{"line":84,"column":0},"end":{"line":84,"column":18}},"84":{"start":{"line":85,"column":0},"end":{"line":85,"column":66}},"85":{"start":{"line":86,"column":0},"end":{"line":86,"column":21}},"86":{"start":{"line":87,"column":0},"end":{"line":87,"column":22}},"87":{"start":{"line":88,"column":0},"end":{"line":88,"column":16}},"88":{"start":{"line":89,"column":0},"end":{"line":89,"column":20}},"89":{"start":{"line":90,"column":0},"end":{"line":90,"column":1}},"90":{"start":{"line":91,"column":0},"end":{"line":91,"column":0}},"91":{"start":{"line":92,"column":0},"end":{"line":92,"column":27}},"92":{"start":{"line":93,"column":0},"end":{"line":93,"column":42}},"93":{"start":{"line":94,"column":0},"end":{"line":94,"column":22}},"94":{"start":{"line":95,"column":0},"end":{"line":95,"column":1}},"95":{"start":{"line":96,"column":0},"end":{"line":96,"column":0}},"96":{"start":{"line":97,"column":0},"end":{"line":97,"column":14}},"97":{"start":{"line":98,"column":0},"end":{"line":98,"column":22}},"98":{"start":{"line":99,"column":0},"end":{"line":99,"column":35}},"99":{"start":{"line":100,"column":0},"end":{"line":100,"column":35}},"100":{"start":{"line":101,"column":0},"end":{"line":101,"column":37}},"101":{"start":{"line":102,"column":0},"end":{"line":102,"column":1}},"102":{"start":{"line":103,"column":0},"end":{"line":103,"column":0}},"103":{"start":{"line":104,"column":0},"end":{"line":104,"column":81}},"104":{"start":{"line":105,"column":0},"end":{"line":105,"column":41}},"105":{"start":{"line":106,"column":0},"end":{"line":106,"column":43}},"106":{"start":{"line":107,"column":0},"end":{"line":107,"column":30}},"107":{"start":{"line":108,"column":0},"end":{"line":108,"column":1}},"108":{"start":{"line":109,"column":0},"end":{"line":109,"column":0}},"109":{"start":{"line":110,"column":0},"end":{"line":110,"column":24}},"110":{"start":{"line":111,"column":0},"end":{"line":111,"column":35}},"111":{"start":{"line":112,"column":0},"end":{"line":112,"column":35}},"112":{"start":{"line":113,"column":0},"end":{"line":113,"column":36}},"113":{"start":{"line":114,"column":0},"end":{"line":114,"column":1}},"114":{"start":{"line":115,"column":0},"end":{"line":115,"column":0}},"115":{"start":{"line":116,"column":0},"end":{"line":116,"column":83}},"116":{"start":{"line":117,"column":0},"end":{"line":117,"column":39}},"117":{"start":{"line":118,"column":0},"end":{"line":118,"column":42}},"118":{"start":{"line":119,"column":0},"end":{"line":119,"column":30}},"119":{"start":{"line":120,"column":0},"end":{"line":120,"column":1}},"120":{"start":{"line":121,"column":0},"end":{"line":121,"column":0}},"121":{"start":{"line":122,"column":0},"end":{"line":122,"column":22}},"122":{"start":{"line":123,"column":0},"end":{"line":123,"column":35}},"123":{"start":{"line":124,"column":0},"end":{"line":124,"column":35}},"124":{"start":{"line":125,"column":0},"end":{"line":125,"column":37}},"125":{"start":{"line":126,"column":0},"end":{"line":126,"column":1}},"126":{"start":{"line":127,"column":0},"end":{"line":127,"column":0}},"127":{"start":{"line":128,"column":0},"end":{"line":128,"column":81}},"128":{"start":{"line":129,"column":0},"end":{"line":129,"column":41}},"129":{"start":{"line":130,"column":0},"end":{"line":130,"column":43}},"130":{"start":{"line":131,"column":0},"end":{"line":131,"column":30}},"131":{"start":{"line":132,"column":0},"end":{"line":132,"column":1}},"132":{"start":{"line":133,"column":0},"end":{"line":133,"column":0}},"133":{"start":{"line":134,"column":0},"end":{"line":134,"column":21}},"134":{"start":{"line":135,"column":0},"end":{"line":135,"column":34}},"135":{"start":{"line":136,"column":0},"end":{"line":136,"column":35}},"136":{"start":{"line":137,"column":0},"end":{"line":137,"column":36}},"137":{"start":{"line":138,"column":0},"end":{"line":138,"column":1}},"138":{"start":{"line":139,"column":0},"end":{"line":139,"column":0}},"139":{"start":{"line":140,"column":0},"end":{"line":140,"column":80}},"140":{"start":{"line":141,"column":0},"end":{"line":141,"column":40}},"141":{"start":{"line":142,"column":0},"end":{"line":142,"column":42}},"142":{"start":{"line":143,"column":0},"end":{"line":143,"column":30}},"143":{"start":{"line":144,"column":0},"end":{"line":144,"column":1}},"144":{"start":{"line":145,"column":0},"end":{"line":145,"column":0}},"145":{"start":{"line":146,"column":0},"end":{"line":146,"column":22}},"146":{"start":{"line":147,"column":0},"end":{"line":147,"column":35}},"147":{"start":{"line":148,"column":0},"end":{"line":148,"column":35}},"148":{"start":{"line":149,"column":0},"end":{"line":149,"column":37}},"149":{"start":{"line":150,"column":0},"end":{"line":150,"column":1}},"150":{"start":{"line":151,"column":0},"end":{"line":151,"column":0}},"151":{"start":{"line":152,"column":0},"end":{"line":152,"column":81}},"152":{"start":{"line":153,"column":0},"end":{"line":153,"column":41}},"153":{"start":{"line":154,"column":0},"end":{"line":154,"column":43}},"154":{"start":{"line":155,"column":0},"end":{"line":155,"column":30}},"155":{"start":{"line":156,"column":0},"end":{"line":156,"column":1}},"156":{"start":{"line":157,"column":0},"end":{"line":157,"column":0}},"157":{"start":{"line":158,"column":0},"end":{"line":158,"column":20}},"158":{"start":{"line":159,"column":0},"end":{"line":159,"column":26}},"159":{"start":{"line":160,"column":0},"end":{"line":160,"column":37}},"160":{"start":{"line":161,"column":0},"end":{"line":161,"column":28}},"161":{"start":{"line":162,"column":0},"end":{"line":162,"column":1}},"162":{"start":{"line":163,"column":0},"end":{"line":163,"column":0}},"163":{"start":{"line":164,"column":0},"end":{"line":164,"column":79}},"164":{"start":{"line":165,"column":0},"end":{"line":165,"column":39}},"165":{"start":{"line":166,"column":0},"end":{"line":166,"column":35}},"166":{"start":{"line":167,"column":0},"end":{"line":167,"column":1}},"167":{"start":{"line":168,"column":0},"end":{"line":168,"column":0}},"168":{"start":{"line":169,"column":0},"end":{"line":169,"column":11}},"169":{"start":{"line":170,"column":0},"end":{"line":170,"column":17}},"170":{"start":{"line":171,"column":0},"end":{"line":171,"column":25}},"171":{"start":{"line":172,"column":0},"end":{"line":172,"column":28}},"172":{"start":{"line":173,"column":0},"end":{"line":173,"column":33}},"173":{"start":{"line":174,"column":0},"end":{"line":174,"column":1}},"174":{"start":{"line":175,"column":0},"end":{"line":175,"column":0}},"175":{"start":{"line":176,"column":0},"end":{"line":176,"column":17}},"176":{"start":{"line":177,"column":0},"end":{"line":177,"column":31}},"177":{"start":{"line":178,"column":0},"end":{"line":178,"column":28}},"178":{"start":{"line":179,"column":0},"end":{"line":179,"column":35}},"179":{"start":{"line":180,"column":0},"end":{"line":180,"column":1}},"180":{"start":{"line":181,"column":0},"end":{"line":181,"column":0}},"181":{"start":{"line":182,"column":0},"end":{"line":182,"column":17}},"182":{"start":{"line":183,"column":0},"end":{"line":183,"column":26}},"183":{"start":{"line":184,"column":0},"end":{"line":184,"column":28}},"184":{"start":{"line":185,"column":0},"end":{"line":185,"column":33}},"185":{"start":{"line":186,"column":0},"end":{"line":186,"column":1}},"186":{"start":{"line":187,"column":0},"end":{"line":187,"column":0}},"187":{"start":{"line":188,"column":0},"end":{"line":188,"column":12}},"188":{"start":{"line":189,"column":0},"end":{"line":189,"column":22}},"189":{"start":{"line":190,"column":0},"end":{"line":190,"column":22}},"190":{"start":{"line":191,"column":0},"end":{"line":191,"column":15}},"191":{"start":{"line":192,"column":0},"end":{"line":192,"column":22}},"192":{"start":{"line":193,"column":0},"end":{"line":193,"column":29}},"193":{"start":{"line":194,"column":0},"end":{"line":194,"column":1}},"194":{"start":{"line":195,"column":0},"end":{"line":195,"column":0}},"195":{"start":{"line":196,"column":0},"end":{"line":196,"column":28}},"196":{"start":{"line":197,"column":0},"end":{"line":197,"column":28}},"197":{"start":{"line":198,"column":0},"end":{"line":198,"column":29}},"198":{"start":{"line":199,"column":0},"end":{"line":199,"column":1}},"199":{"start":{"line":200,"column":0},"end":{"line":200,"column":0}},"200":{"start":{"line":201,"column":0},"end":{"line":201,"column":16}},"201":{"start":{"line":202,"column":0},"end":{"line":202,"column":25}},"202":{"start":{"line":203,"column":0},"end":{"line":203,"column":14}},"203":{"start":{"line":204,"column":0},"end":{"line":204,"column":1}},"204":{"start":{"line":205,"column":0},"end":{"line":205,"column":0}},"205":{"start":{"line":206,"column":0},"end":{"line":206,"column":17}},"206":{"start":{"line":207,"column":0},"end":{"line":207,"column":15}},"207":{"start":{"line":208,"column":0},"end":{"line":208,"column":16}},"208":{"start":{"line":209,"column":0},"end":{"line":209,"column":22}},"209":{"start":{"line":210,"column":0},"end":{"line":210,"column":19}},"210":{"start":{"line":211,"column":0},"end":{"line":211,"column":1}},"211":{"start":{"line":212,"column":0},"end":{"line":212,"column":0}},"212":{"start":{"line":213,"column":0},"end":{"line":213,"column":21}},"213":{"start":{"line":214,"column":0},"end":{"line":214,"column":31}},"214":{"start":{"line":215,"column":0},"end":{"line":215,"column":1}},"215":{"start":{"line":216,"column":0},"end":{"line":216,"column":0}},"216":{"start":{"line":217,"column":0},"end":{"line":217,"column":22}},"217":{"start":{"line":218,"column":0},"end":{"line":218,"column":30}},"218":{"start":{"line":219,"column":0},"end":{"line":219,"column":1}},"219":{"start":{"line":220,"column":0},"end":{"line":220,"column":0}},"220":{"start":{"line":221,"column":0},"end":{"line":221,"column":21}},"221":{"start":{"line":222,"column":0},"end":{"line":222,"column":18}},"222":{"start":{"line":223,"column":0},"end":{"line":223,"column":14}},"223":{"start":{"line":224,"column":0},"end":{"line":224,"column":15}},"224":{"start":{"line":225,"column":0},"end":{"line":225,"column":32}},"225":{"start":{"line":226,"column":0},"end":{"line":226,"column":37}},"226":{"start":{"line":227,"column":0},"end":{"line":227,"column":21}},"227":{"start":{"line":228,"column":0},"end":{"line":228,"column":37}},"228":{"start":{"line":229,"column":0},"end":{"line":229,"column":1}},"229":{"start":{"line":230,"column":0},"end":{"line":230,"column":0}},"230":{"start":{"line":231,"column":0},"end":{"line":231,"column":17}},"231":{"start":{"line":232,"column":0},"end":{"line":232,"column":6}},"232":{"start":{"line":233,"column":0},"end":{"line":233,"column":30}},"233":{"start":{"line":234,"column":0},"end":{"line":234,"column":3}},"234":{"start":{"line":235,"column":0},"end":{"line":235,"column":1}},"235":{"start":{"line":236,"column":0},"end":{"line":236,"column":0}},"236":{"start":{"line":237,"column":0},"end":{"line":237,"column":24}},"237":{"start":{"line":238,"column":0},"end":{"line":238,"column":27}},"238":{"start":{"line":239,"column":0},"end":{"line":239,"column":19}},"239":{"start":{"line":240,"column":0},"end":{"line":240,"column":27}},"240":{"start":{"line":241,"column":0},"end":{"line":241,"column":3}},"241":{"start":{"line":242,"column":0},"end":{"line":242,"column":2}},"242":{"start":{"line":243,"column":0},"end":{"line":243,"column":19}},"243":{"start":{"line":244,"column":0},"end":{"line":244,"column":28}},"244":{"start":{"line":245,"column":0},"end":{"line":245,"column":3}},"245":{"start":{"line":246,"column":0},"end":{"line":246,"column":2}},"246":{"start":{"line":247,"column":0},"end":{"line":247,"column":19}},"247":{"start":{"line":248,"column":0},"end":{"line":248,"column":28}},"248":{"start":{"line":249,"column":0},"end":{"line":249,"column":3}},"249":{"start":{"line":250,"column":0},"end":{"line":250,"column":1}},"250":{"start":{"line":251,"column":0},"end":{"line":251,"column":8}}},"s":{"0":0,"1":0,"2":0,"3":0,"4":0,"5":0,"6":0,"7":0,"8":0,"9":0,"10":0,"11":0,"12":0,"13":0,"14":0,"15":0,"16":0,"17":0,"18":0,"19":0,"20":0,"21":0,"22":0,"23":0,"24":0,"25":0,"26":0,"27":0,"28":0,"29":0,"30":0,"31":0,"32":0,"33":0,"34":0,"35":0,"36":0,"37":0,"38":0,"39":0,"40":0,"41":0,"42":0,"43":0,"44":0,"45":0,"46":0,"47":0,"48":0,"49":0,"50":0,"51":0,"52":0,"53":0,"54":0,"55":0,"56":0,"57":0,"58":0,"59":0,"60":0,"61":0,"62":0,"63":0,"64":0,"65":0,"66":0,"67":0,"68":0,"69":0,"70":0,"71":0,"72":0,"73":0,"74":0,"75":0,"76":0,"77":0,"78":0,"79":0,"80":0,"81":0,"82":0,"83":0,"84":0,"85":0,"86":0,"87":0,"88":0,"89":0,"90":0,"91":0,"92":0,"93":0,"94":0,"95":0,"96":0,"97":0,"98":0,"99":0,"100":0,"101":0,"102":0,"103":0,"104":0,"105":0,"106":0,"107":0,"108":0,"109":0,"110":0,"111":0,"112":0,"113":0,"114":0,"115":0,"116":0,"117":0,"118":0,"119":0,"120":0,"121":0,"122":0,"123":0,"124":0,"125":0,"126":0,"127":0,"128":0,"129":0,"130":0,"131":0,"132":0,"133":0,"134":0,"135":0,"136":0,"137":0,"138":0,"139":0,"140":0,"141":0,"142":0,"143":0,"144":0,"145":0,"146":0,"147":0,"148":0,"149":0,"150":0,"151":0,"152":0,"153":0,"154":0,"155":0,"156":0,"157":0,"158":0,"159":0,"160":0,"161":0,"162":0,"163":0,"164":0,"165":0,"166":0,"167":0,"168":0,"169":0,"170":0,"171":0,"172":0,"173":0,"174":0,"175":0,"176":0,"177":0,"178":0,"179":0,"180":0,"181":0,"182":0,"183":0,"184":0,"185":0,"186":0,"187":0,"188":0,"189":0,"190":0,"191":0,"192":0,"193":0,"194":0,"195":0,"196":0,"197":0,"198":0,"199":0,"200":0,"201":0,"202":0,"203":0,"204":0,"205":0,"206":0,"207":0,"208":0,"209":0,"210":0,"211":0,"212":0,"213":0,"214":0,"215":0,"216":0,"217":0,"218":0,"219":0,"220":0,"221":0,"222":0,"223":0,"224":0,"225":0,"226":0,"227":0,"228":0,"229":0,"230":0,"231":0,"232":0,"233":0,"234":0,"235":0,"236":0,"237":0,"238":0,"239":0,"240":0,"241":0,"242":0,"243":0,"244":0,"245":0,"246":0,"247":0,"248":0,"249":0,"250":0},"branchMap":{"0":{"type":"branch","line":1,"loc":{"start":{"line":1,"column":0},"end":{"line":251,"column":8}},"locations":[{"start":{"line":1,"column":0},"end":{"line":251,"column":8}}]}},"b":{"0":[0]},"fnMap":{"0":{"name":"(empty-report)","decl":{"start":{"line":1,"column":0},"end":{"line":251,"column":8}},"loc":{"start":{"line":1,"column":0},"end":{"line":251,"column":8}},"line":1}},"f":{"0":0}}
,"/home/labadmin/projects/droid-spring/frontend/app/components/common/AppInput.vue": {"path":"/home/labadmin/projects/droid-spring/frontend/app/components/common/AppInput.vue","all":true,"statementMap":{"0":{"start":{"line":1,"column":0},"end":{"line":1,"column":10}},"1":{"start":{"line":2,"column":0},"end":{"line":2,"column":56}},"2":{"start":{"line":3,"column":0},"end":{"line":3,"column":64}},"3":{"start":{"line":4,"column":0},"end":{"line":4,"column":17}},"4":{"start":{"line":5,"column":0},"end":{"line":5,"column":86}},"5":{"start":{"line":6,"column":0},"end":{"line":6,"column":12}},"6":{"start":{"line":7,"column":0},"end":{"line":7,"column":4}},"7":{"start":{"line":8,"column":0},"end":{"line":8,"column":42}},"8":{"start":{"line":9,"column":0},"end":{"line":9,"column":110}},"9":{"start":{"line":10,"column":0},"end":{"line":10,"column":18}},"10":{"start":{"line":11,"column":0},"end":{"line":11,"column":13}},"11":{"start":{"line":12,"column":0},"end":{"line":12,"column":6}},"12":{"start":{"line":13,"column":0},"end":{"line":13,"column":12}},"13":{"start":{"line":14,"column":0},"end":{"line":14,"column":21}},"14":{"start":{"line":15,"column":0},"end":{"line":15,"column":22}},"15":{"start":{"line":16,"column":0},"end":{"line":16,"column":28}},"16":{"start":{"line":17,"column":0},"end":{"line":17,"column":20}},"17":{"start":{"line":18,"column":0},"end":{"line":18,"column":34}},"18":{"start":{"line":19,"column":0},"end":{"line":19,"column":28}},"19":{"start":{"line":20,"column":0},"end":{"line":20,"column":28}},"20":{"start":{"line":21,"column":0},"end":{"line":21,"column":28}},"21":{"start":{"line":22,"column":0},"end":{"line":22,"column":18}},"22":{"start":{"line":23,"column":0},"end":{"line":23,"column":18}},"23":{"start":{"line":24,"column":0},"end":{"line":24,"column":20}},"24":{"start":{"line":25,"column":0},"end":{"line":25,"column":36}},"25":{"start":{"line":26,"column":0},"end":{"line":26,"column":29}},"26":{"start":{"line":27,"column":0},"end":{"line":27,"column":28}},"27":{"start":{"line":28,"column":0},"end":{"line":28,"column":26}},"28":{"start":{"line":29,"column":0},"end":{"line":29,"column":28}},"29":{"start":{"line":30,"column":0},"end":{"line":30,"column":30}},"30":{"start":{"line":31,"column":0},"end":{"line":31,"column":32}},"31":{"start":{"line":32,"column":0},"end":{"line":32,"column":8}},"32":{"start":{"line":33,"column":0},"end":{"line":33,"column":6}},"33":{"start":{"line":34,"column":0},"end":{"line":34,"column":13}},"34":{"start":{"line":35,"column":0},"end":{"line":35,"column":51}},"35":{"start":{"line":36,"column":0},"end":{"line":36,"column":21}},"36":{"start":{"line":37,"column":0},"end":{"line":37,"column":32}},"37":{"start":{"line":38,"column":0},"end":{"line":38,"column":27}},"38":{"start":{"line":39,"column":0},"end":{"line":39,"column":32}},"39":{"start":{"line":40,"column":0},"end":{"line":40,"column":7}},"40":{"start":{"line":41,"column":0},"end":{"line":41,"column":9}},"41":{"start":{"line":42,"column":0},"end":{"line":42,"column":15}},"42":{"start":{"line":43,"column":0},"end":{"line":43,"column":10}},"43":{"start":{"line":44,"column":0},"end":{"line":44,"column":4}},"44":{"start":{"line":45,"column":0},"end":{"line":45,"column":65}},"45":{"start":{"line":46,"column":0},"end":{"line":46,"column":24}},"46":{"start":{"line":47,"column":0},"end":{"line":47,"column":8}},"47":{"start":{"line":48,"column":0},"end":{"line":48,"column":4}},"48":{"start":{"line":49,"column":0},"end":{"line":49,"column":48}},"49":{"start":{"line":50,"column":0},"end":{"line":50,"column":16}},"50":{"start":{"line":51,"column":0},"end":{"line":51,"column":8}},"51":{"start":{"line":52,"column":0},"end":{"line":52,"column":8}},"52":{"start":{"line":53,"column":0},"end":{"line":53,"column":11}},"53":{"start":{"line":54,"column":0},"end":{"line":54,"column":0}},"54":{"start":{"line":55,"column":0},"end":{"line":55,"column":24}},"55":{"start":{"line":56,"column":0},"end":{"line":56,"column":17}},"56":{"start":{"line":57,"column":0},"end":{"line":57,"column":30}},"57":{"start":{"line":58,"column":0},"end":{"line":58,"column":76}},"58":{"start":{"line":59,"column":0},"end":{"line":59,"column":16}},"59":{"start":{"line":60,"column":0},"end":{"line":60,"column":22}},"60":{"start":{"line":61,"column":0},"end":{"line":61,"column":15}},"61":{"start":{"line":62,"column":0},"end":{"line":62,"column":23}},"62":{"start":{"line":63,"column":0},"end":{"line":63,"column":20}},"63":{"start":{"line":64,"column":0},"end":{"line":64,"column":20}},"64":{"start":{"line":65,"column":0},"end":{"line":65,"column":20}},"65":{"start":{"line":66,"column":0},"end":{"line":66,"column":21}},"66":{"start":{"line":67,"column":0},"end":{"line":67,"column":27}},"67":{"start":{"line":68,"column":0},"end":{"line":68,"column":15}},"68":{"start":{"line":69,"column":0},"end":{"line":69,"column":33}},"69":{"start":{"line":70,"column":0},"end":{"line":70,"column":14}},"70":{"start":{"line":71,"column":0},"end":{"line":71,"column":14}},"71":{"start":{"line":72,"column":0},"end":{"line":72,"column":15}},"72":{"start":{"line":73,"column":0},"end":{"line":73,"column":23}},"73":{"start":{"line":74,"column":0},"end":{"line":74,"column":1}},"74":{"start":{"line":75,"column":0},"end":{"line":75,"column":0}},"75":{"start":{"line":76,"column":0},"end":{"line":76,"column":50}},"76":{"start":{"line":77,"column":0},"end":{"line":77,"column":15}},"77":{"start":{"line":78,"column":0},"end":{"line":78,"column":18}},"78":{"start":{"line":79,"column":0},"end":{"line":79,"column":18}},"79":{"start":{"line":80,"column":0},"end":{"line":80,"column":18}},"80":{"start":{"line":81,"column":0},"end":{"line":81,"column":19}},"81":{"start":{"line":82,"column":0},"end":{"line":82,"column":13}},"82":{"start":{"line":83,"column":0},"end":{"line":83,"column":22}},"83":{"start":{"line":84,"column":0},"end":{"line":84,"column":2}},"84":{"start":{"line":85,"column":0},"end":{"line":85,"column":0}},"85":{"start":{"line":86,"column":0},"end":{"line":86,"column":26}},"86":{"start":{"line":87,"column":0},"end":{"line":87,"column":47}},"87":{"start":{"line":88,"column":0},"end":{"line":88,"column":28}},"88":{"start":{"line":89,"column":0},"end":{"line":89,"column":27}},"89":{"start":{"line":90,"column":0},"end":{"line":90,"column":34}},"90":{"start":{"line":91,"column":0},"end":{"line":91,"column":33}},"91":{"start":{"line":92,"column":0},"end":{"line":92,"column":33}},"92":{"start":{"line":93,"column":0},"end":{"line":93,"column":4}},"93":{"start":{"line":94,"column":0},"end":{"line":94,"column":0}},"94":{"start":{"line":95,"column":0},"end":{"line":95,"column":39}},"95":{"start":{"line":96,"column":0},"end":{"line":96,"column":86}},"96":{"start":{"line":97,"column":0},"end":{"line":97,"column":0}},"97":{"start":{"line":98,"column":0},"end":{"line":98,"column":17}},"98":{"start":{"line":99,"column":0},"end":{"line":99,"column":29}},"99":{"start":{"line":100,"column":0},"end":{"line":100,"column":36}},"100":{"start":{"line":101,"column":0},"end":{"line":101,"column":67}},"101":{"start":{"line":102,"column":0},"end":{"line":102,"column":2}},"102":{"start":{"line":103,"column":0},"end":{"line":103,"column":0}},"103":{"start":{"line":104,"column":0},"end":{"line":104,"column":16}},"104":{"start":{"line":105,"column":0},"end":{"line":105,"column":40}},"105":{"start":{"line":106,"column":0},"end":{"line":106,"column":0}},"106":{"start":{"line":107,"column":0},"end":{"line":107,"column":10}},"107":{"start":{"line":108,"column":0},"end":{"line":108,"column":46}},"108":{"start":{"line":109,"column":0},"end":{"line":109,"column":25}},"109":{"start":{"line":110,"column":0},"end":{"line":110,"column":3}},"110":{"start":{"line":111,"column":0},"end":{"line":111,"column":54}},"111":{"start":{"line":112,"column":0},"end":{"line":112,"column":53}},"112":{"start":{"line":113,"column":0},"end":{"line":113,"column":53}},"113":{"start":{"line":114,"column":0},"end":{"line":114,"column":88}},"114":{"start":{"line":115,"column":0},"end":{"line":115,"column":89}},"115":{"start":{"line":116,"column":0},"end":{"line":116,"column":3}},"116":{"start":{"line":117,"column":0},"end":{"line":117,"column":2}},"117":{"start":{"line":118,"column":0},"end":{"line":118,"column":0}},"118":{"start":{"line":119,"column":0},"end":{"line":119,"column":37}},"119":{"start":{"line":120,"column":0},"end":{"line":120,"column":21}},"120":{"start":{"line":121,"column":0},"end":{"line":121,"column":36}},"121":{"start":{"line":122,"column":0},"end":{"line":122,"column":3}},"122":{"start":{"line":123,"column":0},"end":{"line":123,"column":50}},"123":{"start":{"line":124,"column":0},"end":{"line":124,"column":84}},"124":{"start":{"line":125,"column":0},"end":{"line":125,"column":85}},"125":{"start":{"line":126,"column":0},"end":{"line":126,"column":3}},"126":{"start":{"line":127,"column":0},"end":{"line":127,"column":2}},"127":{"start":{"line":128,"column":0},"end":{"line":128,"column":0}},"128":{"start":{"line":129,"column":0},"end":{"line":129,"column":17}},"129":{"start":{"line":130,"column":0},"end":{"line":130,"column":44}},"130":{"start":{"line":131,"column":0},"end":{"line":131,"column":22}},"131":{"start":{"line":132,"column":0},"end":{"line":132,"column":1}},"132":{"start":{"line":133,"column":0},"end":{"line":133,"column":0}},"133":{"start":{"line":134,"column":0},"end":{"line":134,"column":43}},"134":{"start":{"line":135,"column":0},"end":{"line":135,"column":21}},"135":{"start":{"line":136,"column":0},"end":{"line":136,"column":1}},"136":{"start":{"line":137,"column":0},"end":{"line":137,"column":0}},"137":{"start":{"line":138,"column":0},"end":{"line":138,"column":39}},"138":{"start":{"line":139,"column":0},"end":{"line":139,"column":49}},"139":{"start":{"line":140,"column":0},"end":{"line":140,"column":77}},"140":{"start":{"line":141,"column":0},"end":{"line":141,"column":34}},"141":{"start":{"line":142,"column":0},"end":{"line":142,"column":22}},"142":{"start":{"line":143,"column":0},"end":{"line":143,"column":1}},"143":{"start":{"line":144,"column":0},"end":{"line":144,"column":0}},"144":{"start":{"line":145,"column":0},"end":{"line":145,"column":40}},"145":{"start":{"line":146,"column":0},"end":{"line":146,"column":49}},"146":{"start":{"line":147,"column":0},"end":{"line":147,"column":77}},"147":{"start":{"line":148,"column":0},"end":{"line":148,"column":23}},"148":{"start":{"line":149,"column":0},"end":{"line":149,"column":1}},"149":{"start":{"line":150,"column":0},"end":{"line":150,"column":0}},"150":{"start":{"line":151,"column":0},"end":{"line":151,"column":49}},"151":{"start":{"line":152,"column":0},"end":{"line":152,"column":24}},"152":{"start":{"line":153,"column":0},"end":{"line":153,"column":1}},"153":{"start":{"line":154,"column":0},"end":{"line":154,"column":0}},"154":{"start":{"line":155,"column":0},"end":{"line":155,"column":26}},"155":{"start":{"line":156,"column":0},"end":{"line":156,"column":23}},"156":{"start":{"line":157,"column":0},"end":{"line":157,"column":31}},"157":{"start":{"line":158,"column":0},"end":{"line":158,"column":25}},"158":{"start":{"line":159,"column":0},"end":{"line":159,"column":1}},"159":{"start":{"line":160,"column":0},"end":{"line":160,"column":0}},"160":{"start":{"line":161,"column":0},"end":{"line":161,"column":17}},"161":{"start":{"line":162,"column":0},"end":{"line":162,"column":14}},"162":{"start":{"line":163,"column":0},"end":{"line":163,"column":39}},"163":{"start":{"line":164,"column":0},"end":{"line":164,"column":37}},"164":{"start":{"line":165,"column":0},"end":{"line":165,"column":40}},"165":{"start":{"line":166,"column":0},"end":{"line":166,"column":2}},"166":{"start":{"line":167,"column":0},"end":{"line":167,"column":9}},"167":{"start":{"line":168,"column":0},"end":{"line":168,"column":0}},"168":{"start":{"line":169,"column":0},"end":{"line":169,"column":14}},"169":{"start":{"line":170,"column":0},"end":{"line":170,"column":12}},"170":{"start":{"line":171,"column":0},"end":{"line":171,"column":16}},"171":{"start":{"line":172,"column":0},"end":{"line":172,"column":25}},"172":{"start":{"line":173,"column":0},"end":{"line":173,"column":22}},"173":{"start":{"line":174,"column":0},"end":{"line":174,"column":1}},"174":{"start":{"line":175,"column":0},"end":{"line":175,"column":0}},"175":{"start":{"line":176,"column":0},"end":{"line":176,"column":23}},"176":{"start":{"line":177,"column":0},"end":{"line":177,"column":21}},"177":{"start":{"line":178,"column":0},"end":{"line":178,"column":16}},"178":{"start":{"line":179,"column":0},"end":{"line":179,"column":25}},"179":{"start":{"line":180,"column":0},"end":{"line":180,"column":22}},"180":{"start":{"line":181,"column":0},"end":{"line":181,"column":1}},"181":{"start":{"line":182,"column":0},"end":{"line":182,"column":0}},"182":{"start":{"line":183,"column":0},"end":{"line":183,"column":48}},"183":{"start":{"line":184,"column":0},"end":{"line":184,"column":36}},"184":{"start":{"line":185,"column":0},"end":{"line":185,"column":49}},"185":{"start":{"line":186,"column":0},"end":{"line":186,"column":1}},"186":{"start":{"line":187,"column":0},"end":{"line":187,"column":0}},"187":{"start":{"line":188,"column":0},"end":{"line":188,"column":33}},"188":{"start":{"line":189,"column":0},"end":{"line":189,"column":15}},"189":{"start":{"line":190,"column":0},"end":{"line":190,"column":22}},"190":{"start":{"line":191,"column":0},"end":{"line":191,"column":1}},"191":{"start":{"line":192,"column":0},"end":{"line":192,"column":0}},"192":{"start":{"line":193,"column":0},"end":{"line":193,"column":19}},"193":{"start":{"line":194,"column":0},"end":{"line":194,"column":33}},"194":{"start":{"line":195,"column":0},"end":{"line":195,"column":41}},"195":{"start":{"line":196,"column":0},"end":{"line":196,"column":35}},"196":{"start":{"line":197,"column":0},"end":{"line":197,"column":16}},"197":{"start":{"line":198,"column":0},"end":{"line":198,"column":22}},"198":{"start":{"line":199,"column":0},"end":{"line":199,"column":22}},"199":{"start":{"line":200,"column":0},"end":{"line":200,"column":1}},"200":{"start":{"line":201,"column":0},"end":{"line":201,"column":0}},"201":{"start":{"line":202,"column":0},"end":{"line":202,"column":22}},"202":{"start":{"line":203,"column":0},"end":{"line":203,"column":29}},"203":{"start":{"line":204,"column":0},"end":{"line":204,"column":39}},"204":{"start":{"line":205,"column":0},"end":{"line":205,"column":1}},"205":{"start":{"line":206,"column":0},"end":{"line":206,"column":0}},"206":{"start":{"line":207,"column":0},"end":{"line":207,"column":27}},"207":{"start":{"line":208,"column":0},"end":{"line":208,"column":21}},"208":{"start":{"line":209,"column":0},"end":{"line":209,"column":16}},"209":{"start":{"line":210,"column":0},"end":{"line":210,"column":23}},"210":{"start":{"line":211,"column":0},"end":{"line":211,"column":1}},"211":{"start":{"line":212,"column":0},"end":{"line":212,"column":0}},"212":{"start":{"line":213,"column":0},"end":{"line":213,"column":18}},"213":{"start":{"line":214,"column":0},"end":{"line":214,"column":21}},"214":{"start":{"line":215,"column":0},"end":{"line":215,"column":11}},"215":{"start":{"line":216,"column":0},"end":{"line":216,"column":30}},"216":{"start":{"line":217,"column":0},"end":{"line":217,"column":33}},"217":{"start":{"line":218,"column":0},"end":{"line":218,"column":35}},"218":{"start":{"line":219,"column":0},"end":{"line":219,"column":13}},"219":{"start":{"line":220,"column":0},"end":{"line":220,"column":16}},"220":{"start":{"line":221,"column":0},"end":{"line":221,"column":22}},"221":{"start":{"line":222,"column":0},"end":{"line":222,"column":26}},"222":{"start":{"line":223,"column":0},"end":{"line":223,"column":14}},"223":{"start":{"line":224,"column":0},"end":{"line":224,"column":1}},"224":{"start":{"line":225,"column":0},"end":{"line":225,"column":0}},"225":{"start":{"line":226,"column":0},"end":{"line":226,"column":24}},"226":{"start":{"line":227,"column":0},"end":{"line":227,"column":23}},"227":{"start":{"line":228,"column":0},"end":{"line":228,"column":1}},"228":{"start":{"line":229,"column":0},"end":{"line":229,"column":0}},"229":{"start":{"line":230,"column":0},"end":{"line":230,"column":46}},"230":{"start":{"line":231,"column":0},"end":{"line":231,"column":24}},"231":{"start":{"line":232,"column":0},"end":{"line":232,"column":1}},"232":{"start":{"line":233,"column":0},"end":{"line":233,"column":0}},"233":{"start":{"line":234,"column":0},"end":{"line":234,"column":19}},"234":{"start":{"line":235,"column":0},"end":{"line":235,"column":21}},"235":{"start":{"line":236,"column":0},"end":{"line":236,"column":11}},"236":{"start":{"line":237,"column":0},"end":{"line":237,"column":24}},"237":{"start":{"line":238,"column":0},"end":{"line":238,"column":30}},"238":{"start":{"line":239,"column":0},"end":{"line":239,"column":19}},"239":{"start":{"line":240,"column":0},"end":{"line":240,"column":15}},"240":{"start":{"line":241,"column":0},"end":{"line":241,"column":33}},"241":{"start":{"line":242,"column":0},"end":{"line":242,"column":18}},"242":{"start":{"line":243,"column":0},"end":{"line":243,"column":26}},"243":{"start":{"line":244,"column":0},"end":{"line":244,"column":34}},"244":{"start":{"line":245,"column":0},"end":{"line":245,"column":66}},"245":{"start":{"line":246,"column":0},"end":{"line":246,"column":16}},"246":{"start":{"line":247,"column":0},"end":{"line":247,"column":22}},"247":{"start":{"line":248,"column":0},"end":{"line":248,"column":26}},"248":{"start":{"line":249,"column":0},"end":{"line":249,"column":14}},"249":{"start":{"line":250,"column":0},"end":{"line":250,"column":15}},"250":{"start":{"line":251,"column":0},"end":{"line":251,"column":33}},"251":{"start":{"line":252,"column":0},"end":{"line":252,"column":17}},"252":{"start":{"line":253,"column":0},"end":{"line":253,"column":1}},"253":{"start":{"line":254,"column":0},"end":{"line":254,"column":0}},"254":{"start":{"line":255,"column":0},"end":{"line":255,"column":25}},"255":{"start":{"line":256,"column":0},"end":{"line":256,"column":37}},"256":{"start":{"line":257,"column":0},"end":{"line":257,"column":39}},"257":{"start":{"line":258,"column":0},"end":{"line":258,"column":1}},"258":{"start":{"line":259,"column":0},"end":{"line":259,"column":0}},"259":{"start":{"line":260,"column":0},"end":{"line":260,"column":19}},"260":{"start":{"line":261,"column":0},"end":{"line":261,"column":14}},"261":{"start":{"line":262,"column":0},"end":{"line":262,"column":40}},"262":{"start":{"line":263,"column":0},"end":{"line":263,"column":34}},"263":{"start":{"line":264,"column":0},"end":{"line":264,"column":35}},"264":{"start":{"line":265,"column":0},"end":{"line":265,"column":35}},"265":{"start":{"line":266,"column":0},"end":{"line":266,"column":39}},"266":{"start":{"line":267,"column":0},"end":{"line":267,"column":35}},"267":{"start":{"line":268,"column":0},"end":{"line":268,"column":66}},"268":{"start":{"line":269,"column":0},"end":{"line":269,"column":16}},"269":{"start":{"line":270,"column":0},"end":{"line":270,"column":1}},"270":{"start":{"line":271,"column":0},"end":{"line":271,"column":0}},"271":{"start":{"line":272,"column":0},"end":{"line":272,"column":25}},"272":{"start":{"line":273,"column":0},"end":{"line":273,"column":37}},"273":{"start":{"line":274,"column":0},"end":{"line":274,"column":49}},"274":{"start":{"line":275,"column":0},"end":{"line":275,"column":30}},"275":{"start":{"line":276,"column":0},"end":{"line":276,"column":1}},"276":{"start":{"line":277,"column":0},"end":{"line":277,"column":0}},"277":{"start":{"line":278,"column":0},"end":{"line":278,"column":28}},"278":{"start":{"line":279,"column":0},"end":{"line":279,"column":39}},"279":{"start":{"line":280,"column":0},"end":{"line":280,"column":22}},"280":{"start":{"line":281,"column":0},"end":{"line":281,"column":33}},"281":{"start":{"line":282,"column":0},"end":{"line":282,"column":1}},"282":{"start":{"line":283,"column":0},"end":{"line":283,"column":0}},"283":{"start":{"line":284,"column":0},"end":{"line":284,"column":29}},"284":{"start":{"line":285,"column":0},"end":{"line":285,"column":39}},"285":{"start":{"line":286,"column":0},"end":{"line":286,"column":1}},"286":{"start":{"line":287,"column":0},"end":{"line":287,"column":0}},"287":{"start":{"line":288,"column":0},"end":{"line":288,"column":11}},"288":{"start":{"line":289,"column":0},"end":{"line":289,"column":23}},"289":{"start":{"line":290,"column":0},"end":{"line":290,"column":25}},"290":{"start":{"line":291,"column":0},"end":{"line":291,"column":28}},"291":{"start":{"line":292,"column":0},"end":{"line":292,"column":33}},"292":{"start":{"line":293,"column":0},"end":{"line":293,"column":1}},"293":{"start":{"line":294,"column":0},"end":{"line":294,"column":0}},"294":{"start":{"line":295,"column":0},"end":{"line":295,"column":56}},"295":{"start":{"line":296,"column":0},"end":{"line":296,"column":61}},"296":{"start":{"line":297,"column":0},"end":{"line":297,"column":1}},"297":{"start":{"line":298,"column":0},"end":{"line":298,"column":0}},"298":{"start":{"line":299,"column":0},"end":{"line":299,"column":57}},"299":{"start":{"line":300,"column":0},"end":{"line":300,"column":62}},"300":{"start":{"line":301,"column":0},"end":{"line":301,"column":1}},"301":{"start":{"line":302,"column":0},"end":{"line":302,"column":0}},"302":{"start":{"line":303,"column":0},"end":{"line":303,"column":23}},"303":{"start":{"line":304,"column":0},"end":{"line":304,"column":30}},"304":{"start":{"line":305,"column":0},"end":{"line":305,"column":28}},"305":{"start":{"line":306,"column":0},"end":{"line":306,"column":1}},"306":{"start":{"line":307,"column":0},"end":{"line":307,"column":0}},"307":{"start":{"line":308,"column":0},"end":{"line":308,"column":56}},"308":{"start":{"line":309,"column":0},"end":{"line":309,"column":61}},"309":{"start":{"line":310,"column":0},"end":{"line":310,"column":1}},"310":{"start":{"line":311,"column":0},"end":{"line":311,"column":0}},"311":{"start":{"line":312,"column":0},"end":{"line":312,"column":57}},"312":{"start":{"line":313,"column":0},"end":{"line":313,"column":62}},"313":{"start":{"line":314,"column":0},"end":{"line":314,"column":1}},"314":{"start":{"line":315,"column":0},"end":{"line":315,"column":0}},"315":{"start":{"line":316,"column":0},"end":{"line":316,"column":23}},"316":{"start":{"line":317,"column":0},"end":{"line":317,"column":26}},"317":{"start":{"line":318,"column":0},"end":{"line":318,"column":28}},"318":{"start":{"line":319,"column":0},"end":{"line":319,"column":33}},"319":{"start":{"line":320,"column":0},"end":{"line":320,"column":1}},"320":{"start":{"line":321,"column":0},"end":{"line":321,"column":0}},"321":{"start":{"line":322,"column":0},"end":{"line":322,"column":56}},"322":{"start":{"line":323,"column":0},"end":{"line":323,"column":61}},"323":{"start":{"line":324,"column":0},"end":{"line":324,"column":1}},"324":{"start":{"line":325,"column":0},"end":{"line":325,"column":0}},"325":{"start":{"line":326,"column":0},"end":{"line":326,"column":57}},"326":{"start":{"line":327,"column":0},"end":{"line":327,"column":62}},"327":{"start":{"line":328,"column":0},"end":{"line":328,"column":1}},"328":{"start":{"line":329,"column":0},"end":{"line":329,"column":0}},"329":{"start":{"line":330,"column":0},"end":{"line":330,"column":27}},"330":{"start":{"line":331,"column":0},"end":{"line":331,"column":19}},"331":{"start":{"line":332,"column":0},"end":{"line":332,"column":33}},"332":{"start":{"line":333,"column":0},"end":{"line":333,"column":29}},"333":{"start":{"line":334,"column":0},"end":{"line":334,"column":12}},"334":{"start":{"line":335,"column":0},"end":{"line":335,"column":1}},"335":{"start":{"line":336,"column":0},"end":{"line":336,"column":0}},"336":{"start":{"line":337,"column":0},"end":{"line":337,"column":18}},"337":{"start":{"line":338,"column":0},"end":{"line":338,"column":33}},"338":{"start":{"line":339,"column":0},"end":{"line":339,"column":33}},"339":{"start":{"line":340,"column":0},"end":{"line":340,"column":12}},"340":{"start":{"line":341,"column":0},"end":{"line":341,"column":1}},"341":{"start":{"line":342,"column":0},"end":{"line":342,"column":0}},"342":{"start":{"line":343,"column":0},"end":{"line":343,"column":24}},"343":{"start":{"line":344,"column":0},"end":{"line":344,"column":27}},"344":{"start":{"line":345,"column":0},"end":{"line":345,"column":25}},"345":{"start":{"line":346,"column":0},"end":{"line":346,"column":27}},"346":{"start":{"line":347,"column":0},"end":{"line":347,"column":3}},"347":{"start":{"line":348,"column":0},"end":{"line":348,"column":2}},"348":{"start":{"line":349,"column":0},"end":{"line":349,"column":25}},"349":{"start":{"line":350,"column":0},"end":{"line":350,"column":28}},"350":{"start":{"line":351,"column":0},"end":{"line":351,"column":3}},"351":{"start":{"line":352,"column":0},"end":{"line":352,"column":2}},"352":{"start":{"line":353,"column":0},"end":{"line":353,"column":25}},"353":{"start":{"line":354,"column":0},"end":{"line":354,"column":28}},"354":{"start":{"line":355,"column":0},"end":{"line":355,"column":3}},"355":{"start":{"line":356,"column":0},"end":{"line":356,"column":1}},"356":{"start":{"line":357,"column":0},"end":{"line":357,"column":8}}},"s":{"0":0,"1":0,"2":0,"3":0,"4":0,"5":0,"6":0,"7":0,"8":0,"9":0,"10":0,"11":0,"12":0,"13":0,"14":0,"15":0,"16":0,"17":0,"18":0,"19":0,"20":0,"21":0,"22":0,"23":0,"24":0,"25":0,"26":0,"27":0,"28":0,"29":0,"30":0,"31":0,"32":0,"33":0,"34":0,"35":0,"36":0,"37":0,"38":0,"39":0,"40":0,"41":0,"42":0,"43":0,"44":0,"45":0,"46":0,"47":0,"48":0,"49":0,"50":0,"51":0,"52":0,"53":0,"54":0,"55":0,"56":0,"57":0,"58":0,"59":0,"60":0,"61":0,"62":0,"63":0,"64":0,"65":0,"66":0,"67":0,"68":0,"69":0,"70":0,"71":0,"72":0,"73":0,"74":0,"75":0,"76":0,"77":0,"78":0,"79":0,"80":0,"81":0,"82":0,"83":0,"84":0,"85":0,"86":0,"87":0,"88":0,"89":0,"90":0,"91":0,"92":0,"93":0,"94":0,"95":0,"96":0,"97":0,"98":0,"99":0,"100":0,"101":0,"102":0,"103":0,"104":0,"105":0,"106":0,"107":0,"108":0,"109":0,"110":0,"111":0,"112":0,"113":0,"114":0,"115":0,"116":0,"117":0,"118":0,"119":0,"120":0,"121":0,"122":0,"123":0,"124":0,"125":0,"126":0,"127":0,"128":0,"129":0,"130":0,"131":0,"132":0,"133":0,"134":0,"135":0,"136":0,"137":0,"138":0,"139":0,"140":0,"141":0,"142":0,"143":0,"144":0,"145":0,"146":0,"147":0,"148":0,"149":0,"150":0,"151":0,"152":0,"153":0,"154":0,"155":0,"156":0,"157":0,"158":0,"159":0,"160":0,"161":0,"162":0,"163":0,"164":0,"165":0,"166":0,"167":0,"168":0,"169":0,"170":0,"171":0,"172":0,"173":0,"174":0,"175":0,"176":0,"177":0,"178":0,"179":0,"180":0,"181":0,"182":0,"183":0,"184":0,"185":0,"186":0,"187":0,"188":0,"189":0,"190":0,"191":0,"192":0,"193":0,"194":0,"195":0,"196":0,"197":0,"198":0,"199":0,"200":0,"201":0,"202":0,"203":0,"204":0,"205":0,"206":0,"207":0,"208":0,"209":0,"210":0,"211":0,"212":0,"213":0,"214":0,"215":0,"216":0,"217":0,"218":0,"219":0,"220":0,"221":0,"222":0,"223":0,"224":0,"225":0,"226":0,"227":0,"228":0,"229":0,"230":0,"231":0,"232":0,"233":0,"234":0,"235":0,"236":0,"237":0,"238":0,"239":0,"240":0,"241":0,"242":0,"243":0,"244":0,"245":0,"246":0,"247":0,"248":0,"249":0,"250":0,"251":0,"252":0,"253":0,"254":0,"255":0,"256":0,"257":0,"258":0,"259":0,"260":0,"261":0,"262":0,"263":0,"264":0,"265":0,"266":0,"267":0,"268":0,"269":0,"270":0,"271":0,"272":0,"273":0,"274":0,"275":0,"276":0,"277":0,"278":0,"279":0,"280":0,"281":0,"282":0,"283":0,"284":0,"285":0,"286":0,"287":0,"288":0,"289":0,"290":0,"291":0,"292":0,"293":0,"294":0,"295":0,"296":0,"297":0,"298":0,"299":0,"300":0,"301":0,"302":0,"303":0,"304":0,"305":0,"306":0,"307":0,"308":0,"309":0,"310":0,"311":0,"312":0,"313":0,"314":0,"315":0,"316":0,"317":0,"318":0,"319":0,"320":0,"321":0,"322":0,"323":0,"324":0,"325":0,"326":0,"327":0,"328":0,"329":0,"330":0,"331":0,"332":0,"333":0,"334":0,"335":0,"336":0,"337":0,"338":0,"339":0,"340":0,"341":0,"342":0,"343":0,"344":0,"345":0,"346":0,"347":0,"348":0,"349":0,"350":0,"351":0,"352":0,"353":0,"354":0,"355":0,"356":0},"branchMap":{"0":{"type":"branch","line":1,"loc":{"start":{"line":1,"column":0},"end":{"line":357,"column":8}},"locations":[{"start":{"line":1,"column":0},"end":{"line":357,"column":8}}]}},"b":{"0":[0]},"fnMap":{"0":{"name":"(empty-report)","decl":{"start":{"line":1,"column":0},"end":{"line":357,"column":8}},"loc":{"start":{"line":1,"column":0},"end":{"line":357,"column":8}},"line":1}},"f":{"0":0}}
,"/home/labadmin/projects/droid-spring/frontend/app/components/common/AppModal.vue": {"path":"/home/labadmin/projects/droid-spring/frontend/app/components/common/AppModal.vue","all":true,"statementMap":{"0":{"start":{"line":1,"column":0},"end":{"line":1,"column":10}},"1":{"start":{"line":2,"column":0},"end":{"line":2,"column":22}},"2":{"start":{"line":3,"column":0},"end":{"line":3,"column":29}},"3":{"start":{"line":4,"column":0},"end":{"line":4,"column":10}},"4":{"start":{"line":5,"column":0},"end":{"line":5,"column":25}},"5":{"start":{"line":6,"column":0},"end":{"line":6,"column":29}},"6":{"start":{"line":7,"column":0},"end":{"line":7,"column":56}},"7":{"start":{"line":8,"column":0},"end":{"line":8,"column":35}},"8":{"start":{"line":9,"column":0},"end":{"line":9,"column":35}},"9":{"start":{"line":10,"column":0},"end":{"line":10,"column":21}},"10":{"start":{"line":11,"column":0},"end":{"line":11,"column":7}},"11":{"start":{"line":12,"column":0},"end":{"line":12,"column":41}},"12":{"start":{"line":13,"column":0},"end":{"line":13,"column":14}},"13":{"start":{"line":14,"column":0},"end":{"line":14,"column":29}},"14":{"start":{"line":15,"column":0},"end":{"line":15,"column":30}},"15":{"start":{"line":16,"column":0},"end":{"line":16,"column":33}},"16":{"start":{"line":17,"column":0},"end":{"line":17,"column":33}},"17":{"start":{"line":18,"column":0},"end":{"line":18,"column":25}},"18":{"start":{"line":19,"column":0},"end":{"line":19,"column":38}},"19":{"start":{"line":20,"column":0},"end":{"line":20,"column":45}},"20":{"start":{"line":21,"column":0},"end":{"line":21,"column":23}},"21":{"start":{"line":22,"column":0},"end":{"line":22,"column":11}},"22":{"start":{"line":23,"column":0},"end":{"line":23,"column":33}},"23":{"start":{"line":24,"column":0},"end":{"line":24,"column":80}},"24":{"start":{"line":25,"column":0},"end":{"line":25,"column":49}},"25":{"start":{"line":26,"column":0},"end":{"line":26,"column":67}},"26":{"start":{"line":27,"column":0},"end":{"line":27,"column":29}},"27":{"start":{"line":28,"column":0},"end":{"line":28,"column":21}},"28":{"start":{"line":29,"column":0},"end":{"line":29,"column":69}},"29":{"start":{"line":30,"column":0},"end":{"line":30,"column":40}},"30":{"start":{"line":31,"column":0},"end":{"line":31,"column":22}},"31":{"start":{"line":32,"column":0},"end":{"line":32,"column":20}},"32":{"start":{"line":33,"column":0},"end":{"line":33,"column":14}},"33":{"start":{"line":34,"column":0},"end":{"line":34,"column":21}},"34":{"start":{"line":35,"column":0},"end":{"line":35,"column":31}},"35":{"start":{"line":36,"column":0},"end":{"line":36,"column":29}},"36":{"start":{"line":37,"column":0},"end":{"line":37,"column":35}},"37":{"start":{"line":38,"column":0},"end":{"line":38,"column":35}},"38":{"start":{"line":39,"column":0},"end":{"line":39,"column":40}},"39":{"start":{"line":40,"column":0},"end":{"line":40,"column":15}},"40":{"start":{"line":41,"column":0},"end":{"line":41,"column":17}},"41":{"start":{"line":42,"column":0},"end":{"line":42,"column":23}},"42":{"start":{"line":43,"column":0},"end":{"line":43,"column":18}},"43":{"start":{"line":44,"column":0},"end":{"line":44,"column":0}},"44":{"start":{"line":45,"column":0},"end":{"line":45,"column":31}},"45":{"start":{"line":46,"column":0},"end":{"line":46,"column":36}},"46":{"start":{"line":47,"column":0},"end":{"line":47,"column":82}},"47":{"start":{"line":48,"column":0},"end":{"line":48,"column":33}},"48":{"start":{"line":49,"column":0},"end":{"line":49,"column":18}},"49":{"start":{"line":50,"column":0},"end":{"line":50,"column":46}},"50":{"start":{"line":51,"column":0},"end":{"line":51,"column":24}},"51":{"start":{"line":52,"column":0},"end":{"line":52,"column":20}},"52":{"start":{"line":53,"column":0},"end":{"line":53,"column":18}},"53":{"start":{"line":54,"column":0},"end":{"line":54,"column":0}},"54":{"start":{"line":55,"column":0},"end":{"line":55,"column":33}},"55":{"start":{"line":56,"column":0},"end":{"line":56,"column":59}},"56":{"start":{"line":57,"column":0},"end":{"line":57,"column":36}},"57":{"start":{"line":58,"column":0},"end":{"line":58,"column":18}},"58":{"start":{"line":59,"column":0},"end":{"line":59,"column":16}},"59":{"start":{"line":60,"column":0},"end":{"line":60,"column":21}},"60":{"start":{"line":61,"column":0},"end":{"line":61,"column":12}},"61":{"start":{"line":62,"column":0},"end":{"line":62,"column":17}},"62":{"start":{"line":63,"column":0},"end":{"line":63,"column":13}},"63":{"start":{"line":64,"column":0},"end":{"line":64,"column":11}},"64":{"start":{"line":65,"column":0},"end":{"line":65,"column":0}},"65":{"start":{"line":66,"column":0},"end":{"line":66,"column":24}},"66":{"start":{"line":67,"column":0},"end":{"line":67,"column":17}},"67":{"start":{"line":68,"column":0},"end":{"line":68,"column":21}},"68":{"start":{"line":69,"column":0},"end":{"line":69,"column":16}},"69":{"start":{"line":70,"column":0},"end":{"line":70,"column":22}},"70":{"start":{"line":71,"column":0},"end":{"line":71,"column":43}},"71":{"start":{"line":72,"column":0},"end":{"line":72,"column":20}},"72":{"start":{"line":73,"column":0},"end":{"line":73,"column":22}},"73":{"start":{"line":74,"column":0},"end":{"line":74,"column":26}},"74":{"start":{"line":75,"column":0},"end":{"line":75,"column":1}},"75":{"start":{"line":76,"column":0},"end":{"line":76,"column":0}},"76":{"start":{"line":77,"column":0},"end":{"line":77,"column":50}},"77":{"start":{"line":78,"column":0},"end":{"line":78,"column":13}},"78":{"start":{"line":79,"column":0},"end":{"line":79,"column":17}},"79":{"start":{"line":80,"column":0},"end":{"line":80,"column":20}},"80":{"start":{"line":81,"column":0},"end":{"line":81,"column":22}},"81":{"start":{"line":82,"column":0},"end":{"line":82,"column":2}},"82":{"start":{"line":83,"column":0},"end":{"line":83,"column":0}},"83":{"start":{"line":84,"column":0},"end":{"line":84,"column":26}},"84":{"start":{"line":85,"column":0},"end":{"line":85,"column":39}},"85":{"start":{"line":86,"column":0},"end":{"line":86,"column":11}},"86":{"start":{"line":87,"column":0},"end":{"line":87,"column":10}},"87":{"start":{"line":88,"column":0},"end":{"line":88,"column":4}},"88":{"start":{"line":89,"column":0},"end":{"line":89,"column":0}},"89":{"start":{"line":90,"column":0},"end":{"line":90,"column":16}},"90":{"start":{"line":91,"column":0},"end":{"line":91,"column":39}},"91":{"start":{"line":92,"column":0},"end":{"line":92,"column":0}},"92":{"start":{"line":93,"column":0},"end":{"line":93,"column":40}},"93":{"start":{"line":94,"column":0},"end":{"line":94,"column":88}},"94":{"start":{"line":95,"column":0},"end":{"line":95,"column":100}},"95":{"start":{"line":96,"column":0},"end":{"line":96,"column":0}},"96":{"start":{"line":97,"column":0},"end":{"line":97,"column":10}},"97":{"start":{"line":98,"column":0},"end":{"line":98,"column":37}},"98":{"start":{"line":99,"column":0},"end":{"line":99,"column":18}},"99":{"start":{"line":100,"column":0},"end":{"line":100,"column":33}},"100":{"start":{"line":101,"column":0},"end":{"line":101,"column":3}},"101":{"start":{"line":102,"column":0},"end":{"line":102,"column":64}},"102":{"start":{"line":103,"column":0},"end":{"line":103,"column":84}},"103":{"start":{"line":104,"column":0},"end":{"line":104,"column":3}},"104":{"start":{"line":105,"column":0},"end":{"line":105,"column":2}},"105":{"start":{"line":106,"column":0},"end":{"line":106,"column":0}},"106":{"start":{"line":107,"column":0},"end":{"line":107,"column":10}},"107":{"start":{"line":108,"column":0},"end":{"line":108,"column":26}},"108":{"start":{"line":109,"column":0},"end":{"line":109,"column":30}},"109":{"start":{"line":110,"column":0},"end":{"line":110,"column":34}},"110":{"start":{"line":111,"column":0},"end":{"line":111,"column":15}},"111":{"start":{"line":112,"column":0},"end":{"line":112,"column":1}},"112":{"start":{"line":113,"column":0},"end":{"line":113,"column":0}},"113":{"start":{"line":114,"column":0},"end":{"line":114,"column":34}},"114":{"start":{"line":115,"column":0},"end":{"line":115,"column":50}},"115":{"start":{"line":116,"column":0},"end":{"line":116,"column":16}},"116":{"start":{"line":117,"column":0},"end":{"line":117,"column":3}},"117":{"start":{"line":118,"column":0},"end":{"line":118,"column":1}},"118":{"start":{"line":119,"column":0},"end":{"line":119,"column":0}},"119":{"start":{"line":120,"column":0},"end":{"line":120,"column":28}},"120":{"start":{"line":121,"column":0},"end":{"line":121,"column":44}},"121":{"start":{"line":122,"column":0},"end":{"line":122,"column":16}},"122":{"start":{"line":123,"column":0},"end":{"line":123,"column":3}},"123":{"start":{"line":124,"column":0},"end":{"line":124,"column":1}},"124":{"start":{"line":125,"column":0},"end":{"line":125,"column":0}},"125":{"start":{"line":126,"column":0},"end":{"line":126,"column":26}},"126":{"start":{"line":127,"column":0},"end":{"line":127,"column":42}},"127":{"start":{"line":128,"column":0},"end":{"line":128,"column":36}},"128":{"start":{"line":129,"column":0},"end":{"line":129,"column":2}},"129":{"start":{"line":130,"column":0},"end":{"line":130,"column":56}},"130":{"start":{"line":131,"column":0},"end":{"line":131,"column":78}},"131":{"start":{"line":132,"column":0},"end":{"line":132,"column":3}},"132":{"start":{"line":133,"column":0},"end":{"line":133,"column":47}},"133":{"start":{"line":134,"column":0},"end":{"line":134,"column":2}},"134":{"start":{"line":135,"column":0},"end":{"line":135,"column":0}},"135":{"start":{"line":136,"column":0},"end":{"line":136,"column":45}},"136":{"start":{"line":137,"column":0},"end":{"line":137,"column":33}},"137":{"start":{"line":138,"column":0},"end":{"line":138,"column":2}},"138":{"start":{"line":139,"column":0},"end":{"line":139,"column":42}},"139":{"start":{"line":140,"column":0},"end":{"line":140,"column":35}},"140":{"start":{"line":141,"column":0},"end":{"line":141,"column":2}},"141":{"start":{"line":142,"column":0},"end":{"line":142,"column":34}},"142":{"start":{"line":143,"column":0},"end":{"line":143,"column":51}},"143":{"start":{"line":144,"column":0},"end":{"line":144,"column":2}},"144":{"start":{"line":145,"column":0},"end":{"line":145,"column":66}},"145":{"start":{"line":146,"column":0},"end":{"line":146,"column":26}},"146":{"start":{"line":147,"column":0},"end":{"line":147,"column":23}},"147":{"start":{"line":148,"column":0},"end":{"line":148,"column":73}},"148":{"start":{"line":149,"column":0},"end":{"line":149,"column":26}},"149":{"start":{"line":150,"column":0},"end":{"line":150,"column":24}},"150":{"start":{"line":151,"column":0},"end":{"line":151,"column":3}},"151":{"start":{"line":152,"column":0},"end":{"line":152,"column":1}},"152":{"start":{"line":153,"column":0},"end":{"line":153,"column":0}},"153":{"start":{"line":154,"column":0},"end":{"line":154,"column":29}},"154":{"start":{"line":155,"column":0},"end":{"line":155,"column":6}},"155":{"start":{"line":156,"column":0},"end":{"line":156,"column":25}},"156":{"start":{"line":157,"column":0},"end":{"line":157,"column":15}},"157":{"start":{"line":158,"column":0},"end":{"line":158,"column":17}},"158":{"start":{"line":159,"column":0},"end":{"line":159,"column":18}},"159":{"start":{"line":160,"column":0},"end":{"line":160,"column":44}},"160":{"start":{"line":161,"column":0},"end":{"line":161,"column":22}},"161":{"start":{"line":162,"column":0},"end":{"line":162,"column":35}},"162":{"start":{"line":163,"column":0},"end":{"line":163,"column":55}},"163":{"start":{"line":164,"column":0},"end":{"line":164,"column":8}},"164":{"start":{"line":165,"column":0},"end":{"line":165,"column":12}},"165":{"start":{"line":166,"column":0},"end":{"line":166,"column":56}},"166":{"start":{"line":167,"column":0},"end":{"line":167,"column":5}},"167":{"start
[...]
:{"start":{"line":162,"column":0},"end":{"line":162,"column":24}},"162":{"start":{"line":163,"column":0},"end":{"line":163,"column":22}},"164":{"start":{"line":165,"column":0},"end":{"line":165,"column":9}},"165":{"start":{"line":166,"column":0},"end":{"line":166,"column":61}},"166":{"start":{"line":167,"column":0},"end":{"line":167,"column":30}},"167":{"start":{"line":168,"column":0},"end":{"line":168,"column":88}},"169":{"start":{"line":170,"column":0},"end":{"line":170,"column":72}},"170":{"start":{"line":171,"column":0},"end":{"line":171,"column":25}},"171":{"start":{"line":172,"column":0},"end":{"line":172,"column":50}},"172":{"start":{"line":173,"column":0},"end":{"line":173,"column":7}},"174":{"start":{"line":175,"column":0},"end":{"line":175,"column":54}},"175":{"start":{"line":176,"column":0},"end":{"line":176,"column":49}},"176":{"start":{"line":177,"column":0},"end":{"line":177,"column":7}},"178":{"start":{"line":179,"column":0},"end":{"line":179,"column":26}},"179":{"start":{"line":180,"column":0},"end":{"line":180,"column":24}},"180":{"start":{"line":181,"column":0},"end":{"line":181,"column":73}},"181":{"start":{"line":182,"column":0},"end":{"line":182,"column":15}},"182":{"start":{"line":183,"column":0},"end":{"line":183,"column":15}},"183":{"start":{"line":184,"column":0},"end":{"line":184,"column":27}},"184":{"start":{"line":185,"column":0},"end":{"line":185,"column":5}},"185":{"start":{"line":186,"column":0},"end":{"line":186,"column":3}},"187":{"start":{"line":188,"column":0},"end":{"line":188,"column":48}},"188":{"start":{"line":189,"column":0},"end":{"line":189,"column":24}},"189":{"start":{"line":190,"column":0},"end":{"line":190,"column":22}},"191":{"start":{"line":192,"column":0},"end":{"line":192,"column":9}},"192":{"start":{"line":193,"column":0},"end":{"line":193,"column":61}},"193":{"start":{"line":194,"column":0},"end":{"line":194,"column":30}},"194":{"start":{"line":195,"column":0},"end":{"line":195,"column":80}},"196":{"start":{"line":197,"column":0},"end":{"line":197,"column":67}},"197":{"start":{"line":198,"column":0},"end":{"line":198,"column":25}},"198":{"start":{"line":199,"column":0},"end":{"line":199,"column":50}},"199":{"start":{"line":200,"column":0},"end":{"line":200,"column":7}},"201":{"start":{"line":202,"column":0},"end":{"line":202,"column":49}},"202":{"start":{"line":203,"column":0},"end":{"line":203,"column":49}},"203":{"start":{"line":204,"column":0},"end":{"line":204,"column":7}},"205":{"start":{"line":206,"column":0},"end":{"line":206,"column":26}},"206":{"start":{"line":207,"column":0},"end":{"line":207,"column":24}},"207":{"start":{"line":208,"column":0},"end":{"line":208,"column":65}},"208":{"start":{"line":209,"column":0},"end":{"line":209,"column":15}},"209":{"start":{"line":210,"column":0},"end":{"line":210,"column":15}},"210":{"start":{"line":211,"column":0},"end":{"line":211,"column":27}},"211":{"start":{"line":212,"column":0},"end":{"line":212,"column":5}},"212":{"start":{"line":213,"column":0},"end":{"line":213,"column":3}},"214":{"start":{"line":215,"column":0},"end":{"line":215,"column":113}},"215":{"start":{"line":216,"column":0},"end":{"line":216,"column":56}},"216":{"start":{"line":217,"column":0},"end":{"line":217,"column":3}},"218":{"start":{"line":219,"column":0},"end":{"line":219,"column":119}},"219":{"start":{"line":220,"column":0},"end":{"line":220,"column":52}},"220":{"start":{"line":221,"column":0},"end":{"line":221,"column":3}},"222":{"start":{"line":223,"column":0},"end":{"line":223,"column":106}},"223":{"start":{"line":224,"column":0},"end":{"line":224,"column":56}},"224":{"start":{"line":225,"column":0},"end":{"line":225,"column":3}},"226":{"start":{"line":227,"column":0},"end":{"line":227,"column":34}},"227":{"start":{"line":228,"column":0},"end":{"line":228,"column":26}},"228":{"start":{"line":229,"column":0},"end":{"line":229,"column":3}},"230":{"start":{"line":231,"column":0},"end":{"line":231,"column":34}},"231":{"start":{"line":232,"column":0},"end":{"line":232,"column":26}},"232":{"start":{"line":233,"column":0},"end":{"line":233,"column":23}},"233":{"start":{"line":234,"column":0},"end":{"line":234,"column":3}},"235":{"start":{"line":236,"column":0},"end":{"line":236,"column":34}},"236":{"start":{"line":237,"column":0},"end":{"line":237,"column":23}},"237":{"start":{"line":238,"column":0},"end":{"line":238,"column":3}},"239":{"start":{"line":240,"column":0},"end":{"line":240,"column":20}},"240":{"start":{"line":241,"column":0},"end":{"line":241,"column":28}},"241":{"start":{"line":242,"column":0},"end":{"line":242,"column":36}},"242":{"start":{"line":243,"column":0},"end":{"line":243,"column":22}},"243":{"start":{"line":244,"column":0},"end":{"line":244,"column":23}},"244":{"start":{"line":245,"column":0},"end":{"line":245,"column":24}},"245":{"start":{"line":246,"column":0},"end":{"line":246,"column":32}},"246":{"start":{"line":247,"column":0},"end":{"line":247,"column":29}},"247":{"start":{"line":248,"column":0},"end":{"line":248,"column":27}},"248":{"start":{"line":249,"column":0},"end":{"line":249,"column":27}},"249":{"start":{"line":250,"column":0},"end":{"line":250,"column":35}},"250":{"start":{"line":251,"column":0},"end":{"line":251,"column":27}},"251":{"start":{"line":252,"column":0},"end":{"line":252,"column":3}},"253":{"start":{"line":254,"column":0},"end":{"line":254,"column":10}},"255":{"start":{"line":256,"column":0},"end":{"line":256,"column":18}},"256":{"start":{"line":257,"column":0},"end":{"line":257,"column":24}},"257":{"start":{"line":258,"column":0},"end":{"line":258,"column":12}},"258":{"start":{"line":259,"column":0},"end":{"line":259,"column":10}},"259":{"start":{"line":260,"column":0},"end":{"line":260,"column":15}},"262":{"start":{"line":263,"column":0},"end":{"line":263,"column":22}},"263":{"start":{"line":264,"column":0},"end":{"line":264,"column":24}},"264":{"start":{"line":265,"column":0},"end":{"line":265,"column":27}},"265":{"start":{"line":266,"column":0},"end":{"line":266,"column":27}},"266":{"start":{"line":267,"column":0},"end":{"line":267,"column":25}},"267":{"start":{"line":268,"column":0},"end":{"line":268,"column":27}},"268":{"start":{"line":269,"column":0},"end":{"line":269,"column":30}},"269":{"start":{"line":270,"column":0},"end":{"line":270,"column":24}},"270":{"start":{"line":271,"column":0},"end":{"line":271,"column":30}},"273":{"start":{"line":274,"column":0},"end":{"line":274,"column":23}},"274":{"start":{"line":275,"column":0},"end":{"line":275,"column":26}},"275":{"start":{"line":276,"column":0},"end":{"line":276,"column":23}},"276":{"start":{"line":277,"column":0},"end":{"line":277,"column":23}},"277":{"start":{"line":278,"column":0},"end":{"line":278,"column":29}},"278":{"start":{"line":279,"column":0},"end":{"line":279,"column":22}},"279":{"start":{"line":280,"column":0},"end":{"line":280,"column":31}},"280":{"start":{"line":281,"column":0},"end":{"line":281,"column":29}},"281":{"start":{"line":282,"column":0},"end":{"line":282,"column":24}},"282":{"start":{"line":283,"column":0},"end":{"line":283,"column":12}},"283":{"start":{"line":284,"column":0},"end":{"line":284,"column":12}},"284":{"start":{"line":285,"column":0},"end":{"line":285,"column":12}},"285":{"start":{"line":286,"column":0},"end":{"line":286,"column":9}},"286":{"start":{"line":287,"column":0},"end":{"line":287,"column":3}},"287":{"start":{"line":288,"column":0},"end":{"line":288,"column":2}}},"s":{"0":1,"12":1,"14":11,"15":11,"16":11,"17":11,"18":11,"19":11,"20":11,"21":11,"22":11,"23":11,"24":11,"25":11,"26":11,"27":11,"30":11,"31":11,"32":11,"33":11,"34":11,"36":11,"37":11,"38":1,"39":1,"40":1,"41":2,"42":2,"43":2,"44":1,"45":11,"47":11,"48":0,"49":0,"51":11,"52":0,"53":0,"56":11,"57":3,"58":3,"60":3,"61":3,"62":3,"63":3,"64":3,"65":3,"66":3,"67":3,"68":3,"69":3,"70":3,"71":3,"73":3,"74":3,"76":3,"77":3,"78":3,"79":3,"80":3,"81":3,"82":3,"83":3,"85":3,"86":3,"87":0,"88":0,"89":3,"90":3,"91":3,"92":3,"94":11,"95":0,"96":0,"98":0,"99":0,"100":0,"101":0,"102":0,"103":0,"104":0,"105":0,"106":0,"107":0,"108":0,"109":0,"110":0,"112":11,"113":1,"114":1,"116":1,"117":1,"118":1,"119":1,"121":1,"122":1,"124":1,"125":1,"126":0,"127":0,"128":1,"129":1,"130":1,"131":1,"133":11,"134":1,"135":1,"137":1,"138":1,"139":1,"140":1,"142":1,"143":1,"144":1,"145":1,"147":1,"148":0,"149":0,"151":1,"152":1,"153":0,"154":0,"155":1,"156":1,"157":1,"158":1,"160":11,"161":1,"162":1,"164":1,"165":1,"166":1,"167":1,"169":1,"170":1,"171":1,"172":1,"174":1,"175":0,"176":0,"178":1,"179":1,"180":0,"181":0,"182":1,"183":1,"184":1,"185":1,"187":11,"188":1,"189":1,"191":1,"192":1,"193":1,"194":1,"196":1,"197":1,"198":1,"199":1,"201":1,"202":0,"203":0,"205":1,"206":1,"207":0,"208":0,"209":1,"210":1,"211":1,"212":1,"214":11,"215":1,"216":1,"218":11,"219":1,"220":1,"222":11,"223":0,"224":0,"226":11,"227":0,"228":0,"230":11,"231":0,"232":0,"233":0,"235":11,"236":0,"237":0,"239":11,"240":1,"241":1,"242":1,"243":1,"244":1,"245":1,"246":1,"247":1,"248":1,"249":1,"250":1,"251":1,"253":11,"255":11,"256":11,"257":11,"258":11,"259":11,"262":11,"263":11,"264":11,"265":11,"266":11,"267":11,"268":11,"269":11,"270":11,"273":11,"274":11,"275":11,"276":11,"277":11,"278":11,"279":11,"280":11,"281":11,"282":11,"283":11,"284":11,"285":11,"286":11,"287":11},"branchMap":{"0":{"type":"branch","line":13,"loc":{"start":{"line":13,"column":64},"end":{"line":288,"column":2}},"locations":[{"start":{"line":13,"column":64},"end":{"line":288,"column":2}}]},"1":{"type":"branch","line":32,"loc":{"start":{"line":32,"column":39},"end":{"line":32,"column":99}},"locations":[{"start":{"line":32,"column":39},"end":{"line":32,"column":99}}]},"2":{"type":"branch","line":32,"loc":{"start":{"line":32,"column":72},"end":{"line":32,"column":98}},"locations":[{"start":{"line":32,"column":72},"end":{"line":32,"column":98}}]},"3":{"type":"branch","line":33,"loc":{"start":{"line":33,"column":42},"end":{"line":33,"column":105}},"locations":[{"start":{"line":33,"column":42},"end":{"line":33,"column":105}}]},"4":{"type":"branch","line":33,"loc":{"start":{"line":33,"column":75},"end":{"line":33,"column":104}},"locations":[{"start":{"line":33,"column":75},"end":{"line":33,"column":104}}]},"5":{"type":"branch","line":34,"loc":{"start":{"line":34,"column":42},"end":{"line":34,"column":105}},"locations":[{"start":{"line":34,"column":42},"end":{"line":34,"column":105}}]},"6":{"type":"branch","line":34,"loc":{"start":{"line":34,"column":75},"end":{"line":34,"column":104}},"locations":[{"start":{"line":34,"column":75},"end":{"line":34,"column":104}}]},"7":{"type":"branch","line":35,"loc":{"start":{"line":35,"column":40},"end":{"line":35,"column":101}},"locations":[{"start":{"line":35,"column":40},"end":{"line":35,"column":101}}]},"8":{"type":"branch","line":35,"loc":{"start":{"line":35,"column":73},"end":{"line":35,"column":100}},"locations":[{"start":{"line":35,"column":73},"end":{"line":35,"column":100}}]},"9":{"type":"branch","line":37,"loc":{"start":{"line":37,"column":42},"end":{"line":37,"column":92}},"locations":[{"start":{"line":37,"column":42},"end":{"line":37,"column":92}}]},"10":{"type":"branch","line":37,"loc":{"start":{"line":37,"column":75},"end":{"line":37,"column":91}},"locations":[{"start":{"line":37,"column":75},"end":{"line":37,"column":91}}]},"11":{"type":"branch","line":38,"loc":{"start":{"line":38,"column":45},"end":{"line":46,"column":3}},"locations":[{"start":{"line":38,"column":45},"end":{"line":46,"column":3}}]},"12":{"type":"branch","line":41,"loc":{"start":{"line":41,"column":38},"end":{"line":45,"column":5}},"locations":[{"start":{"line":41,"column":38},"end":{"line":45,"column":5}}]},"13":{"type":"branch","line":42,"loc":{"start":{"line":42,"column":30},"end":{"line":42,"column":42}},"locations":[{"start":{"line":42,"column":30},"end":{"line":42,"column":42}}]},"14":{"type":"branch","line":44,"loc":{"start":{"line":44,"column":28},"end":{"line":44,"column":69}},"locations":[{"start":{"line":44,"column":28},"end":{"line":44,"column":69}}]},"15":{"type":"branch","line":57,"loc":{"start":{"line":57,"column":2},"end":{"line":93,"column":3}},"locations":[{"start":{"line":57,"column":2},"end":{"line":93,"column":3}}]},"16":{"type":"branch","line":68,"loc":{"start":{"line":68,"column":19},"end":{"line":68,"column":68}},"locations":[{"start":{"line":68,"column":19},"end":{"line":68,"column":68}}]},"17":{"type":"branch","line":69,"loc":{"start":{"line":69,"column":19},"end":{"line":69,"column":56}},"locations":[{"start":{"line":69,"column":19},"end":{"line":69,"column":56}}]},"18":{"type":"branch","line":70,"loc":{"start":{"line":70,"column":19},"end":{"line":70,"column":68}},"locations":[{"start":{"line":70,"column":19},"end":{"line":70,"column":68}}]},"19":{"type":"branch","line":71,"loc":{"start":{"line":71,"column":19},"end":{"line":71,"column":64}},"locations":[{"start":{"line":71,"column":19},"end":{"line":71,"column":64}}]},"20":{"type":"branch","line":87,"loc":{"start":{"line":87,"column":4},"end":{"line":90,"column":6}},"locations":[{"start":{"line":87,"column":4},"end":{"line":90,"column":6}}]},"21":{"type":"branch","line":113,"loc":{"start":{"line":113,"column":2},"end":{"line":132,"column":3}},"locations":[{"start":{"line":113,"column":2},"end":{"line":132,"column":3}}]},"22":{"type":"branch","line":126,"loc":{"start":{"line":126,"column":4},"end":{"line":129,"column":6}},"locations":[{"start":{"line":126,"column":4},"end":{"line":129,"column":6}}]},"23":{"type":"branch","line":134,"loc":{"start":{"line":134,"column":2},"end":{"line":159,"column":3}},"locations":[{"start":{"line":134,"column":2},"end":{"line":159,"column":3}}]},"24":{"type":"branch","line":148,"loc":{"start":{"line":148,"column":30},"end":{"line":148,"column":44}},"locations":[{"start":{"line":148,"column":30},"end":{"line":148,"column":44}}]},"25":{"type":"branch","line":148,"loc":{"start":{"line":148,"column":53},"end":{"line":150,"column":7}},"locations":[{"start":{"line":148,"column":53},"end":{"line":150,"column":7}}]},"26":{"type":"branch","line":153,"loc":{"start":{"line":153,"column":4},"end":{"line":156,"column":6}},"locations":[{"start":{"line":153,"column":4},"end":{"line":156,"column":6}}]},"27":{"type":"branch","line":143,"loc":{"start":{"line":143,"column":50},"end":{"line":143,"column":71}},"locations":[{"start":{"line":143,"column":50},"end":{"line":143,"column":71}}]},"28":{"type":"branch","line":161,"loc":{"start":{"line":161,"column":2},"end":{"line":186,"column":3}},"locations":[{"start":{"line":161,"column":2},"end":{"line":186,"column":3}}]},"29":{"type":"branch","line":175,"loc":{"start":{"line":175,"column":30},"end":{"line":175,"column":44}},"locations":[{"start":{"line":175,"column":30},"end":{"line":175,"column":44}}]},"30":{"type":"branch","line":175,"loc":{"start":{"line":175,"column":53},"end":{"line":177,"column":7}},"locations":[{"start":{"line":175,"column":53},"end":{"line":177,"column":7}}]},"31":{"type":"branch","line":180,"loc":{"start":{"line":180,"column":4},"end":{"line":183,"column":6}},"locations":[{"start":{"line":180,"column":4},"end":{"line":183,"column":6}}]},"32":{"type":"branch","line":170,"loc":{"start":{"line":170,"column":50},"end":{"line":170,"column":71}},"locations":[{"start":{"line":170,"column":50},"end":{"line":170,"column":71}}]},"33":{"type":"branch","line":188,"loc":{"start":{"line":188,"column":2},"end":{"line":213,"column":3}},"locations":[{"start":{"line":188,"column":2},"end":{"line":213,"column":3}}]},"34":{"type":"branch","line":202,"loc":{"start":{"line":202,"column":30},"end":{"line":202,"column":44}},"locations":[{"start":{"line":202,"column":30},"end":{"line":202,"column":44}}]},"35":{"type":"branch","line":202,"loc":{"start":{"line":202,"column":48},"end":{"line":204,"column":7}},"locations":[{"start":{"line":202,"column":48},"end":{"line":204,"column":7}}]},"36":{"type":"branch","line":207,"loc":{"start":{"line":207,"column":4},"end":{"line":210,"column":6}},"locations":[{"start":{"line":207,"column":4},"end":{"line":210,"column":6}}]},"37":{"type":"branch","line":197,"loc":{"start":{"line":197,"column":50},"end":{"line":197,"column":66}},"locations":[{"start":{"line":197,"column":50},"end":{"line":197,"column":66}}]},"38":{"type":"branch","line":215,"loc":{"start":{"line":215,"column":2},"end":{"line":217,"column":3}},"locations":[{"start":{"line":215,"column":2},"end":{"line":217,"column":3}}]},"39":{"type":"branch","line":219,"loc":{"start":{"line":219,"column":2},"end":{"line":221,"column":3}},"locations":[{"start":{"line":219,"column":2},"end":{"line":221,"column":3}}]},"40":{"type":"branch","line":240,"loc":{"start":{"line":240,"column":2},"end":{"line":252,"column":3}},"locations":[{"start":{"line":240,"column":2},"end":{"line":252,"column":3}}]}},"b":{"0":[11],"1":[1],"2":[3],"3":[1],"4":[3],"5":[1],"6":[3],"7":[1],"8":[3],"9":[1],"10":[3],"11":[1],"12":[2],"13":[0],"14":[1],"15":[3],"16":[0],"17":[1],"18":[1],"19":[0],"20":[0],"21":[1],"22":[0],"23":[1],"24":[0],"25":[0],"26":[0],"27":[1],"28":[1],"29":[0],"30":[0],"31":[0],"32":[1],"33":[1],"34":[0],"35":[0],"36":[0],"37":[1],"38":[1],"39":[1],"40":[1]},"fnMap":{"0":{"name":"getSubscriptionById","decl":{"start":{"line":48,"column":30},"end":{"line":50,"column":3}},"loc":{"start":{"line":48,"column":30},"end":{"line":50,"column":3}},"line":48},"1":{"name":"getSubscriptionsByProduct","decl":{"start":{"line":52,"column":36},"end":{"line":54,"column":3}},"loc":{"start":{"line":52,"column":36},"end":{"line":54,"column":3}},"line":52},"2":{"name":"fetchSubscriptions","decl":{"start":{"line":57,"column":2},"end":{"line":93,"column":3}},"loc":{"start":{"line":57,"column":2},"end":{"line":93,"column":3}},"line":57},"3":{"name":"fetchSubscriptionById","decl":{"start":{"line":95,"column":2},"end":{"line":111,"column":3}},"loc":{"start":{"line":95,"column":2},"end":{"line":111,"column":3}},"line":95},"4":{"name":"createSubscription","decl":{"start":{"line":113,"column":2},"end":{"line":132,"column":3}},"loc":{"start":{"line":113,"column":2},"end":{"line":132,"column":3}},"line":113},"5":{"name":"updateSubscription","decl":{"start":{"line":134,"column":2},"end":{"line":159,"column":3}},"loc":{"start":{"line":134,"column":2},"end":{"line":159,"column":3}},"line":134},"6":{"name":"changeSubscriptionStatus","decl":{"start":{"line":161,"column":2},"end":{"line":186,"column":3}},"loc":{"start":{"line":161,"column":2},"end":{"line":186,"column":3}},"line":161},"7":{"name":"renewSubscription","decl":{"start":{"line":188,"column":2},"end":{"line":213,"column":3}},"loc":{"start":{"line":188,"column":2},"end":{"line":213,"column":3}},"line":188},"8":{"name":"getSubscriptionsByCustomer","decl":{"start":{"line":215,"column":2},"end":{"line":217,"column":3}},"loc":{"start":{"line":215,"column":2},"end":{"line":217,"column":3}},"line":215},"9":{"name":"getSubscriptionsByStatus","decl":{"start":{"line":219,"column":2},"end":{"line":221,"column":3}},"loc":{"start":{"line":219,"column":2},"end":{"line":221,"column":3}},"line":219},"10":{"name":"searchSubscriptions","decl":{"start":{"line":223,"column":2},"end":{"line":225,"column":3}},"loc":{"start":{"line":223,"column":2},"end":{"line":225,"column":3}},"line":223},"11":{"name":"setPage","decl":{"start":{"line":227,"column":2},"end":{"line":229,"column":3}},"loc":{"start":{"line":227,"column":2},"end":{"line":229,"column":3}},"line":227},"12":{"name":"setSize","decl":{"start":{"line":231,"column":2},"end":{"line":234,"column":3}},"loc":{"start":{"line":231,"column":2},"end":{"line":234,"column":3}},"line":231},"13":{"name":"setSort","decl":{"start":{"line":236,"column":2},"end":{"line":238,"column":3}},"loc":{"start":{"line":236,"column":2},"end":{"line":238,"column":3}},"line":236},"14":{"name":"reset","decl":{"start":{"line":240,"column":2},"end":{"line":252,"column":3}},"loc":{"start":{"line":240,"column":2},"end":{"line":252,"column":3}},"line":240}},"f":{"0":0,"1":0,"2":3,"3":0,"4":1,"5":1,"6":1,"7":1,"8":1,"9":1,"10":0,"11":0,"12":0,"13":0,"14":1}}
}
