TN:
SF:app/components/common/AppBadge.vue
FN:1,(empty-report)
FNF:1
FNH:0
FNDA:0,(empty-report)
DA:1,0
DA:2,0
DA:3,0
DA:4,0
DA:5,0
DA:6,0
DA:7,0
DA:8,0
DA:9,0
DA:10,0
DA:11,0
DA:12,0
DA:13,0
DA:14,0
DA:15,0
DA:16,0
DA:17,0
DA:18,0
DA:19,0
DA:20,0
DA:21,0
DA:22,0
DA:23,0
DA:24,0
DA:25,0
DA:26,0
DA:27,0
DA:28,0
DA:29,0
DA:30,0
DA:31,0
DA:32,0
DA:33,0
DA:34,0
DA:35,0
DA:36,0
DA:37,0
DA:38,0
DA:39,0
DA:40,0
DA:41,0
DA:42,0
DA:43,0
DA:44,0
DA:45,0
DA:46,0
DA:47,0
DA:48,0
DA:49,0
DA:50,0
DA:51,0
DA:52,0
DA:53,0
DA:54,0
DA:55,0
DA:56,0
DA:57,0
DA:58,0
DA:59,0
DA:60,0
DA:61,0
DA:62,0
DA:63,0
DA:64,0
DA:65,0
DA:66,0
DA:67,0
DA:68,0
DA:69,0
DA:70,0
DA:71,0
DA:72,0
DA:73,0
DA:74,0
DA:75,0
DA:76,0
DA:77,0
DA:78,0
DA:79,0
DA:80,0
DA:81,0
DA:82,0
DA:83,0
DA:84,0
DA:85,0
DA:86,0
DA:87,0
DA:88,0
DA:89,0
DA:90,0
DA:91,0
DA:92,0
DA:93,0
DA:94,0
DA:95,0
DA:96,0
DA:97,0
DA:98,0
DA:99,0
DA:100,0
DA:101,0
DA:102,0
DA:103,0
DA:104,0
DA:105,0
DA:106,0
DA:107,0
DA:108,0
DA:109,0
DA:110,0
DA:111,0
DA:112,0
DA:113,0
DA:114,0
DA:115,0
DA:116,0
DA:117,0
DA:118,0
DA:119,0
DA:120,0
DA:121,0
DA:122,0
DA:123,0
DA:124,0
DA:125,0
DA:126,0
DA:127,0
DA:128,0
DA:129,0
DA:130,0
DA:131,0
DA:132,0
DA:133,0
DA:134,0
DA:135,0
DA:136,0
DA:137,0
DA:138,0
DA:139,0
DA:140,0
DA:141,0
DA:142,0
DA:143,0
DA:144,0
DA:145,0
DA:146,0
DA:147,0
DA:148,0
DA:149,0
DA:150,0
DA:151,0
DA:152,0
DA:153,0
DA:154,0
DA:155,0
DA:156,0
DA:157,0
DA:158,0
DA:159,0
DA:160,0
DA:161,0
DA:162,0
DA:163,0
DA:164,0
DA:165,0
DA:166,0
DA:167,0
DA:168,0
DA:169,0
DA:170,0
DA:171,0
DA:172,0
DA:173,0
DA:174,0
DA:175,0
DA:176,0
DA:177,0
DA:178,0
DA:179,0
DA:180,0
DA:181,0
DA:182,0
DA:183,0
DA:184,0
DA:185,0
DA:186,0
DA:187,0
DA:188,0
DA:189,0
DA:190,0
DA:191,0
DA:192,0
DA:193,0
DA:194,0
DA:195,0
DA:196,0
DA:197,0
DA:198,0
DA:199,0
DA:200,0
DA:201,0
DA:202,0
DA:203,0
DA:204,0
DA:205,0
DA:206,0
DA:207,0
DA:208,0
DA:209,0
DA:210,0
DA:211,0
DA:212,0
DA:213,0
DA:214,0
DA:215,0
DA:216,0
DA:217,0
DA:218,0
DA:219,0
DA:220,0
DA:221,0
DA:222,0
DA:223,0
DA:224,0
DA:225,0
DA:226,0
DA:227,0
DA:228,0
DA:229,0
DA:230,0
DA:231,0
DA:232,0
DA:233,0
DA:234,0
DA:235,0
DA:236,0
DA:237,0
DA:238,0
DA:239,0
DA:240,0
DA:241,0
DA:242,0
DA:243,0
DA:244,0
DA:245,0
DA:246,0
DA:247,0
DA:248,0
DA:249,0
DA:250,0
DA:251,0
DA:252,0
DA:253,0
LF:253
LH:0
BRDA:1,0,0,0
BRF:1
BRH:0
end_of_record
TN:
SF:app/components/common/AppButton.vue
FN:1,(empty-report)
FNF:1
FNH:0
FNDA:0,(empty-report)
DA:1,0
DA:2,0
DA:3,0
DA:4,0
DA:5,0
DA:6,0
DA:7,0
DA:8,0
DA:9,0
DA:10,0
DA:11,0
DA:12,0
DA:13,0
DA:14,0
DA:15,0
DA:16,0
DA:17,0
DA:18,0
DA:19,0
DA:20,0
DA:21,0
DA:22,0
DA:23,0
DA:24,0
DA:25,0
DA:26,0
DA:27,0
DA:28,0
DA:29,0
DA:30,0
DA:31,0
DA:32,0
DA:33,0
DA:34,0
DA:35,0
DA:36,0
DA:37,0
DA:38,0
DA:39,0
DA:40,0
DA:41,0
DA:42,0
DA:43,0
DA:44,0
DA:45,0
DA:46,0
DA:47,0
DA:48,0
DA:49,0
DA:50,0
DA:51,0
DA:52,0
DA:53,0
DA:54,0
DA:55,0
DA:56,0
DA:57,0
DA:58,0
DA:59,0
DA:60,0
DA:61,0
DA:62,0
DA:63,0
DA:64,0
DA:65,0
DA:66,0
DA:67,0
DA:68,0
DA:69,0
DA:70,0
DA:71,0
DA:72,0
DA:73,0
DA:74,0
DA:75,0
DA:76,0
DA:77,0
DA:78,0
DA:79,0
DA:80,0
DA:81,0
DA:82,0
DA:83,0
DA:84,0
DA:85,0
DA:86,0
DA:87,0
DA:88,0
DA:89,0
DA:90,0
DA:91,0
DA:92,0
DA:93,0
DA:94,0
DA:95,0
DA:96,0
DA:97,0
DA:98,0
DA:99,0
DA:100,0
DA:101,0
DA:102,0
DA:103,0
DA:104,0
DA:105,0
DA:106,0
DA:107,0
DA:108,0
DA:109,0
DA:110,0
DA:111,0
DA:112,0
DA:113,0
DA:114,0
DA:115,0
DA:116,0
DA:117,0
DA:118,0
DA:119,0
DA:120,0
DA:121,0
DA:122,0
DA:123,0
DA:124,0
DA:125,0
DA:126,0
DA:127,0
DA:128,0
DA:129,0
DA:130,0
DA:131,0
DA:132,0
DA:133,0
DA:134,0
DA:135,0
DA:136,0
DA:137,0
DA:138,0
DA:139,0
DA:140,0
DA:141,0
DA:142,0
DA:143,0
DA:144,0
DA:145,0
DA:146,0
DA:147,0
DA:148,0
DA:149,0
DA:150,0
DA:151,0
DA:152,0
DA:153,0
DA:154,0
DA:155,0
DA:156,0
DA:157,0
DA:158,0
DA:159,0
DA:160,0
DA:161,0
DA:162,0
DA:163,0
DA:164,0
DA:165,0
DA:166,0
DA:167,0
DA:168,0
DA:169,0
DA:170,0
DA:171,0
DA:172,0
DA:173,0
DA:174,0
DA:175,0
DA:176,0
DA:177,0
DA:178,0
DA:179,0
DA:180,0
DA:181,0
DA:182,0
DA:183,0
DA:184,0
DA:185,0
DA:186,0
DA:187,0
DA:188,0
DA:189,0
DA:190,0
DA:191,0
DA:192,0
DA:193,0
DA:194,0
DA:195,0
DA:196,0
DA:197,0
DA:198,0
DA:199,0
DA:200,0
DA:201,0
DA:202,0
DA:203,0
DA:204,0
DA:205,0
DA:206,0
DA:207,0
DA:208,0
DA:209,0
DA:210,0
DA:211,0
DA:212,0
DA:213,0
DA:214,0
DA:215,0
DA:216,0
DA:217,0
DA:218,0
DA:219,0
DA:220,0
DA:221,0
DA:222,0
DA:223,0
DA:224,0
DA:225,0
DA:226,0
DA:227,0
DA:228,0
DA:229,0
DA:230,0
DA:231,0
DA:232,0
DA:233,0
DA:234,0
DA:235,0
DA:236,0
DA:237,0
DA:238,0
DA:239,0
DA:240,0
DA:241,0
DA:242,0
DA:243,0
DA:244,0
DA:245,0
DA:246,0
DA:247,0
DA:248,0
DA:249,0
DA:250,0
DA:251,0
LF:251
LH:0
BRDA:1,0,0,0
BRF:1
BRH:0
end_of_record
TN:
SF:app/components/common/AppInput.vue
FN:1,(empty-report)
FNF:1
FNH:0
FNDA:0,(empty-report)
DA:1,0
DA:2,0
DA:3,0
DA:4,0
DA:5,0
DA:6,0
DA:7,0
DA:8,0
DA:9,0
DA:10,0
DA:11,0
DA:12,0
DA:13,0
DA:14,0
DA:15,0
DA:16,0
DA:17,0
DA:18,0
DA:19,0
DA:20,0
DA:21,0
DA:22,0
DA:23,0
DA:24,0
DA:25,0
DA:26,0
DA:27,0
DA:28,0
DA:29,0
DA:30,0
DA:31,0
DA:32,0
DA:33,0
DA:34,0
DA:35,0
DA:36,0
DA:37,0
DA:38,0
DA:39,0
DA:40,0
DA:41,0
DA:42,0
DA:43,0
DA:44,0
DA:45,0
DA:46,0
DA:47,0
DA:48,0
DA:49,0
DA:50,0
DA:51,0
DA:52,0
DA:53,0
DA:54,0
DA:55,0
DA:56,0
DA:57,0
DA:58,0
DA:59,0
DA:60,0
DA:61,0
DA:62,0
DA:63,0
DA:64,0
DA:65,0
DA:66,0
DA:67,0
DA:68,0
DA:69,0
DA:70,0
DA:71,0
DA:72,0
DA:73,0
DA:74,0
DA:75,0
DA:76,0
DA:77,0
DA:78,0
DA:79,0
DA:80,0
DA:81,0
DA:82,0
DA:83,0
DA:84,0
DA:85,0
DA:86,0
DA:87,0
DA:88,0
DA:89,0
DA:90,0
DA:91,0
DA:92,0
DA:93,0
DA:94,0
DA:95,0
DA:96,0
DA:97,0
DA:98,0
DA:99,0
DA:100,0
DA:101,0
DA:102,0
DA:103,0
DA:104,0
DA:105,0
DA:106,0
DA:107,0
DA:108,0
DA:109,0
DA:110,0
DA:111,0
DA:112,0
DA:113,0
DA:114,0
DA:115,0
DA:116,0
DA:117,0
DA:118,0
DA:119,0
DA:120,0
DA:121,0
DA:122,0
DA:123,0
DA:124,0
DA:125,0
DA:126,0
DA:127,0
DA:128,0
DA:129,0
DA:130,0
DA:131,0
DA:132,0
DA:133,0
DA:134,0
DA:135,0
DA:136,0
DA:137,0
DA:138,0
DA:139,0
DA:140,0
DA:141,0
DA:142,0
DA:143,0
DA:144,0
DA:145,0
DA:146,0
DA:147,0
DA:148,0
DA:149,0
DA:150,0
DA:151,0
DA:152,0
DA:153,0
DA:154,0
DA:155,0
DA:156,0
DA:157,0
DA:158,0
DA:159,0
DA:160,0
DA:161,0
DA:162,0
DA:163,0
DA:164,0
DA:165,0
DA:166,0
DA:167,0
DA:168,0
DA:169,0
DA:170,0
DA:171,0
DA:172,0
DA:173,0
DA:174,0
DA:175,0
DA:176,0
DA:177,0
DA:178,0
DA:179,0
DA:180,0
DA:181,0
DA:182,0
DA:183,0
DA:184,0
DA:185,0
DA:186,0
DA:187,0
DA:188,0
DA:189,0
DA:190,0
DA:191,0
DA:192,0
DA:193,0
DA:194,0
DA:195,0
DA:196,0
DA:197,0
DA:198,0
DA:199,0
DA:200,0
DA:201,0
DA:202,0
DA:203,0
DA:204,0
DA:205,0
DA:206,0
DA:207,0
DA:208,0
DA:209,0
DA:210,0
DA:211,0
DA:212,0
DA:213,0
DA:214,0
DA:215,0
DA:216,0
DA:217,0
DA:218,0
DA:219,0
DA:220,0
DA:221,0
DA:222,0
DA:223,0
DA:224,0
DA:225,0
DA:226,0
DA:227,0
DA:228,0
DA:229,0
DA:230,0
DA:231,0
DA:232,0
DA:233,0
DA:234,0
DA:235,0
DA:236,0
DA:237,0
DA:238,0
DA:239,0
DA:240,0
DA:241,0
DA:242,0
DA:243,0
DA:244,0
DA:245,0
DA:246,0
DA:247,0
DA:248,0
DA:249,0
DA:250,0
DA:251,0
DA:252,0
DA:253,0
DA:254,0
DA:255,0
DA:256,0
DA:257,0
DA:258,0
DA:259,0
DA:260,0
DA:261,0
DA:262,0
DA:263,0
DA:264,0
DA:265,0
DA:266,0
DA:267,0
DA:268,0
DA:269,0
DA:270,0
DA:271,0
DA:272,0
DA:273,0
DA:274,0
DA:275,0
DA:276,0
DA:277,0
DA:278,0
DA:279,0
DA:280,0
DA:281,0
DA:282,0
DA:283,0
DA:284,0
DA:285,0
DA:286,0
DA:287,0
DA:288,0
DA:289,0
DA:290,0
DA:291,0
DA:292,0
DA:293,0
DA:294,0
DA:295,0
DA:296,0
DA:297,0
DA:298,0
DA:299,0
DA:300,0
DA:301,0
DA:302,0
DA:303,0
DA:304,0
DA:305,0
DA:306,0
DA:307,0
DA:308,0
DA:309,0
DA:310,0
DA:311,0
DA:312,0
DA:313,0
DA:314,0
DA:315,0
DA:316,0
DA:317,0
DA:318,0
DA:319,0
DA:320,0
DA:321,0
DA:322,0
DA:323,0
DA:324,0
DA:325,0
DA:326,0
DA:327,0
DA:328,0
DA:329,0
DA:330,0
DA:331,0
DA:332,0
DA:333,0
DA:334,0
DA:335,0
DA:336,0
DA:337,0
DA:338,0
DA:339,0
DA:340,0
DA:341,0
DA:342,0
DA:343,0
DA:344,0
DA:345,0
DA:346,0
DA:347,0
DA:348,0
DA:349,0
DA:350,0
DA:351,0
DA:352,0
DA:353,0
DA:354,0
DA:355,0
DA:356,0
DA:357,0
LF:357
LH:0
BRDA:1,0,0,0
BRF:1
BRH:0
end_of_record
TN:
SF:app/components/common/AppModal.vue
FN:1,(empty-report)
FNF:1
FNH:0
FNDA:0,(empty-report)
DA:1,0
DA:2,0
DA:3,0
DA:4,0
DA:5,0
DA:6,0
DA:7,0
DA:8,0
DA:9,0
DA:10,0
DA:11,0
DA:12,0
DA:13,0
DA:14,0
DA:15,0
DA:16,0
DA:17,0
DA:18,0
DA:19,0
DA:20,0
DA:21,0
DA:22,0
DA:23,0
DA:24,0
DA:25,0
DA:26,0
DA:27,0
DA:28,0
DA:29,0
DA:30,0
DA:31,0
DA:32,0
DA:33,0
DA:34,0
DA:35,0
DA:36,0
DA:37,0
DA:38,0
DA:39,0
DA:40,0
DA:41,0
DA:42,0
DA:43,0
DA:44,0
DA:45,0
DA:46,0
DA:47,0
DA:48,0
DA:49,0
DA:50,0
DA:51,0
DA:52,0
DA:53,0
DA:54,0
DA:55,0
DA:56,0
DA:57,0
DA:58,0
DA:59,0
DA:60,0
DA:61,0
DA:62,0
DA:63,0
DA:64,0
DA:65,0
DA:66,0
DA:67,0
DA:68,0
DA:69,0
DA:70,0
DA:71,0
DA:72,0
DA:73,0
DA:74,0
DA:75,0
DA:76,0
DA:77,0
DA:78,0
DA:79,0
DA:80,0
DA:81,0
DA:82,0
DA:83,0
DA:84,0
DA:85,0
DA:86,0
DA:87,0
DA:88,0
DA:89,0
DA:90,0
DA:91,0
DA:92,0
DA:93,0
DA:94,0
DA:95,0
DA:96,0
DA:97,0
DA:98,0
DA:99,0
DA:100,0
DA:101,0
DA:102,0
DA:103,0
DA:104,0
DA:105,0
DA:106,0
DA:107,0
DA:108,0
DA:109,0
DA:110,0
DA:111,0
DA:112,0
DA:113,0
DA:114,0
DA:115,0
DA:116,0
DA:117,0
DA:118,0
DA:119,0
DA:120,0
DA:121,0
DA:122,0
DA:123,0
DA:124,0
DA:125,0
DA:126,0
DA:127,0
DA:128,0
DA:129,0
DA:130,0
DA:131,0
DA:132,0
DA:133,0
DA:134,0
DA:135,0
DA:136,0
DA:137,0
DA:138,0
DA:139,0
DA:140,0
DA:141,0
DA:142,0
DA:143,0
DA:144,0
DA:145,0
DA:146,0
DA:147,0
DA:148,0
DA:149,0
DA:150,0
DA:151,0
DA:152,0
DA:153,0
DA:154,0
DA:155,0
DA:156,0
DA:157,0
DA:158,0
DA:159,0
DA:160,0
DA:161,0
DA:162,0
DA:163,0
DA:164,0
DA:165,0
DA:166,0
DA:167,0
DA:168,0
DA:169,0
DA:170,0
DA:171,0
DA:172,0
DA:173,0
DA:174,0
DA:175,0
DA:176,0
DA:177,0
DA:178,0
DA:179,0
DA:180,0
DA:181,0
DA:182,0
DA:183,0
DA:184,0
DA:185,0
DA:186,0
DA:187,0
DA:188,0
DA:189,0
DA:190,0
DA:191,0
DA:192,0
DA:193,0
DA:194,0
DA:195,0
DA:196,0
DA:197,0
DA:198,0
DA:199,0
DA:200,0
DA:201,0
DA:202,0
DA:203,0
DA:204,0
DA:205,0
DA:206,0
DA:207,0
DA:208,0
DA:209,0
DA:210,0
DA:211,0
DA:212,0
DA:213,0
DA:214,0
DA:215,0
DA:216,0
DA:217,0
DA:218,0
DA:219,0
DA:220,0
DA:221,0
DA:222,0
DA:223,0
DA:224,0
DA:225,0
DA:226,0
DA:227,0
DA:228,0
DA:229,0
DA:230,0
DA:231,0
DA:232,0
DA:233,0
DA:234,0
DA:235,0
DA:236,0
DA:237,0
DA:238,0
DA:239,0
DA:240,0
DA:241,0
DA:242,0
DA:243,0
DA:244,0
DA:245,0
DA:246,0
DA:247,0
DA:248,0
DA:249,0
DA:250,0
DA:251,0
DA:252,0
DA:253,0
DA:254,0
DA:255,0
DA:256,0
DA:257,0
DA:258,0
DA:259,0
DA:260,0
DA:261,0
DA:262,0
DA:263,0
DA:264,0
DA:265,0
DA:266,0
DA:267,0
DA:268,0
DA:269,0
DA:270,0
DA:271,0
DA:272,0
DA:273,0
DA:274,0
DA:275,0
DA:276,0
DA:277,0
DA:278,0
DA:279,0
DA:280,0
DA:281,0
DA:282,0
DA:283,0
DA:284,0
DA:285,0
DA:286,0
DA:287,0
DA:288,0
DA:289,0
DA:290,0
DA:291,0
DA:292,0
DA:293,0
DA:294,0
DA:295,0
DA:296,0
DA:297,0
DA:298,0
DA:299,0
DA:300,0
DA:301,0
DA:302,0
DA:303,0
DA:304,0
DA:305,0
DA:306,0
DA:307,0
DA:308,0
DA:309,0
DA:310,0
DA:311,0
DA:312,0
DA:313,0
DA:314,0
DA:315,0
DA:316,0
DA:317,0
DA:318,0
DA:319,0
DA:320,0
DA:321,0
DA:322,0
DA:323,0
DA:324,0
DA:325,0
DA:326,0
DA:327,0
DA:328,0
DA:329,0
DA:330,0
DA:331,0
DA:332,0
DA:333,0
DA:334,0
DA:335,0
DA:336,0
DA:337,0
DA:338,0
DA:339,0
DA:340,0
DA:341,0
DA:342,0
DA:343,0
DA:344,0
DA:345,0
DA:346,0
DA:347,0
DA:348,0
DA:349,0
DA:350,0
DA:351,0
DA:352,0
DA:353,0
DA:354,0
DA:355,0
DA:356,0
DA:357,0
DA:358,0
DA:359,0
DA:360,0
DA:361,0
DA:362,0
DA:363,0
DA:364,0
DA:365,0
DA:366,0
DA:367,0
DA:368,0
DA:369,0
DA:370,0
DA:371,0
DA:372,0
DA:373,0
DA:374,0
DA:375,0
DA:376,0
DA:377,0
DA:378,0
DA:379,0
DA:380,0
DA:381,0
DA:382,0
DA:383,0
DA:384,0
DA:385,0
DA:386,0
DA:387,0
DA:388,0
DA:389,0
DA:390,0
DA:391,0
DA:392,0
DA:393,0
DA:394,0
DA:395,0
DA:396,0
DA:397,0
DA:398,0
DA:399,0
DA:400,0
DA:401,0
DA:402,0
DA:403,0
DA:404,0
DA:405,0
DA:406,0
DA:407,0
DA:408,0
DA:409,0
DA:410,0
DA:411,0
DA:412,0
DA:413,0
DA:414,0
DA:415,0
DA:416,0
DA:417,0
DA:418,0
LF:418
LH:0
BRDA:1,0,0,0
BRF:1
BRH:0
end_of_record
TN:
SF:app/components/common/AppPagination.vue
FN:1,(empty-report)
FNF:1
FNH:0
FNDA:0,(empty-report)
DA:1,0
DA:2,0
DA:3,0
DA:4,0
DA:5,0
DA:6,0
DA:7,0
DA:8,0
DA:9,0
DA:10,0
DA:11,0
DA:12,0
DA:13,0
DA:14,0
DA:15,0
DA:16,0
DA:17,0
DA:18,0
DA:19,0
DA:20,0
DA:21,0
DA:22,0
DA:23,0
DA:24,0
DA:25,0
DA:26,0
DA:27,0
DA:28,0
DA:29,0
DA:30,0
DA:31,0
DA:32,0
DA:33,0
DA:34,0
DA:35,0
DA:36,0
DA:37,0
DA:38,0
DA:39,0
DA:40,0
DA:41,0
DA:42,0
DA:43,0
DA:44,0
DA:45,0
DA:46,0
DA:47,0
DA:48,0
DA:49,0
DA:50,0
DA:51,0
DA:52,0
DA:53,0
DA:54,0
DA:55,0
DA:56,0
DA:57,0
DA:58,0
DA:59,0
DA:60,0
DA:61,0
DA:62,0
DA:63,0
DA:64,0
DA:65,0
DA:66,0
DA:67,0
DA:68,0
DA:69,0
DA:70,0
DA:71,0
DA:72,0
DA:73,0
DA:74,0
DA:75,0
DA:76,0
DA:77,0
DA:78,0
DA:79,0
DA:80,0
DA:81,0
DA:82,0
DA:83,0
DA:84,0
DA:85,0
DA:86,0
DA:87,0
DA:88,0
DA:89,0
DA:90,0
DA:91,0
DA:92,0
DA:93,0
DA:94,0
DA:95,0
DA:96,0
DA:97,0
DA:98,0
DA:99,0
DA:100,0
DA:101,0
DA:102,0
DA:103,0
DA:104,0
DA:105,0
DA:106,0
DA:107,0
DA:108,0
DA:109,0
DA:110,0
DA:111,0
DA:112,0
DA:113,0
DA:114,0
DA:115,0
DA:116,0
DA:117,0
DA:118,0
DA:119,0
DA:120,0
DA:121,0
DA:122,0
DA:123,0
DA:124,0
DA:125,0
DA:126,0
DA:127,0
DA:128,0
DA:129,0
DA:130,0
DA:131,0
DA:132,0
DA:133,0
DA:134,0
DA:135,0
DA:136,0
DA:137,0
DA:138,0
DA:139,0
DA:140,0
DA:141,0
DA:142,0
DA:143,0
DA:144,0
DA:145,0
DA:146,0
DA:147,0
DA:148,0
DA:149,0
DA:150,0
DA:151,0
DA:152,0
DA:153,0
DA:154,0
DA:155,0
DA:156,0
DA:157,0
DA:158,0
DA:159,0
DA:160,0
DA:161,0
DA:162,0
DA:163,0
DA:164,0
DA:165,0
DA:166,0
DA:167,0
DA:168,0
DA:169,0
DA:170,0
DA:171,0
DA:172,0
DA:173,0
DA:174,0
DA:175,0
DA:176,0
DA:177,0
DA:178,0
DA:179,0
DA:180,0
DA:181,0
DA:182,0
DA:183,0
DA:184,0
DA:185,0
DA:186,0
DA:187,0
DA:188,0
DA:189,0
DA:190,0
DA:191,0
DA:192,0
DA:193,0
DA:194,0
DA:195,0
DA:196,0
DA:197,0
DA:198,0
DA:199,0
DA:200,0
DA:201,0
DA:202,0
DA:203,0
DA:204,0
DA:205,0
DA:206,0
DA:207,0
DA:208,0
DA:209,0
DA:210,0
DA:211,0
DA:212,0
DA:213,0
DA:214,0
DA:215,0
DA:216,0
DA:217,0
DA:218,0
DA:219,0
DA:220,0
DA:221,0
DA:222,0
DA:223,0
DA:224,0
DA:225,0
DA:226,0
DA:227,0
DA:228,0
DA:229,0
DA:230,0
DA:231,0
DA:232,0
DA:233,0
DA:234,0
DA:235,0
DA:236,0
DA:237,0
DA:238,0
DA:239,0
DA:240,0
DA:241,0
DA:242,0
DA:243,0
DA:244,0
DA:245,0
DA:246,0
DA:247,0
DA:248,0
DA:249,0
DA:250,0
DA:251,0
DA:252,0
DA:253,0
DA:254,0
DA:255,0
DA:256,0
DA:257,0
DA:258,0
DA:259,0
DA:260,0
DA:261,0
DA:262,0
DA:263,0
DA:264,0
DA:265,0
DA:266,0
DA:267,0
DA:268,0
DA:269,0
DA:270,0
DA:271,0
DA:272,0
DA:273,0
DA:274,0
DA:275,0
DA:276,0
DA:277,0
DA:278,0
DA:279,0
DA:280,0
DA:281,0
DA:282,0
DA:283,0
DA:284,0
DA:285,0
DA:286,0
DA:287,0
DA:288,0
DA:289,0
DA:290,0
DA:291,0
DA:292,0
DA:293,0
DA:294,0
DA:295,0
DA:296,0
DA:297,0
DA:298,0
DA:299,0
DA:300,0
DA:301,0
DA:302,0
DA:303,0
DA:304,0
DA:305,0
DA:306,0
DA:307,0
DA:308,0
DA:309,0
DA:310,0
DA:311,0
DA:312,0
DA:313,0
DA:314,0
DA:315,0
DA:316,0
DA:317,0
DA:318,0
DA:319,0
DA:320,0
DA:321,0
DA:322,0
DA:323,0
DA:324,0
DA:325,0
DA:326,0
DA:327,0
DA:328,0
DA:329,0
DA:330,0
DA:331,0
DA:332,0
DA:333,0
DA:334,0
DA:335,0
DA:336,0
DA:337,0
DA:338,0
DA:339,0
DA:340,0
DA:341,0
DA:342,0
DA:343,0
DA:344,0
DA:345,0
DA:346,0
DA:347,0
DA:348,0
DA:349,0
DA:350,0
DA:351,0
DA:352,0
DA:353,0
DA:354,0
DA:355,0
DA:356,0
DA:357,0
DA:358,0
DA:359,0
DA:360,0
DA:361,0
DA:362,0
DA:363,0
DA:364,0
DA:365,0
DA:366,0
DA:367,0
DA:368,0
DA:369,0
DA:370,0
DA:371,0
DA:372,0
DA:373,0
DA:374,0
DA:375,0
DA:376,0
DA:377,0
DA:378,0
DA:379,0
DA:380,0
DA:381,0
DA:382,0
DA:383,0
DA:384,0
DA:385,0
DA:386,0
DA:387,0
DA:388,0
DA:389,0
DA:390,0
DA:391,0
DA:392,0
DA:393,0
DA:394,0
LF:394
LH:0
BRDA:1,0,0,0
BRF:1
BRH:0
end_of_record
TN:
SF:app/components/common/AppSearchBar.vue
FN:1,(empty-report)
FNF:1
FNH:0
FNDA:0,(empty-report)
DA:1,0
DA:2,0
DA:3,0
DA:4,0
DA:5,0
DA:6,0
DA:7,0
DA:8,0
DA:9,0
DA:10,0
DA:11,0
DA:12,0
DA:13,0
DA:14,0
DA:15,0
DA:16,0
DA:17,0
DA:18,0
DA:19,0
DA:20,0
DA:21,0
DA:22,0
DA:23,0
DA:24,0
DA:25,0
DA:26,0
DA:27,0
DA:28,0
DA:29,0
DA:30,0
DA:31,0
DA:32,0
DA:33,0
DA:34,0
DA:35,0
DA:36,0
DA:37,0
DA:38,0
DA:39,0
DA:40,0
DA:41,0
DA:42,0
DA:43,0
DA:44,0
DA:45,0
DA:46,0
DA:47,0
DA:48,0
DA:49,0
DA:50,0
DA:51,0
DA:52,0
DA:53,0
DA:54,0
DA:55,0
DA:56,0
DA:57,0
DA:58,0
DA:59,0
DA:60,0
DA:61,0
DA:62,0
DA:63,0
DA:64,0
DA:65,0
DA:66,0
DA:67,0
DA:68,0
DA:69,0
DA:70,0
DA:71,0
DA:72,0
DA:73,0
DA:74,0
DA:75,0
DA:76,0
DA:77,0
DA:78,0
DA:79,0
DA:80,0
DA:81,0
DA:82,0
DA:83,0
DA:84,0
DA:85,0
DA:86,0
DA:87,0
DA:88,0
DA:89,0
DA:90,0
DA:91,0
DA:92,0
DA:93,0
DA:94,0
DA:95,0
DA:96,0
DA:97,0
DA:98,0
DA:99,0
DA:100,0
DA:101,0
DA:102,0
DA:103,0
DA:104,0
DA:105,0
DA:106,0
DA:107,0
DA:108,0
DA:109,0
DA:110,0
DA:111,0
DA:112,0
DA:113,0
DA:114,0
DA:115,0
DA:116,0
DA:117,0
DA:118,0
DA:119,0
DA:120,0
DA:121,0
DA:122,0
DA:123,0
DA:124,0
DA:125,0
DA:126,0
DA:127,0
DA:128,0
DA:129,0
DA:130,0
DA:131,0
DA:132,0
DA:133,0
DA:134,0
DA:135,0
DA:136,0
DA:137,0
DA:138,0
DA:139,0
DA:140,0
DA:141,0
DA:142,0
DA:143,0
DA:144,0
DA:145,0
DA:146,0
DA:147,0
DA:148,0
DA:149,0
DA:150,0
DA:151,0
DA:152,0
DA:153,0
DA:154,0
DA:155,0
DA:156,0
DA:157,0
DA:158,0
DA:159,0
DA:160,0
DA:161,0
DA:162,0
DA:163,0
DA:164,0
DA:165,0
DA:166,0
DA:167,0
DA:168,0
DA:169,0
DA:170,0
DA:171,0
DA:172,0
DA:173,0
DA:174,0
DA:175,0
DA:176,0
DA:177,0
DA:178,0
DA:179,0
DA:180,0
DA:181,0
DA:182,0
DA:183,0
DA:184,0
DA:185,0
DA:186,0
DA:187,0
DA:188,0
DA:189,0
DA:190,0
DA:191,0
DA:192,0
DA:193,0
DA:194,0
DA:195,0
DA:196,0
DA:197,0
DA:198,0
DA:199,0
DA:200,0
DA:201,0
DA:202,0
DA:203,0
DA:204,0
DA:205,0
DA:206,0
DA:207,0
DA:208,0
DA:209,0
DA:210,0
DA:211,0
DA:212,0
DA:213,0
DA:214,0
DA:215,0
DA:216,0
DA:217,0
DA:218,0
DA:219,0
DA:220,0
DA:221,0
DA:222,0
DA:223,0
DA:224,0
DA:225,0
DA:226,0
DA:227,0
DA:228,0
DA:229,0
DA:230,0
DA:231,0
DA:232,0
DA:233,0
DA:234,0
DA:235,0
DA:236,0
DA:237,0
DA:238,0
DA:239,0
DA:240,0
DA:241,0
DA:242,0
DA:243,0
DA:244,0
DA:245,0
DA:246,0
DA:247,0
DA:248,0
DA:249,0
DA:250,0
DA:251,0
DA:252,0
DA:253,0
DA:254,0
DA:255,0
DA:256,0
DA:257,0
DA:258,0
DA:259,0
DA:260,0
DA:261,0
DA:262,0
DA:263,0
DA:264,0
DA:265,0
DA:266,0
DA:267,0
DA:268,0
DA:269,0
DA:270,0
DA:271,0
DA:272,0
DA:273,0
DA:274,0
DA:275,0
DA:276,0
DA:277,0
DA:278,0
DA:279,0
DA:280,0
DA:281,0
DA:282,0
DA:283,0
DA:284,0
DA:285,0
DA:286,0
DA:287,0
DA:288,0
DA:289,0
DA:290,0
DA:291,0
DA:292,0
DA:293,0
DA:294,0
DA:295,0
DA:296,0
DA:297,0
DA:298,0
DA:299,0
DA:300,0
DA:301,0
DA:302,0
DA:303,0
DA:304,0
DA:305,0
DA:306,0
DA:307,0
DA:308,0
DA:309,0
DA:310,0
DA:311,0
DA:312,0
DA:313,0
DA:314,0
DA:315,0
DA:316,0
DA:317,0
DA:318,0
DA:319,0
DA:320,0
DA:321,0
DA:322,0
DA:323,0
DA:324,0
DA:325,0
DA:326,0
DA:327,0
DA:328,0
DA:329,0
DA:330,0
DA:331,0
DA:332,0
DA:333,0
DA:334,0
DA:335,0
DA:336,0
DA:337,0
DA:338,0
DA:339,0
DA:340,0
DA:341,0
DA:342,0
DA:343,0
DA:344,0
DA:345,0
DA:346,0
DA:347,0
DA:348,0
DA:349,0
DA:350,0
DA:351,0
DA:352,0
DA:353,0
DA:354,0
DA:355,0
DA:356,0
DA:357,0
DA:358,0
DA:359,0
DA:360,0
DA:361,0
DA:362,0
DA:363,0
DA:364,0
DA:365,0
DA:366,0
DA:367,0
DA:368,0
DA:369,0
DA:370,0
DA:371,0
DA:372,0
DA:373,0
DA:374,0
DA:375,0
DA:376,0
DA:377,0
DA:378,0
DA:379,0
DA:380,0
DA:381,0
DA:382,0
DA:383,0
DA:384,0
DA:385,0
DA:386,0
DA:387,0
DA:388,0
DA:389,0
DA:390,0
DA:391,0
DA:392,0
DA:393,0
DA:394,0
DA:395,0
DA:396,0
DA:397,0
DA:398,0
DA:399,0
DA:400,0
DA:401,0
DA:402,0
DA:403,0
DA:404,0
DA:405,0
DA:406,0
DA:407,0
DA:408,0
DA:409,0
DA:410,0
DA:411,0
DA:412,0
DA:413,0
DA:414,0
DA:415,0
DA:416,0
DA:417,0
DA:418,0
DA:419,0
DA:420,0
DA:421,0
DA:422,0
DA:423,0
DA:424,0
DA:425,0
DA:426,0
DA:427,0
DA:428,0
DA:429,0
DA:430,0
DA:431,0
DA:432,0
DA:433,0
DA:434,0
DA:435,0
DA:436,0
DA:437,0
DA:438,0
DA:439,0
DA:440,0
DA:441,0
DA:442,0
DA:443,0
DA:444,0
DA:445,0
DA:446,0
DA:447,0
DA:448,0
DA:449,0
DA:450,0
DA:451,0
DA:452,0
DA:453,0
DA:454,0
DA:455,0
DA:456,0
DA:457,0
DA:458,0
DA:459,0
DA:460,0
DA:461,0
DA:462,0
DA:463,0
DA:464,0
DA:465,0
DA:466,0
DA:467,0
DA:468,0
DA:469,0
DA:470,0
DA:471,0
DA:472,0
DA:473,0
DA:474,0
DA:475,0
DA:476,0
DA:477,0
DA:478,0
DA:479,0
DA:480,0
DA:481,0
DA:482,0
DA:483,0
DA:484,0
DA:485,0
DA:486,0
DA:487,0
DA:488,0
DA:489,0
DA:490,0
DA:491,0
DA:492,0
DA:493,0
DA:494,0
DA:495,0
DA:496,0
DA:497,0
DA:498,0
LF:498
LH:0
BRDA:1,0,0,0
BRF:1
BRH:0
end_of_record
TN:
SF:app/components/common/AppSelect.vue
FN:1,(empty-report)
FNF:1
FNH:0
FNDA:0,(empty-report)
DA:1,0
DA:2,0
DA:3,0
DA:4,0
DA:5,0
DA:6,0
DA:7,0
DA:8,0
DA:9,0
DA:10,0
DA:11,0
DA:12,0
DA:13,0
DA:14,0
DA:15,0
DA:16,0
DA:17,0
DA:18,0
DA:19,0
DA:20,0
DA:21,0
DA:22,0
DA:23,0
DA:24,0
DA:25,0
DA:26,0
DA:27,0
DA:28,0
DA:29,0
DA:30,0
DA:31,0
DA:32,0
DA:33,0
DA:34,0
DA:35,0
DA:36,0
DA:37,0
DA:38,0
DA:39,0
DA:40,0
DA:41,0
DA:42,0
DA:43,0
DA:44,0
DA:45,0
DA:46,0
DA:47,0
DA:48,0
DA:49,0
DA:50,0
DA:51,0
DA:52,0
DA:53,0
DA:54,0
DA:55,0
DA:56,0
DA:57,0
DA:58,0
DA:59,0
DA:60,0
DA:61,0
DA:62,0
DA:63,0
DA:64,0
DA:65,0
DA:66,0
DA:67,0
DA:68,0
DA:69,0
DA:70,0
DA:71,0
DA:72,0
DA:73,0
DA:74,0
DA:75,0
DA:76,0
DA:77,0
DA:78,0
DA:79,0
DA:80,0
DA:81,0
DA:82,0
DA:83,0
DA:84,0
DA:85,0
DA:86,0
DA:87,0
DA:88,0
DA:89,0
DA:90,0
DA:91,0
DA:92,0
DA:93,0
DA:94,0
DA:95,0
DA:96,0
DA:97,0
DA:98,0
DA:99,0
DA:100,0
DA:101,0
DA:102,0
DA:103,0
DA:104,0
DA:105,0
DA:106,0
DA:107,0
DA:108,0
DA:109,0
DA:110,0
DA:111,0
DA:112,0
DA:113,0
DA:114,0
DA:115,0
DA:116,0
DA:117,0
DA:118,0
DA:119,0
DA:120,0
DA:121,0
DA:122,0
DA:123,0
DA:124,0
DA:125,0
DA:126,0
DA:127,0
DA:128,0
DA:129,0
DA:130,0
DA:131,0
DA:132,0
DA:133,0
DA:134,0
DA:135,0
DA:136,0
DA:137,0
DA:138,0
DA:139,0
DA:140,0
DA:141,0
DA:142,0
DA:143,0
DA:144,0
DA:145,0
DA:146,0
DA:147,0
DA:148,0
DA:149,0
DA:150,0
DA:151,0
DA:152,0
DA:153,0
DA:154,0
DA:155,0
DA:156,0
DA:157,0
DA:158,0
DA:159,0
DA:160,0
DA:161,0
DA:162,0
DA:163,0
DA:164,0
DA:165,0
DA:166,0
DA:167,0
DA:168,0
DA:169,0
DA:170,0
DA:171,0
DA:172,0
DA:173,0
DA:174,0
DA:175,0
DA:176,0
DA:177,0
DA:178,0
DA:179,0
DA:180,0
DA:181,0
DA:182,0
DA:183,0
DA:184,0
DA:185,0
DA:186,0
DA:187,0
DA:188,0
DA:189,0
DA:190,0
DA:191,0
DA:192,0
DA:193,0
DA:194,0
DA:195,0
DA:196,0
DA:197,0
DA:198,0
DA:199,0
DA:200,0
DA:201,0
DA:202,0
DA:203,0
DA:204,0
DA:205,0
DA:206,0
DA:207,0
DA:208,0
DA:209,0
DA:210,0
DA:211,0
DA:212,0
DA:213,0
DA:214,0
DA:215,0
DA:216,0
DA:217,0
DA:218,0
DA:219,0
DA:220,0
DA:221,0
DA:222,0
DA:223,0
DA:224,0
DA:225,0
DA:226,0
DA:227,0
DA:228,0
DA:229,0
DA:230,0
DA:231,0
DA:232,0
DA:233,0
DA:234,0
DA:235,0
DA:236,0
DA:237,0
DA:238,0
DA:239,0
DA:240,0
DA:241,0
DA:242,0
DA:243,0
DA:244,0
DA:245,0
DA:246,0
DA:247,0
DA:248,0
DA:249,0
DA:250,0
DA:251,0
DA:252,0
DA:253,0
DA:254,0
DA:255,0
DA:256,0
DA:257,0
DA:258,0
DA:259,0
DA:260,0
DA:261,0
DA:262,0
DA:263,0
DA:264,0
DA:265,0
DA:266,0
DA:267,0
DA:268,0
DA:269,0
DA:270,0
DA:271,0
DA:272,0
DA:273,0
DA:274,0
DA:275,0
DA:276,0
DA:277,0
DA:278,0
DA:279,0
DA:280,0
DA:281,0
DA:282,0
DA:283,0
DA:284,0
DA:285,0
DA:286,0
DA:287,0
DA:288,0
DA:289,0
DA:290,0
DA:291,0
DA:292,0
DA:293,0
DA:294,0
DA:295,0
DA:296,0
DA:297,0
DA:298,0
DA:299,0
DA:300,0
DA:301,0
DA:302,0
DA:303,0
DA:304,0
DA:305,0
DA:306,0
DA:307,0
DA:308,0
DA:309,0
DA:310,0
DA:311,0
DA:312,0
DA:313,0
DA:314,0
DA:315,0
DA:316,0
DA:317,0
LF:317
LH:0
BRDA:1,0,0,0
BRF:1
BRH:0
end_of_record
TN:
SF:app/components/common/AppTable.vue
FN:1,(empty-report)
FNF:1
FNH:0
FNDA:0,(empty-report)
DA:1,0
DA:2,0
DA:3,0
DA:4,0
DA:5,0
DA:6,0
DA:7,0
DA:8,0
DA:9,0
DA:10,0
DA:11,0
DA:12,0
DA:13,0
DA:14,0
DA:15,0
DA:16,0
DA:17,0
DA:18,0
DA:19,0
DA:20,0
DA:21,0
DA:22,0
DA:23,0
DA:24,0
DA:25,0
DA:26,0
DA:27,0
DA:28,0
DA:29,0
DA:30,0
DA:31,0
DA:32,0
DA:33,0
DA:34,0
DA:35,0
DA:36,0
DA:37,0
DA:38,0
DA:39,0
DA:40,0
DA:41,0
DA:42,0
DA:43,0
DA:44,0
DA:45,0
DA:46,0
DA:47,0
DA:48,0
DA:49,0
DA:50,0
DA:51,0
DA:52,0
DA:53,0
DA:54,0
DA:55,0
DA:56,0
DA:57,0
DA:58,0
DA:59,0
DA:60,0
DA:61,0
DA:62,0
DA:63,0
DA:64,0
DA:65,0
DA:66,0
DA:67,0
DA:68,0
DA:69,0
DA:70,0
DA:71,0
DA:72,0
DA:73,0
DA:74,0
DA:75,0
DA:76,0
DA:77,0
DA:78,0
DA:79,0
DA:80,0
DA:81,0
DA:82,0
DA:83,0
DA:84,0
DA:85,0
DA:86,0
DA:87,0
DA:88,0
DA:89,0
DA:90,0
DA:91,0
DA:92,0
DA:93,0
DA:94,0
DA:95,0
DA:96,0
DA:97,0
DA:98,0
DA:99,0
DA:100,0
DA:101,0
DA:102,0
DA:103,0
DA:104,0
DA:105,0
DA:106,0
DA:107,0
DA:108,0
DA:109,0
DA:110,0
DA:111,0
DA:112,0
DA:113,0
DA:114,0
DA:115,0
DA:116,0
DA:117,0
DA:118,0
DA:119,0
DA:120,0
DA:121,0
DA:122,0
DA:123,0
DA:124,0
DA:125,0
DA:126,0
DA:127,0
DA:128,0
DA:129,0
DA:130,0
DA:131,0
DA:132,0
DA:133,0
DA:134,0
DA:135,0
DA:136,0
DA:137,0
DA:138,0
DA:139,0
DA:140,0
DA:141,0
DA:142,0
DA:143,0
DA:144,0
DA:145,0
DA:146,0
DA:147,0
DA:148,0
DA:149,0
DA:150,0
DA:151,0
DA:152,0
DA:153,0
DA:154,0
DA:155,0
DA:156,0
DA:157,0
DA:158,0
DA:159,0
DA:160,0
DA:161,0
DA:162,0
DA:163,0
DA:164,0
DA:165,0
DA:166,0
DA:167,0
DA:168,0
DA:169,0
DA:170,0
DA:171,0
DA:172,0
DA:173,0
DA:174,0
DA:175,0
DA:176,0
DA:177,0
DA:178,0
DA:179,0
DA:180,0
DA:181,0
DA:182,0
DA:183,0
DA:184,0
DA:185,0
DA:186,0
DA:187,0
DA:188,0
DA:189,0
DA:190,0
DA:191,0
DA:192,0
DA:193,0
DA:194,0
DA:195,0
DA:196,0
DA:197,0
DA:198,0
DA:199,0
DA:200,0
DA:201,0
DA:202,0
DA:203,0
DA:204,0
DA:205,0
DA:206,0
DA:207,0
DA:208,0
DA:209,0
DA:210,0
DA:211,0
DA:212,0
DA:213,0
DA:214,0
DA:215,0
DA:216,0
DA:217,0
DA:218,0
DA:219,0
DA:220,0
DA:221,0
DA:222,0
DA:223,0
DA:224,0
DA:225,0
DA:226,0
DA:227,0
DA:228,0
DA:229,0
DA:230,0
DA:231,0
DA:232,0
DA:233,0
DA:234,0
DA:235,0
DA:236,0
DA:237,0
DA:238,0
DA:239,0
DA:240,0
DA:241,0
DA:242,0
DA:243,0
DA:244,0
DA:245,0
DA:246,0
DA:247,0
DA:248,0
DA:249,0
DA:250,0
DA:251,0
DA:252,0
DA:253,0
DA:254,0
DA:255,0
DA:256,0
DA:257,0
DA:258,0
DA:259,0
DA:260,0
DA:261,0
DA:262,0
DA:263,0
DA:264,0
DA:265,0
DA:266,0
DA:267,0
DA:268,0
DA:269,0
DA:270,0
DA:271,0
DA:272,0
DA:273,0
DA:274,0
DA:275,0
DA:276,0
DA:277,0
DA:278,0
DA:279,0
DA:280,0
DA:281,0
DA:282,0
DA:283,0
DA:284,0
DA:285,0
DA:286,0
DA:287,0
DA:288,0
DA:289,0
DA:290,0
DA:291,0
DA:292,0
DA:293,0
DA:294,0
DA:295,0
DA:296,0
DA:297,0
DA:298,0
DA:299,0
DA:300,0
DA:301,0
DA:302,0
DA:303,0
DA:304,0
DA:305,0
DA:306,0
DA:307,0
DA:308,0
DA:309,0
DA:310,0
DA:311,0
DA:312,0
DA:313,0
DA:314,0
DA:315,0
DA:316,0
DA:317,0
DA:318,0
DA:319,0
DA:320,0
DA:321,0
DA:322,0
DA:323,0
DA:324,0
DA:325,0
DA:326,0
DA:327,0
DA:328,0
DA:329,0
DA:330,0
DA:331,0
DA:332,0
DA:333,0
DA:334,0
DA:335,0
DA:336,0
DA:337,0
DA:338,0
DA:339,0
DA:340,0
DA:341,0
DA:342,0
DA:343,0
DA:344,0
DA:345,0
DA:346,0
DA:347,0
DA:348,0
DA:349,0
DA:350,0
DA:351,0
DA:352,0
DA:353,0
DA:354,0
DA:355,0
DA:356,0
DA:357,0
DA:358,0
DA:359,0
DA:360,0
DA:361,0
DA:362,0
DA:363,0
DA:364,0
DA:365,0
DA:366,0
DA:367,0
DA:368,0
DA:369,0
DA:370,0
DA:371,0
DA:372,0
DA:373,0
DA:374,0
DA:375,0
DA:376,0
DA:377,0
DA:378,0
DA:379,0
DA:380,0
DA:381,0
DA:382,0
DA:383,0
DA:384,0
DA:385,0
DA:386,0
DA:387,0
DA:388,0
DA:389,0
DA:390,0
DA:391,0
DA:392,0
DA:393,0
DA:394,0
DA:395,0
DA:396,0
DA:397,0
DA:398,0
DA:399,0
DA:400,0
DA:401,0
DA:402,0
DA:403,0
DA:404,0
DA:405,0
DA:406,0
DA:407,0
DA:408,0
DA:409,0
DA:410,0
DA:411,0
DA:412,0
DA:413,0
DA:414,0
DA:415,0
DA:416,0
DA:417,0
DA:418,0
DA:419,0
DA:420,0
DA:421,0
DA:422,0
DA:423,0
DA:424,0
DA:425,0
DA:426,0
DA:427,0
DA:428,0
DA:429,0
DA:430,0
DA:431,0
DA:432,0
DA:433,0
DA:434,0
DA:435,0
DA:436,0
DA:437,0
DA:438,0
DA:439,0
DA:440,0
DA:441,0
DA:442,0
DA:443,0
DA:444,0
DA:445,0
DA:446,0
DA:447,0
DA:448,0
DA:449,0
DA:450,0
DA:451,0
DA:452,0
DA:453,0
DA:454,0
DA:455,0
DA:456,0
DA:457,0
DA:458,0
DA:459,0
DA:460,0
DA:461,0
DA:462,0
DA:463,0
DA:464,0
DA:465,0
DA:466,0
DA:467,0
DA:468,0
DA:469,0
DA:470,0
DA:471,0
DA:472,0
DA:473,0
DA:474,0
DA:475,0
DA:476,0
DA:477,0
DA:478,0
DA:479,0
DA:480,0
DA:481,0
DA:482,0
DA:483,0
DA:484,0
DA:485,0
DA:486,0
DA:487,0
DA:488,0
DA:489,0
DA:490,0
DA:491,0
DA:492,0
DA:493,0
LF:493
LH:0
BRDA:1,0,0,0
BRF:1
BRH:0
end_of_record
TN:
SF:app/components/product/ProductTable.vue
FN:1,(empty-report)
FNF:1
FNH:0
FNDA:0,(empty-report)
DA:1,0
DA:2,0
DA:3,0
DA:4,0
DA:5,0
DA:6,0
DA:7,0
DA:8,0
DA:9,0
DA:10,0
DA:11,0
DA:12,0
DA:13,0
DA:14,0
DA:15,0
DA:16,0
DA:17,0
DA:18,0
DA:19,0
DA:20,0
DA:21,0
DA:22,0
DA:23,0
DA:24,0
DA:25,0
DA:26,0
DA:27,0
DA:28,0
DA:29,0
DA:30,0
DA:31,0
DA:32,0
DA:33,0
DA:34,0
DA:35,0
DA:36,0
DA:37,0
DA:38,0
DA:39,0
DA:40,0
DA:41,0
DA:42,0
DA:43,0
DA:44,0
DA:45,0
DA:46,0
DA:47,0
DA:48,0
DA:49,0
DA:50,0
DA:51,0
DA:52,0
DA:53,0
DA:54,0
DA:55,0
DA:56,0
DA:57,0
DA:58,0
DA:59,0
DA:60,0
DA:61,0
DA:62,0
DA:63,0
DA:64,0
DA:65,0
DA:66,0
DA:67,0
DA:68,0
DA:69,0
DA:70,0
DA:71,0
DA:72,0
DA:73,0
DA:74,0
DA:75,0
DA:76,0
DA:77,0
DA:78,0
DA:79,0
DA:80,0
DA:81,0
DA:82,0
DA:83,0
DA:84,0
DA:85,0
DA:86,0
DA:87,0
DA:88,0
DA:89,0
DA:90,0
DA:91,0
DA:92,0
DA:93,0
DA:94,0
DA:95,0
DA:96,0
DA:97,0
DA:98,0
DA:99,0
DA:100,0
DA:101,0
DA:102,0
DA:103,0
DA:104,0
DA:105,0
DA:106,0
DA:107,0
DA:108,0
DA:109,0
DA:110,0
DA:111,0
DA:112,0
DA:113,0
DA:114,0
DA:115,0
DA:116,0
DA:117,0
DA:118,0
DA:119,0
DA:120,0
DA:121,0
DA:122,0
DA:123,0
DA:124,0
DA:125,0
DA:126,0
DA:127,0
DA:128,0
DA:129,0
DA:130,0
DA:131,0
DA:132,0
DA:133,0
DA:134,0
DA:135,0
DA:136,0
DA:137,0
DA:138,0
DA:139,0
DA:140,0
DA:141,0
DA:142,0
DA:143,0
DA:144,0
DA:145,0
DA:146,0
DA:147,0
DA:148,0
DA:149,0
DA:150,0
DA:151,0
DA:152,0
DA:153,0
DA:154,0
DA:155,0
DA:156,0
DA:157,0
DA:158,0
DA:159,0
DA:160,0
DA:161,0
DA:162,0
DA:163,0
DA:164,0
DA:165,0
DA:166,0
DA:167,0
DA:168,0
DA:169,0
DA:170,0
DA:171,0
DA:172,0
DA:173,0
DA:174,0
DA:175,0
DA:176,0
DA:177,0
DA:178,0
DA:179,0
DA:180,0
DA:181,0
DA:182,0
DA:183,0
DA:184,0
DA:185,0
DA:186,0
DA:187,0
DA:188,0
DA:189,0
DA:190,0
DA:191,0
DA:192,0
DA:193,0
DA:194,0
DA:195,0
DA:196,0
DA:197,0
DA:198,0
DA:199,0
DA:200,0
DA:201,0
DA:202,0
DA:203,0
DA:204,0
DA:205,0
DA:206,0
DA:207,0
DA:208,0
DA:209,0
DA:210,0
DA:211,0
DA:212,0
DA:213,0
DA:214,0
DA:215,0
DA:216,0
DA:217,0
DA:218,0
DA:219,0
DA:220,0
DA:221,0
DA:222,0
DA:223,0
DA:224,0
DA:225,0
DA:226,0
DA:227,0
DA:228,0
DA:229,0
DA:230,0
DA:231,0
DA:232,0
DA:233,0
DA:234,0
DA:235,0
DA:236,0
DA:237,0
DA:238,0
DA:239,0
DA:240,0
DA:241,0
DA:242,0
DA:243,0
DA:244,0
DA:245,0
DA:246,0
DA:247,0
DA:248,0
DA:249,0
DA:250,0
DA:251,0
DA:252,0
DA:253,0
DA:254,0
DA:255,0
DA:256,0
DA:257,0
DA:258,0
DA:259,0
DA:260,0
DA:261,0
DA:262,0
DA:263,0
DA:264,0
DA:265,0
DA:266,0
DA:267,0
DA:268,0
DA:269,0
DA:270,0
DA:271,0
DA:272,0
DA:273,0
DA:274,0
LF:274
LH:0
BRDA:1,0,0,0
BRF:1
BRH:0
end_of_record
TN:
SF:app/components/ui/AppButton.vue
FN:1,(empty-report)
FNF:1
FNH:0
FNDA:0,(empty-report)
DA:1,0
DA:2,0
DA:3,0
DA:4,0
DA:5,0
DA:6,0
DA:7,0
DA:8,0
DA:9,0
DA:10,0
DA:11,0
DA:12,0
DA:13,0
DA:14,0
DA:15,0
DA:16,0
DA:17,0
DA:18,0
DA:19,0
DA:20,0
DA:21,0
DA:22,0
DA:23,0
DA:24,0
DA:25,0
DA:26,0
DA:27,0
DA:28,0
DA:29,0
DA:30,0
DA:31,0
DA:32,0
DA:33,0
DA:34,0
DA:35,0
DA:36,0
DA:37,0
DA:38,0
DA:39,0
DA:40,0
DA:41,0
DA:42,0
DA:43,0
DA:44,0
DA:45,0
DA:46,0
DA:47,0
DA:48,0
DA:49,0
DA:50,0
DA:51,0
DA:52,0
DA:53,0
DA:54,0
DA:55,0
DA:56,0
DA:57,0
DA:58,0
DA:59,0
DA:60,0
DA:61,0
DA:62,0
DA:63,0
DA:64,0
DA:65,0
DA:66,0
DA:67,0
DA:68,0
DA:69,0
DA:70,0
DA:71,0
DA:72,0
DA:73,0
DA:74,0
DA:75,0
DA:76,0
DA:77,0
DA:78,0
DA:79,0
DA:80,0
DA:81,0
DA:82,0
DA:83,0
DA:84,0
DA:85,0
DA:86,0
DA:87,0
DA:88,0
DA:89,0
DA:90,0
DA:91,0
DA:92,0
DA:93,0
DA:94,0
DA:95,0
DA:96,0
DA:97,0
DA:98,0
DA:99,0
DA:100,0
DA:101,0
DA:102,0
DA:103,0
DA:104,0
DA:105,0
DA:106,0
DA:107,0
DA:108,0
DA:109,0
DA:110,0
DA:111,0
DA:112,0
DA:113,0
DA:114,0
DA:115,0
DA:116,0
DA:117,0
DA:118,0
DA:119,0
DA:120,0
DA:121,0
LF:121
LH:0
BRDA:1,0,0,0
BRF:1
BRH:0
end_of_record
TN:
SF:app/components/ui/AppTable.vue
FN:1,(empty-report)
FNF:1
FNH:0
FNDA:0,(empty-report)
DA:1,0
DA:2,0
DA:3,0
DA:4,0
DA:5,0
DA:6,0
DA:7,0
DA:8,0
DA:9,0
DA:10,0
DA:11,0
DA:12,0
DA:13,0
DA:14,0
DA:15,0
DA:16,0
DA:17,0
DA:18,0
DA:19,0
DA:20,0
DA:21,0
DA:22,0
DA:23,0
DA:24,0
DA:25,0
DA:26,0
DA:27,0
DA:28,0
DA:29,0
DA:30,0
DA:31,0
DA:32,0
DA:33,0
DA:34,0
DA:35,0
DA:36,0
DA:37,0
DA:38,0
DA:39,0
DA:40,0
DA:41,0
DA:42,0
DA:43,0
DA:44,0
DA:45,0
DA:46,0
DA:47,0
DA:48,0
DA:49,0
DA:50,0
DA:51,0
DA:52,0
DA:53,0
DA:54,0
DA:55,0
DA:56,0
DA:57,0
DA:58,0
DA:59,0
DA:60,0
DA:61,0
DA:62,0
DA:63,0
DA:64,0
DA:65,0
DA:66,0
DA:67,0
DA:68,0
DA:69,0
DA:70,0
DA:71,0
DA:72,0
DA:73,0
DA:74,0
DA:75,0
DA:76,0
DA:77,0
DA:78,0
DA:79,0
DA:80,0
DA:81,0
DA:82,0
DA:83,0
DA:84,0
DA:85,0
DA:86,0
DA:87,0
DA:88,0
DA:89,0
DA:90,0
DA:91,0
DA:92,0
DA:93,0
DA:94,0
DA:95,0
DA:96,0
DA:97,0
DA:98,0
DA:99,0
DA:100,0
DA:101,0
DA:102,0
DA:103,0
DA:104,0
DA:105,0
DA:106,0
DA:107,0
DA:108,0
DA:109,0
DA:110,0
DA:111,0
DA:112,0
DA:113,0
DA:114,0
DA:115,0
DA:116,0
DA:117,0
DA:118,0
DA:119,0
DA:120,0
DA:121,0
DA:122,0
DA:123,0
DA:124,0
DA:125,0
DA:126,0
DA:127,0
DA:128,0
DA:129,0
DA:130,0
DA:131,0
DA:132,0
DA:133,0
DA:134,0
DA:135,0
DA:136,0
DA:137,0
DA:138,0
DA:139,0
DA:140,0
DA:141,0
DA:142,0
DA:143,0
DA:144,0
DA:145,0
DA:146,0
DA:147,0
DA:148,0
DA:149,0
DA:150,0
DA:151,0
DA:152,0
DA:153,0
DA:154,0
DA:155,0
DA:156,0
DA:157,0
DA:158,0
DA:159,0
DA:160,0
DA:161,0
DA:162,0
DA:163,0
DA:164,0
DA:165,0
DA:166,0
DA:167,0
DA:168,0
DA:169,0
DA:170,0
DA:171,0
DA:172,0
DA:173,0
DA:174,0
DA:175,0
DA:176,0
DA:177,0
DA:178,0
DA:179,0
DA:180,0
DA:181,0
DA:182,0
DA:183,0
DA:184,0
DA:185,0
DA:186,0
DA:187,0
DA:188,0
DA:189,0
DA:190,0
DA:191,0
DA:192,0
DA:193,0
LF:193
LH:0
BRDA:1,0,0,0
BRF:1
BRH:0
end_of_record
TN:
SF:app/components/ui/StatusBadge.vue
FN:1,(empty-report)
FNF:1
FNH:0
FNDA:0,(empty-report)
DA:1,0
DA:2,0
DA:3,0
DA:4,0
DA:5,0
DA:6,0
DA:7,0
DA:8,0
DA:9,0
DA:10,0
DA:11,0
DA:12,0
DA:13,0
DA:14,0
DA:15,0
DA:16,0
DA:17,0
DA:18,0
DA:19,0
DA:20,0
DA:21,0
DA:22,0
DA:23,0
DA:24,0
DA:25,0
DA:26,0
DA:27,0
DA:28,0
DA:29,0
DA:30,0
DA:31,0
DA:32,0
DA:33,0
DA:34,0
DA:35,0
DA:36,0
DA:37,0
DA:38,0
DA:39,0
DA:40,0
DA:41,0
DA:42,0
DA:43,0
DA:44,0
DA:45,0
DA:46,0
DA:47,0
DA:48,0
DA:49,0
DA:50,0
DA:51,0
DA:52,0
DA:53,0
DA:54,0
DA:55,0
DA:56,0
DA:57,0
DA:58,0
DA:59,0
DA:60,0
DA:61,0
DA:62,0
DA:63,0
DA:64,0
DA:65,0
DA:66,0
DA:67,0
DA:68,0
DA:69,0
DA:70,0
DA:71,0
DA:72,0
DA:73,0
DA:74,0
DA:75,0
DA:76,0
DA:77,0
DA:78,0
DA:79,0
DA:80,0
DA:81,0
DA:82,0
DA:83,0
DA:84,0
DA:85,0
DA:86,0
DA:87,0
DA:88,0
DA:89,0
DA:90,0
DA:91,0
DA:92,0
DA:93,0
DA:94,0
DA:95,0
DA:96,0
DA:97,0
DA:98,0
DA:99,0
DA:100,0
DA:101,0
DA:102,0
DA:103,0
DA:104,0
DA:105,0
DA:106,0
DA:107,0
DA:108,0
DA:109,0
DA:110,0
DA:111,0
DA:112,0
DA:113,0
DA:114,0
DA:115,0
DA:116,0
DA:117,0
DA:118,0
DA:119,0
DA:120,0
DA:121,0
DA:122,0
DA:123,0
DA:124,0
DA:125,0
DA:126,0
DA:127,0
DA:128,0
DA:129,0
DA:130,0
DA:131,0
DA:132,0
DA:133,0
DA:134,0
DA:135,0
DA:136,0
DA:137,0
DA:138,0
DA:139,0
DA:140,0
DA:141,0
DA:142,0
DA:143,0
DA:144,0
DA:145,0
DA:146,0
DA:147,0
DA:148,0
DA:149,0
DA:150,0
DA:151,0
DA:152,0
DA:153,0
DA:154,0
DA:155,0
DA:156,0
DA:157,0
DA:158,0
DA:159,0
DA:160,0
DA:161,0
LF:161
LH:0
BRDA:1,0,0,0
BRF:1
BRH:0
end_of_record
TN:
SF:app/composables/useApi.ts
FN:1,(empty-report)
FNF:1
FNH:1
FNDA:1,(empty-report)
DA:33,0
DA:34,0
DA:35,0
DA:36,0
DA:37,0
DA:39,0
DA:42,0
DA:43,0
DA:44,0
DA:45,0
DA:46,0
DA:47,0
DA:48,0
DA:49,0
DA:50,0
DA:53,0
DA:54,0
DA:56,0
DA:57,0
DA:58,0
DA:59,0
DA:60,0
DA:61,0
DA:62,0
DA:64,0
DA:65,0
DA:68,0
DA:69,0
DA:71,0
DA:72,0
DA:73,0
DA:74,0
DA:75,0
DA:76,0
DA:77,0
DA:79,0
DA:80,0
DA:83,0
DA:84,0
DA:85,0
DA:86,0
DA:87,0
DA:88,0
DA:89,0
DA:90,0
DA:91,0
DA:92,0
DA:93,0
DA:94,0
DA:95,0
DA:97,0
DA:98,0
DA:99,0
DA:101,0
DA:103,0
DA:106,0
DA:107,0
DA:108,0
DA:109,0
DA:110,0
DA:111,0
DA:112,0
DA:115,0
DA:116,0
DA:117,0
DA:118,0
DA:120,0
DA:121,0
DA:122,0
DA:125,0
DA:128,0
DA:130,0
DA:131,0
DA:132,0
DA:133,0
DA:134,0
DA:135,0
DA:136,0
DA:139,0
DA:140,0
DA:141,0
DA:142,0
DA:143,0
DA:144,0
DA:146,0
DA:148,0
DA:150,0
DA:151,0
DA:152,0
DA:153,0
DA:154,0
DA:155,0
DA:156,0
DA:157,0
DA:158,0
DA:159,0
DA:162,0
DA:163,0
DA:164,0
DA:166,0
DA:167,0
DA:168,0
DA:170,0
DA:171,0
DA:172,0
DA:174,0
DA:175,0
DA:176,0
DA:178,0
DA:179,0
DA:180,0
DA:183,0
DA:184,0
DA:185,0
DA:187,0
DA:188,0
DA:189,0
DA:191,0
DA:192,0
DA:193,0
DA:195,0
DA:196,0
DA:197,0
DA:200,0
DA:201,0
DA:202,0
DA:203,0
DA:204,0
DA:205,0
DA:206,0
DA:207,0
DA:208,0
DA:209,0
DA:210,0
DA:211,0
DA:212,0
DA:213,0
DA:215,0
DA:216,0
DA:219,0
DA:220,0
DA:221,0
DA:222,0
DA:223,0
DA:224,0
DA:225,0
DA:226,0
DA:227,0
DA:229,0
DA:231,0
DA:234,0
DA:235,0
DA:236,0
DA:237,0
DA:238,0
DA:239,0
DA:242,0
DA:243,0
DA:244,0
DA:245,0
DA:248,0
DA:251,0
DA:252,0
DA:253,0
DA:254,0
DA:255,0
LF:166
LH:0
BRDA:1,0,0,1
BRF:1
BRH:1
end_of_record
TN:
SF:app/composables/useAuth.ts
FN:1,(empty-report)
FNF:1
FNH:0
FNDA:0,(empty-report)
DA:1,0
DA:14,0
DA:15,0
DA:16,0
DA:18,0
DA:19,0
DA:20,0
DA:21,0
DA:22,0
DA:23,0
DA:25,0
DA:26,0
DA:27,0
DA:29,0
DA:30,0
DA:31,0
DA:32,0
DA:34,0
DA:35,0
DA:36,0
DA:37,0
DA:38,0
DA:39,0
DA:40,0
DA:41,0
DA:42,0
DA:44,0
DA:45,0
DA:46,0
DA:47,0
DA:49,0
DA:50,0
DA:51,0
DA:52,0
DA:54,0
DA:55,0
DA:56,0
DA:57,0
DA:58,0
DA:59,0
DA:60,0
DA:61,0
DA:62,0
DA:63,0
DA:64,0
DA:65,0
DA:67,0
DA:68,0
DA:69,0
DA:70,0
DA:72,0
DA:73,0
DA:74,0
DA:75,0
DA:76,0
DA:78,0
DA:79,0
DA:80,0
DA:81,0
DA:83,0
DA:84,0
DA:85,0
DA:86,0
DA:87,0
DA:89,0
DA:90,0
DA:91,0
DA:92,0
DA:94,0
DA:95,0
DA:96,0
DA:97,0
DA:98,0
DA:100,0
DA:101,0
DA:102,0
DA:103,0
DA:104,0
DA:105,0
DA:106,0
DA:107,0
DA:108,0
DA:110,0
DA:111,0
DA:112,0
DA:113,0
DA:114,0
DA:115,0
DA:116,0
DA:117,0
DA:118,0
DA:119,0
DA:120,0
DA:121,0
DA:122,0
DA:123,0
DA:124,0
DA:125,0
DA:126,0
DA:127,0
LF:100
LH:0
BRDA:1,0,0,0
BRF:1
BRH:0
end_of_record
TN:
SF:app/composables/useLoginDiagnostics.ts
FN:1,(empty-report)
FNF:1
FNH:0
FNDA:0,(empty-report)
DA:1,0
DA:12,0
DA:13,0
DA:15,0
DA:16,0
DA:17,0
DA:18,0
DA:19,0
DA:20,0
DA:22,0
DA:23,0
DA:24,0
DA:25,0
DA:26,0
DA:27,0
DA:28,0
DA:29,0
DA:30,0
DA:32,0
DA:33,0
DA:34,0
DA:35,0
DA:36,0
DA:37,0
DA:38,0
DA:39,0
DA:40,0
DA:41,0
DA:42,0
DA:43,0
DA:44,0
DA:45,0
DA:46,0
DA:47,0
DA:48,0
DA:49,0
DA:50,0
DA:51,0
DA:52,0
DA:53,0
DA:54,0
DA:55,0
DA:56,0
DA:57,0
DA:58,0
DA:60,0
DA:61,0
DA:62,0
DA:64,0
DA:65,0
DA:66,0
DA:67,0
DA:68,0
DA:69,0
DA:71,0
DA:72,0
DA:73,0
DA:74,0
DA:75,0
DA:77,0
DA:78,0
DA:80,0
DA:81,0
DA:82,0
DA:83,0
DA:84,0
DA:85,0
DA:86,0
DA:87,0
DA:88,0
LF:70
LH:0
BRDA:1,0,0,0
BRF:1
BRH:0
end_of_record
TN:
SF:app/composables/useModal.ts
FN:1,(empty-report)
FNF:1
FNH:1
FNDA:1,(empty-report)
DA:26,0
DA:27,0
DA:28,0
DA:29,0
DA:30,0
DA:31,0
DA:32,0
DA:34,0
DA:37,0
DA:38,0
DA:39,0
DA:40,0
DA:41,0
DA:42,0
DA:43,0
DA:44,0
DA:45,0
DA:46,0
DA:47,0
DA:48,0
DA:49,0
DA:50,0
DA:51,0
DA:52,0
DA:53,0
DA:54,0
DA:57,0
DA:58,0
DA:61,0
DA:63,0
DA:64,0
DA:67,0
DA:68,0
DA:69,0
DA:70,0
DA:71,0
DA:72,0
DA:73,0
DA:74,0
DA:77,0
DA:78,0
DA:79,0
DA:80,0
DA:81,0
DA:82,0
DA:83,0
DA:84,0
DA:85,0
DA:87,0
DA:88,0
DA:90,0
DA:91,0
DA:94,0
DA:95,0
DA:96,0
DA:97,0
DA:98,0
DA:99,0
DA:100,0
DA:101,0
DA:103,0
DA:104,0
DA:107,0
DA:110,0
DA:113,0
DA:116,0
DA:117,0
DA:118,0
DA:119,0
DA:120,0
DA:121,0
DA:122,0
DA:123,0
DA:124,0
DA:125,0
DA:126,0
DA:128,0
DA:130,0
DA:131,0
DA:132,0
DA:133,0
DA:134,0
DA:135,0
DA:136,0
DA:137,0
DA:138,0
DA:139,0
DA:140,0
DA:141,0
DA:142,0
DA:143,0
DA:145,0
DA:146,0
DA:147,0
DA:149,0
DA:150,0
DA:151,0
DA:153,0
DA:154,0
DA:155,0
DA:156,0
DA:157,0
DA:158,0
DA:159,0
DA:179,0
DA:182,0
DA:183,0
DA:184,0
DA:185,0
DA:186,0
DA:188,0
DA:189,0
DA:190,0
DA:192,0
DA:193,0
DA:194,0
DA:195,0
DA:196,0
DA:197,0
DA:198,0
DA:216,0
DA:219,0
DA:220,0
DA:221,0
DA:222,0
DA:223,0
DA:224,0
DA:227,0
DA:228,0
DA:231,0
DA:232,0
DA:233,0
DA:234,0
DA:235,0
DA:236,0
DA:237,0
DA:238,0
DA:239,0
DA:240,0
DA:241,0
DA:242,0
DA:243,0
DA:244,0
DA:245,0
DA:247,0
DA:248,0
DA:249,0
DA:252,0
DA:253,0
DA:254,0
DA:255,0
DA:256,0
DA:257,0
DA:259,0
DA:260,0
DA:261,0
DA:262,0
DA:263,0
DA:264,0
DA:265,0
DA:266,0
DA:267,0
DA:270,0
DA:271,0
DA:272,0
DA:273,0
DA:279,0
DA:306,0
DA:308,0
DA:309,0
DA:310,0
DA:311,0
DA:312,0
DA:313,0
DA:314,0
DA:315,0
DA:318,0
DA:319,0
DA:320,0
DA:322,0
DA:324,0
DA:325,0
DA:326,0
DA:329,0
DA:330,0
DA:331,0
DA:334,0
DA:335,0
DA:336,0
DA:337,0
DA:338,0
DA:339,0
LF:192
LH:0
BRDA:1,0,0,1
BRF:1
BRH:1
end_of_record
TN:
SF:app/composables/usePagination.ts
FN:1,(empty-report)
FNF:1
FNH:1
FNDA:1,(empty-report)
DA:19,0
DA:20,0
DA:21,0
DA:22,0
DA:23,0
DA:24,0
DA:25,0
DA:26,0
DA:28,0
DA:29,0
DA:32,0
DA:33,0
DA:34,0
DA:35,0
DA:36,0
DA:39,0
DA:40,0
DA:41,0
DA:42,0
DA:43,0
DA:44,0
DA:45,0
DA:46,0
DA:47,0
DA:48,0
DA:50,0
DA:52,0
DA:53,0
DA:54,0
DA:55,0
DA:57,0
DA:58,0
DA:59,0
DA:60,0
DA:61,0
DA:62,0
DA:63,0
DA:64,0
DA:65,0
DA:67,0
DA:68,0
DA:69,0
DA:70,0
DA:71,0
DA:73,0
DA:74,0
DA:75,0
DA:76,0
DA:79,0
DA:80,0
DA:82,0
DA:85,0
DA:86,0
DA:87,0
DA:88,0
DA:89,0
DA:91,0
DA:92,0
DA:93,0
DA:94,0
DA:95,0
DA:97,0
DA:98,0
DA:99,0
DA:100,0
DA:101,0
DA:104,0
DA:106,0
DA:107,0
DA:108,0
DA:109,0
DA:112,0
DA:113,0
DA:115,0
DA:117,0
DA:118,0
DA:119,0
DA:120,0
DA:121,0
DA:122,0
DA:124,0
DA:125,0
DA:126,0
DA:127,0
DA:128,0
DA:129,0
DA:131,0
DA:132,0
DA:133,0
DA:134,0
DA:137,0
DA:138,0
DA:139,0
DA:140,0
DA:141,0
DA:142,0
DA:144,0
DA:145,0
DA:146,0
DA:148,0
DA:149,0
DA:150,0
DA:151,0
DA:153,0
DA:154,0
DA:156,0
DA:157,0
DA:158,0
DA:160,0
DA:161,0
DA:162,0
DA:163,0
DA:165,0
DA:166,0
DA:168,0
DA:169,0
DA:170,0
DA:171,0
DA:172,0
DA:175,0
DA:176,0
DA:177,0
DA:178,0
DA:179,0
DA:180,0
DA:182,0
DA:183,0
DA:184,0
DA:185,0
DA:186,0
DA:187,0
DA:189,0
DA:190,0
DA:191,0
DA:192,0
DA:194,0
DA:195,0
DA:196,0
DA:197,0
DA:198,0
DA:199,0
DA:200,0
DA:201,0
DA:202,0
DA:203,0
DA:205,0
DA:206,0
DA:208,0
DA:209,0
DA:210,0
DA:212,0
DA:213,0
DA:214,0
DA:215,0
DA:216,0
DA:217,0
DA:220,0
DA:221,0
DA:222,0
DA:223,0
DA:224,0
DA:225,0
DA:226,0
DA:227,0
DA:230,0
DA:231,0
DA:233,0
DA:235,0
DA:236,0
DA:237,0
DA:239,0
DA:240,0
DA:241,0
DA:243,0
DA:244,0
DA:245,0
DA:247,0
DA:248,0
DA:249,0
DA:252,0
DA:253,0
DA:254,0
DA:257,0
DA:258,0
DA:259,0
DA:260,0
DA:261,0
DA:263,0
DA:265,0
DA:266,0
DA:267,0
DA:268,0
DA:269,0
DA:272,0
DA:273,0
DA:274,0
DA:275,0
DA:276,0
DA:277,0
DA:280,0
DA:283,0
DA:284,0
DA:285,0
DA:286,0
DA:287,0
DA:288,0
DA:289,0
DA:290,0
DA:291,0
DA:292,0
DA:293,0
DA:296,0
DA:297,0
DA:298,0
DA:299,0
DA:300,0
LF:216
LH:0
BRDA:1,0,0,1
BRF:1
BRH:1
end_of_record
TN:
SF:app/composables/useToast.ts
FN:1,(empty-report)
FNF:1
FNH:1
FNDA:1,(empty-report)
DA:23,0
DA:25,0
DA:26,0
DA:29,0
DA:30,0
DA:31,0
DA:34,0
DA:35,0
DA:36,0
DA:37,0
DA:38,0
DA:39,0
DA:40,0
DA:41,0
DA:42,0
DA:43,0
DA:46,0
DA:47,0
DA:48,0
DA:49,0
DA:50,0
DA:51,0
DA:52,0
DA:53,0
DA:54,0
DA:55,0
DA:57,0
DA:58,0
DA:60,0
DA:61,0
DA:62,0
DA:63,0
DA:64,0
DA:65,0
DA:66,0
DA:67,0
DA:68,0
DA:69,0
DA:70,0
DA:71,0
DA:74,0
DA:77,0
DA:78,0
DA:79,0
DA:80,0
DA:81,0
DA:83,0
DA:84,0
DA:87,0
DA:88,0
DA:89,0
DA:90,0
DA:93,0
DA:94,0
DA:95,0
DA:98,0
DA:101,0
DA:102,0
DA:103,0
DA:104,0
DA:105,0
DA:108,0
DA:109,0
DA:110,0
DA:111,0
DA:112,0
DA:113,0
DA:114,0
DA:115,0
DA:118,0
DA:119,0
DA:120,0
DA:121,0
DA:122,0
DA:123,0
DA:124,0
DA:126,0
DA:127,0
DA:128,0
DA:129,0
DA:130,0
DA:131,0
DA:132,0
DA:133,0
DA:135,0
DA:136,0
DA:137,0
DA:138,0
DA:139,0
DA:140,0
DA:141,0
DA:143,0
DA:144,0
DA:145,0
DA:146,0
DA:147,0
DA:148,0
DA:149,0
DA:152,0
DA:155,0
DA:157,0
DA:159,0
DA:160,0
DA:161,0
DA:164,0
DA:165,0
DA:166,0
DA:169,0
DA:170,0
DA:171,0
DA:172,0
DA:175,0
DA:176,0
DA:177,0
DA:180,0
DA:181,0
DA:182,0
DA:183,0
DA:185,0
DA:186,0
DA:187,0
DA:188,0
DA:189,0
DA:190,0
DA:191,0
DA:192,0
DA:193,0
DA:194,0
DA:195,0
DA:197,0
DA:198,0
DA:200,0
DA:201,0
DA:202,0
DA:203,0
DA:204,0
DA:205,0
DA:206,0
DA:207,0
DA:208,0
DA:209,0
DA:210,0
DA:212,0
DA:213,0
DA:214,0
DA:216,0
DA:217,0
DA:218,0
DA:219,0
DA:221,0
DA:222,0
DA:223,0
DA:224,0
DA:225,0
DA:226,0
DA:227,0
DA:228,0
DA:230,0
DA:233,0
DA:234,0
DA:235,0
DA:236,0
DA:239,0
DA:240,0
DA:241,0
DA:242,0
DA:243,0
DA:244,0
DA:245,0
DA:246,0
DA:247,0
DA:250,0
DA:251,0
DA:252,0
DA:253,0
DA:254,0
DA:255,0
DA:257,0
DA:258,0
DA:260,0
DA:261,0
DA:262,0
DA:263,0
DA:264,0
DA:265,0
DA:266,0
DA:267,0
DA:268,0
LF:188
LH:0
BRDA:1,0,0,1
BRF:1
BRH:1
end_of_record
TN:
SF:app/stores/customer.ts
FN:37,getCustomerById
FN:42,fetchCustomers
FN:78,fetchCustomerById
FN:96,createCustomer
FN:118,updateCustomer
FN:147,changeCustomerStatus
FN:176,deleteCustomer
FN:204,searchCustomers
FN:208,getCustomersByStatus
FN:212,setPage
FN:216,setSize
FN:221,setSort
FN:225,reset
FNF:13
FNH:7
FNDA:0,getCustomerById
FNDA:2,fetchCustomers
FNDA:0,fetchCustomerById
FNDA:1,createCustomer
FNDA:1,updateCustomer
FNDA:1,changeCustomerStatus
FNDA:1,deleteCustomer
FNDA:0,searchCustomers
FNDA:1,getCustomersByStatus
FNDA:0,setPage
FNDA:0,setSize
FNDA:0,setSort
FNDA:1,reset
DA:1,1
DA:13,1
DA:15,8
DA:16,8
DA:17,8
DA:18,8
DA:19,8
DA:20,8
DA:21,8
DA:22,8
DA:23,8
DA:24,8
DA:25,8
DA:26,8
DA:27,8
DA:28,8
DA:31,8
DA:32,8
DA:33,8
DA:34,8
DA:35,8
DA:37,8
DA:38,0
DA:39,0
DA:42,8
DA:43,2
DA:44,2
DA:46,2
DA:47,2
DA:48,2
DA:49,2
DA:50,2
DA:51,2
DA:52,2
DA:53,2
DA:54,2
DA:55,2
DA:57,2
DA:58,2
DA:60,2
DA:61,2
DA:62,2
DA:63,2
DA:64,2
DA:65,2
DA:66,2
DA:67,2
DA:69,2
DA:70,2
DA:71,0
DA:72,0
DA:73,2
DA:74,2
DA:75,2
DA:76,2
DA:78,8
DA:79,0
DA:80,0
DA:82,0
DA:83,0
DA:84,0
DA:85,0
DA:86,0
DA:87,0
DA:88,0
DA:89,0
DA:90,0
DA:91,0
DA:92,0
DA:93,0
DA:94,0
DA:96,8
DA:97,1
DA:98,1
DA:100,1
DA:101,1
DA:102,1
DA:103,1
DA:106,1
DA:107,1
DA:109,1
DA:110,1
DA:111,0
DA:112,0
DA:113,1
DA:114,1
DA:115,1
DA:116,1
DA:118,8
DA:119,1
DA:120,1
DA:122,1
DA:123,1
DA:124,1
DA:125,1
DA:128,1
DA:129,1
DA:130,1
DA:131,1
DA:134,1
DA:135,0
DA:136,0
DA:138,1
DA:139,1
DA:140,0
DA:141,0
DA:142,1
DA:143,1
DA:144,1
DA:145,1
DA:147,8
DA:148,1
DA:149,1
DA:151,1
DA:152,1
DA:153,1
DA:154,1
DA:157,1
DA:158,1
DA:159,1
DA:160,1
DA:163,1
DA:164,0
DA:165,0
DA:167,1
DA:168,1
DA:169,0
DA:170,0
DA:171,1
DA:172,1
DA:173,1
DA:174,1
DA:176,8
DA:177,1
DA:178,1
DA:180,1
DA:181,1
DA:182,1
DA:183,1
DA:186,1
DA:187,1
DA:188,1
DA:189,1
DA:190,1
DA:193,1
DA:194,0
DA:195,0
DA:196,1
DA:197,0
DA:198,0
DA:199,1
DA:200,1
DA:201,1
DA:202,1
DA:204,8
DA:205,0
DA:206,0
DA:208,8
DA:209,1
DA:210,1
DA:212,8
DA:213,0
DA:214,0
DA:216,8
DA:217,0
DA:218,0
DA:219,0
DA:221,8
DA:222,0
DA:223,0
DA:225,8
DA:226,1
DA:227,1
DA:228,1
DA:229,1
DA:230,1
DA:231,1
DA:232,1
DA:233,1
DA:234,1
DA:235,1
DA:236,1
DA:237,1
DA:239,8
DA:241,8
DA:242,8
DA:243,8
DA:244,8
DA:245,8
DA:248,8
DA:249,8
DA:250,8
DA:251,8
DA:252,8
DA:253,8
DA:256,8
DA:257,8
DA:258,8
DA:259,8
DA:260,8
DA:261,8
DA:262,8
DA:263,8
DA:264,8
DA:265,8
DA:266,8
DA:267,8
DA:268,8
DA:269,8
LF:209
LH:167
BRDA:13,0,0,8
BRDA:42,1,0,2
BRDA:53,2,0,0
BRDA:54,3,0,1
BRDA:70,4,0,0
BRDA:96,5,0,1
BRDA:110,6,0,0
BRDA:118,7,0,1
BRDA:134,8,0,0
BRDA:134,9,0,0
BRDA:139,10,0,0
BRDA:128,11,0,1
BRDA:147,12,0,1
BRDA:163,13,0,0
BRDA:163,14,0,0
BRDA:168,15,0,0
BRDA:157,16,0,1
BRDA:176,17,0,1
BRDA:193,18,0,0
BRDA:193,19,0,0
BRDA:196,20,0,0
BRDA:186,21,0,1
BRDA:208,22,0,1
BRDA:225,23,0,1
BRF:24
BRH:12
end_of_record
TN:
SF:app/stores/invoice.ts
FN:52,getInvoiceById
FN:57,fetchInvoices
FN:99,fetchInvoiceById
FN:117,createInvoice
FN:138,changeInvoiceStatus
FN:165,getInvoicesByCustomer
FN:169,getInvoicesByStatus
FN:173,getUnpaidInvoices
FN:177,getOverdueInvoices
FN:181,searchInvoices
FN:185,getInvoicesByDateRange
FN:189,getInvoicesByInvoiceNumber
FN:206,setPage
FN:210,setSize
FN:215,setSort
FN:219,reset
FNF:16
FNH:7
FNDA:0,getInvoiceById
FNDA:5,fetchInvoices
FNDA:0,fetchInvoiceById
FNDA:1,createInvoice
FNDA:1,changeInvoiceStatus
FNDA:1,getInvoicesByCustomer
FNDA:1,getInvoicesByStatus
FNDA:1,getUnpaidInvoices
FNDA:1,getOverdueInvoices
FNDA:0,searchInvoices
FNDA:0,getInvoicesByDateRange
FNDA:0,getInvoicesByInvoiceNumber
FNDA:0,setPage
FNDA:0,setSize
FNDA:0,setSort
FNDA:0,reset
DA:1,1
DA:13,1
DA:15,10
DA:16,10
DA:17,10
DA:18,10
DA:19,10
DA:20,10
DA:21,10
DA:22,10
DA:23,10
DA:24,10
DA:25,10
DA:26,10
DA:27,10
DA:28,10
DA:31,10
DA:32,10
DA:33,10
DA:34,10
DA:35,10
DA:36,10
DA:37,10
DA:39,10
DA:40,10
DA:41,10
DA:42,10
DA:44,10
DA:45,1
DA:46,10
DA:48,10
DA:49,0
DA:50,10
DA:52,10
DA:53,0
DA:54,0
DA:57,10
DA:58,5
DA:59,5
DA:61,5
DA:62,5
DA:63,5
DA:64,5
DA:65,5
DA:66,5
DA:67,5
DA:68,5
DA:69,5
DA:70,5
DA:71,5
DA:72,5
DA:73,5
DA:74,5
DA:75,5
DA:76,5
DA:78,5
DA:79,5
DA:81,5
DA:82,5
DA:83,5
DA:84,5
DA:85,5
DA:86,5
DA:87,5
DA:88,5
DA:90,5
DA:91,5
DA:92,0
DA:93,0
DA:94,5
DA:95,5
DA:96,5
DA:97,5
DA:99,10
DA:100,0
DA:101,0
DA:103,0
DA:104,0
DA:105,0
DA:106,0
DA:107,0
DA:108,0
DA:109,0
DA:110,0
DA:111,0
DA:112,0
DA:113,0
DA:114,0
DA:115,0
DA:117,10
DA:118,1
DA:119,1
DA:121,1
DA:122,1
DA:123,1
DA:124,1
DA:126,1
DA:127,1
DA:129,1
DA:130,1
DA:131,0
DA:132,0
DA:133,1
DA:134,1
DA:135,1
DA:136,1
DA:138,10
DA:139,1
DA:140,1
DA:142,1
DA:143,1
DA:144,1
DA:145,1
DA:147,1
DA:148,1
DA:149,1
DA:150,1
DA:152,1
DA:153,0
DA:154,0
DA:156,1
DA:157,1
DA:158,0
DA:159,0
DA:160,1
DA:161,1
DA:162,1
DA:163,1
DA:165,10
DA:166,1
DA:167,1
DA:169,10
DA:170,1
DA:171,1
DA:173,10
DA:174,1
DA:175,1
DA:177,10
DA:178,1
DA:179,1
DA:181,10
DA:182,0
DA:183,0
DA:185,10
DA:186,0
DA:187,0
DA:189,10
DA:190,0
DA:191,0
DA:193,0
DA:194,0
DA:195,0
DA:196,0
DA:197,0
DA:198,0
DA:199,0
DA:200,0
DA:201,0
DA:202,0
DA:203,0
DA:204,0
DA:206,10
DA:207,0
DA:208,0
DA:210,10
DA:211,0
DA:212,0
DA:213,0
DA:215,10
DA:216,0
DA:217,0
DA:219,10
DA:220,0
DA:221,0
DA:222,0
DA:223,0
DA:224,0
DA:225,0
DA:226,0
DA:227,0
DA:228,0
DA:229,0
DA:230,0
DA:231,0
DA:233,10
DA:235,10
DA:236,10
DA:237,10
DA:238,10
DA:239,10
DA:242,10
DA:243,10
DA:244,10
DA:245,10
DA:246,10
DA:247,10
DA:248,10
DA:249,10
DA:250,10
DA:251,10
DA:252,10
DA:253,10
DA:254,10
DA:255,10
DA:258,10
DA:259,10
DA:260,10
DA:261,10
DA:262,10
DA:263,10
DA:264,10
DA:265,10
DA:266,10
DA:267,10
DA:268,10
DA:269,10
DA:270,10
DA:271,10
DA:272,10
DA:273,10
DA:274,10
LF:221
LH:158
BRDA:13,0,0,10
BRDA:32,1,0,1
BRDA:32,2,0,3
BRDA:33,3,0,1
BRDA:33,4,0,3
BRDA:34,5,0,1
BRDA:34,6,0,3
BRDA:35,7,0,1
BRDA:35,8,0,3
BRDA:36,9,0,1
BRDA:36,10,0,3
BRDA:37,11,0,1
BRDA:37,12,0,3
BRDA:39,13,0,2
BRDA:39,14,0,5
BRDA:40,15,0,1
BRDA:40,16,0,3
BRDA:41,17,0,1
BRDA:41,18,0,3
BRDA:42,19,0,1
BRDA:42,20,0,3
BRDA:44,21,0,1
BRDA:45,22,0,1
BRDA:57,23,0,5
BRDA:68,24,0,0
BRDA:69,25,0,1
BRDA:70,26,0,0
BRDA:71,27,0,1
BRDA:72,28,0,0
BRDA:73,29,0,0
BRDA:74,30,0,1
BRDA:75,31,0,1
BRDA:91,32,0,0
BRDA:117,33,0,1
BRDA:130,34,0,0
BRDA:138,35,0,1
BRDA:152,36,0,0
BRDA:152,37,0,0
BRDA:157,38,0,0
BRDA:147,39,0,1
BRDA:165,40,0,1
BRDA:169,41,0,1
BRDA:173,42,0,1
BRDA:177,43,0,1
BRF:44
BRH:35
end_of_record
TN:
SF:app/stores/order.ts
FN:48,getOrderById
FN:52,getOrdersByType
FN:56,getOrdersByPriority
FN:61,fetchOrders
FN:99,fetchOrderById
FN:117,createOrder
FN:138,updateOrderStatus
FN:165,getOrdersByCustomer
FN:169,getOrdersByStatus
FN:173,searchOrders
FN:177,setPage
FN:181,setSize
FN:186,setSort
FN:190,reset
FNF:14
FNH:6
FNDA:0,getOrderById
FNDA:0,getOrdersByType
FNDA:0,getOrdersByPriority
FNDA:3,fetchOrders
FNDA:0,fetchOrderById
FNDA:1,createOrder
FNDA:1,updateOrderStatus
FNDA:1,getOrdersByCustomer
FNDA:1,getOrdersByStatus
FNDA:0,searchOrders
FNDA:0,setPage
FNDA:0,setSize
FNDA:0,setSort
FNDA:1,reset
DA:1,1
DA:14,1
DA:16,8
DA:17,8
DA:18,8
DA:19,8
DA:20,8
DA:21,8
DA:22,8
DA:23,8
DA:24,8
DA:25,8
DA:26,8
DA:27,8
DA:28,8
DA:29,8
DA:32,8
DA:33,8
DA:34,8
DA:35,8
DA:36,8
DA:37,8
DA:39,8
DA:40,8
DA:41,8
DA:42,8
DA:43,8
DA:45,8
DA:46,8
DA:48,8
DA:49,0
DA:50,0
DA:52,8
DA:53,0
DA:54,0
DA:56,8
DA:57,0
DA:58,0
DA:61,8
DA:62,3
DA:63,3
DA:65,3
DA:66,3
DA:67,3
DA:68,3
DA:69,3
DA:70,3
DA:71,3
DA:72,3
DA:73,3
DA:74,3
DA:75,3
DA:76,3
DA:78,3
DA:79,3
DA:81,3
DA:82,3
DA:83,3
DA:84,3
DA:85,3
DA:86,3
DA:87,3
DA:88,3
DA:90,3
DA:91,3
DA:92,0
DA:93,0
DA:94,3
DA:95,3
DA:96,3
DA:97,3
DA:99,8
DA:100,0
DA:101,0
DA:103,0
DA:104,0
DA:105,0
DA:106,0
DA:107,0
DA:108,0
DA:109,0
DA:110,0
DA:111,0
DA:112,0
DA:113,0
DA:114,0
DA:115,0
DA:117,8
DA:118,1
DA:119,1
DA:121,1
DA:122,1
DA:123,1
DA:124,1
DA:126,1
DA:127,1
DA:129,1
DA:130,1
DA:131,0
DA:132,0
DA:133,1
DA:134,1
DA:135,1
DA:136,1
DA:138,8
DA:139,1
DA:140,1
DA:142,1
DA:143,1
DA:144,1
DA:145,1
DA:147,1
DA:148,1
DA:149,1
DA:150,1
DA:152,1
DA:153,0
DA:154,0
DA:156,1
DA:157,1
DA:158,0
DA:159,0
DA:160,1
DA:161,1
DA:162,1
DA:163,1
DA:165,8
DA:166,1
DA:167,1
DA:169,8
DA:170,1
DA:171,1
DA:173,8
DA:174,0
DA:175,0
DA:177,8
DA:178,0
DA:179,0
DA:181,8
DA:182,0
DA:183,0
DA:184,0
DA:186,8
DA:187,0
DA:188,0
DA:190,8
DA:191,1
DA:192,1
DA:193,1
DA:194,1
DA:195,1
DA:196,1
DA:197,1
DA:198,1
DA:199,1
DA:200,1
DA:201,1
DA:202,1
DA:204,8
DA:206,8
DA:207,8
DA:208,8
DA:209,8
DA:210,8
DA:213,8
DA:214,8
DA:215,8
DA:216,8
DA:217,8
DA:218,8
DA:219,8
DA:220,8
DA:221,8
DA:222,8
DA:223,8
DA:224,8
DA:225,8
DA:226,8
DA:227,8
DA:228,8
DA:229,8
DA:232,8
DA:233,8
DA:234,8
DA:235,8
DA:236,8
DA:237,8
DA:238,8
DA:239,8
DA:240,8
DA:241,8
DA:242,8
DA:243,8
LF:193
LH:155
BRDA:14,0,0,8
BRDA:33,1,0,1
BRDA:33,2,0,3
BRDA:34,3,0,1
BRDA:34,4,0,3
BRDA:35,5,0,1
BRDA:35,6,0,3
BRDA:36,7,0,1
BRDA:36,8,0,3
BRDA:37,9,0,1
BRDA:37,10,0,3
BRDA:39,11,0,1
BRDA:39,12,0,3
BRDA:40,13,0,1
BRDA:40,14,0,3
BRDA:43,15,0,1
BRDA:43,16,0,3
BRDA:45,17,0,1
BRDA:45,18,0,3
BRDA:46,19,0,1
BRDA:46,20,0,3
BRDA:61,21,0,3
BRDA:72,22,0,0
BRDA:73,23,0,1
BRDA:74,24,0,0
BRDA:75,25,0,1
BRDA:91,26,0,0
BRDA:117,27,0,1
BRDA:130,28,0,0
BRDA:138,29,0,1
BRDA:152,30,0,0
BRDA:152,31,0,0
BRDA:157,32,0,0
BRDA:147,33,0,1
BRDA:165,34,0,1
BRDA:169,35,0,1
BRDA:190,36,0,1
BRF:37
BRH:30
end_of_record
TN:
SF:app/stores/payment.ts
FN:52,getPaymentById
FN:57,fetchPayments
FN:96,fetchPaymentById
FN:114,createPayment
FN:135,changePaymentStatus
FN:162,getPaymentsByCustomer
FN:166,getPaymentsByInvoice
FN:170,getPaymentsByStatus
FN:174,searchPayments
FN:178,setPage
FN:182,setSize
FN:187,setSort
FN:191,reset
FNF:13
FNH:7
FNDA:0,getPaymentById
FNDA:4,fetchPayments
FNDA:0,fetchPaymentById
FNDA:1,createPayment
FNDA:1,changePaymentStatus
FNDA:1,getPaymentsByCustomer
FNDA:1,getPaymentsByInvoice
FNDA:1,getPaymentsByStatus
FNDA:0,searchPayments
FNDA:0,setPage
FNDA:0,setSize
FNDA:0,setSort
FNDA:1,reset
DA:1,1
DA:13,1
DA:15,10
DA:16,10
DA:17,10
DA:18,10
DA:19,10
DA:20,10
DA:21,10
DA:22,10
DA:23,10
DA:24,10
DA:25,10
DA:26,10
DA:27,10
DA:28,10
DA:31,10
DA:32,10
DA:33,10
DA:34,10
DA:35,10
DA:36,10
DA:38,10
DA:39,10
DA:40,10
DA:41,10
DA:42,10
DA:44,10
DA:45,1
DA:46,10
DA:48,10
DA:49,1
DA:50,10
DA:52,10
DA:53,0
DA:54,0
DA:57,10
DA:58,4
DA:59,4
DA:61,4
DA:62,4
DA:63,4
DA:64,4
DA:65,4
DA:66,4
DA:67,4
DA:68,4
DA:69,4
DA:70,4
DA:71,4
DA:72,4
DA:73,4
DA:75,4
DA:76,4
DA:78,4
DA:79,4
DA:80,4
DA:81,4
DA:82,4
DA:83,4
DA:84,4
DA:85,4
DA:87,4
DA:88,4
DA:89,0
DA:90,0
DA:91,4
DA:92,4
DA:93,4
DA:94,4
DA:96,10
DA:97,0
DA:98,0
DA:100,0
DA:101,0
DA:102,0
DA:103,0
DA:104,0
DA:105,0
DA:106,0
DA:107,0
DA:108,0
DA:109,0
DA:110,0
DA:111,0
DA:112,0
DA:114,10
DA:115,1
DA:116,1
DA:118,1
DA:119,1
DA:120,1
DA:121,1
DA:123,1
DA:124,1
DA:126,1
DA:127,1
DA:128,0
DA:129,0
DA:130,1
DA:131,1
DA:132,1
DA:133,1
DA:135,10
DA:136,1
DA:137,1
DA:139,1
DA:140,1
DA:141,1
DA:142,1
DA:144,1
DA:145,1
DA:146,1
DA:147,1
DA:149,1
DA:150,0
DA:151,0
DA:153,1
DA:154,1
DA:155,0
DA:156,0
DA:157,1
DA:158,1
DA:159,1
DA:160,1
DA:162,10
DA:163,1
DA:164,1
DA:166,10
DA:167,1
DA:168,1
DA:170,10
DA:171,1
DA:172,1
DA:174,10
DA:175,0
DA:176,0
DA:178,10
DA:179,0
DA:180,0
DA:182,10
DA:183,0
DA:184,0
DA:185,0
DA:187,10
DA:188,0
DA:189,0
DA:191,10
DA:192,1
DA:193,1
DA:194,1
DA:195,1
DA:196,1
DA:197,1
DA:198,1
DA:199,1
DA:200,1
DA:201,1
DA:202,1
DA:203,1
DA:205,10
DA:207,10
DA:208,10
DA:209,10
DA:210,10
DA:211,10
DA:214,10
DA:215,10
DA:216,10
DA:217,10
DA:218,10
DA:219,10
DA:220,10
DA:221,10
DA:222,10
DA:223,10
DA:224,10
DA:225,10
DA:226,10
DA:227,10
DA:230,10
DA:231,10
DA:232,10
DA:233,10
DA:234,10
DA:235,10
DA:236,10
DA:237,10
DA:238,10
DA:239,10
DA:240,10
DA:241,10
DA:242,10
DA:243,10
LF:194
LH:160
BRDA:13,0,0,10
BRDA:32,1,0,2
BRDA:32,2,0,5
BRDA:33,3,0,1
BRDA:33,4,0,3
BRDA:34,5,0,2
BRDA:34,6,0,5
BRDA:35,7,0,1
BRDA:35,8,0,3
BRDA:36,9,0,1
BRDA:36,10,0,3
BRDA:38,11,0,1
BRDA:38,12,0,3
BRDA:39,13,0,1
BRDA:39,14,0,3
BRDA:40,15,0,1
BRDA:40,16,0,3
BRDA:44,17,0,1
BRDA:45,18,0,1
BRDA:48,19,0,1
BRDA:49,20,0,1
BRDA:57,21,0,4
BRDA:68,22,0,0
BRDA:69,23,0,1
BRDA:70,24,0,1
BRDA:71,25,0,1
BRDA:72,26,0,0
BRDA:88,27,0,0
BRDA:114,28,0,1
BRDA:127,29,0,0
BRDA:135,30,0,1
BRDA:149,31,0,0
BRDA:149,32,0,0
BRDA:154,33,0,0
BRDA:144,34,0,1
BRDA:162,35,0,1
BRDA:166,36,0,1
BRDA:170,37,0,1
BRDA:191,38,0,1
BRF:39
BRH:32
end_of_record
TN:
SF:app/stores/product.ts
FN:48,getProductById
FN:52,getProductsByType
FN:56,getProductsByCategory
FN:60,getProductsByStatus
FN:65,fetchProducts
FN:103,fetchProductById
FN:121,createProduct
FN:142,updateProduct
FN:169,changeProductStatus
FN:196,deleteProduct
FN:222,getActiveProducts
FN:226,searchProducts
FN:230,setPage
FN:234,setSize
FN:239,setSort
FN:243,reset
FNF:16
FNH:6
FNDA:0,getProductById
FNDA:0,getProductsByType
FNDA:0,getProductsByCategory
FNDA:0,getProductsByStatus
FNDA:4,fetchProducts
FNDA:0,fetchProductById
FNDA:1,createProduct
FNDA:1,updateProduct
FNDA:1,changeProductStatus
FNDA:1,deleteProduct
FNDA:1,getActiveProducts
FNDA:0,searchProducts
FNDA:0,setPage
FNDA:0,setSize
FNDA:0,setSort
FNDA:0,reset
DA:1,1
DA:15,1
DA:17,10
DA:18,10
DA:19,10
DA:20,10
DA:21,10
DA:22,10
DA:23,10
DA:24,10
DA:25,10
DA:26,10
DA:27,10
DA:28,10
DA:29,10
DA:30,10
DA:33,10
DA:34,10
DA:35,10
DA:36,10
DA:38,10
DA:39,10
DA:40,10
DA:41,10
DA:43,10
DA:44,10
DA:45,10
DA:46,10
DA:48,10
DA:49,0
DA:50,0
DA:52,10
DA:53,0
DA:54,0
DA:56,10
DA:57,0
DA:58,0
DA:60,10
DA:61,0
DA:62,0
DA:65,10
DA:66,4
DA:67,4
DA:69,4
DA:70,4
DA:71,4
DA:72,4
DA:73,4
DA:74,4
DA:75,4
DA:76,4
DA:77,4
DA:78,4
DA:79,4
DA:80,4
DA:82,4
DA:83,4
DA:85,4
DA:86,4
DA:87,4
DA:88,4
DA:89,4
DA:90,4
DA:91,4
DA:92,4
DA:94,4
DA:95,4
DA:96,0
DA:97,0
DA:98,4
DA:99,4
DA:100,4
DA:101,4
DA:103,10
DA:104,0
DA:105,0
DA:107,0
DA:108,0
DA:109,0
DA:110,0
DA:111,0
DA:112,0
DA:113,0
DA:114,0
DA:115,0
DA:116,0
DA:117,0
DA:118,0
DA:119,0
DA:121,10
DA:122,1
DA:123,1
DA:125,1
DA:126,1
DA:127,1
DA:128,1
DA:130,1
DA:131,1
DA:133,1
DA:134,1
DA:135,0
DA:136,0
DA:137,1
DA:138,1
DA:139,1
DA:140,1
DA:142,10
DA:143,1
DA:144,1
DA:146,1
DA:147,1
DA:148,1
DA:149,1
DA:151,1
DA:152,1
DA:153,1
DA:154,1
DA:156,1
DA:157,0
DA:158,0
DA:160,1
DA:161,1
DA:162,0
DA:163,0
DA:164,1
DA:165,1
DA:166,1
DA:167,1
DA:169,10
DA:170,1
DA:171,1
DA:173,1
DA:174,1
DA:175,1
DA:176,1
DA:178,1
DA:179,1
DA:180,1
DA:181,1
DA:183,1
DA:184,0
DA:185,0
DA:187,1
DA:188,1
DA:189,0
DA:190,0
DA:191,1
DA:192,1
DA:193,1
DA:194,1
DA:196,10
DA:197,1
DA:198,1
DA:200,1
DA:201,1
DA:202,1
DA:203,1
DA:205,1
DA:206,1
DA:207,1
DA:208,1
DA:209,1
DA:211,1
DA:212,0
DA:213,0
DA:214,1
DA:215,0
DA:216,0
DA:217,1
DA:218,1
DA:219,1
DA:220,1
DA:222,10
DA:223,1
DA:224,1
DA:226,10
DA:227,0
DA:228,0
DA:230,10
DA:231,0
DA:232,0
DA:234,10
DA:235,0
DA:236,0
DA:237,0
DA:239,10
DA:240,0
DA:241,0
DA:243,10
DA:244,0
DA:245,0
DA:246,0
DA:247,0
DA:248,0
DA:249,0
DA:250,0
DA:251,0
DA:252,0
DA:253,0
DA:254,0
DA:255,0
DA:257,10
DA:259,10
DA:260,10
DA:261,10
DA:262,10
DA:263,10
DA:266,10
DA:267,10
DA:268,10
DA:269,10
DA:270,10
DA:271,10
DA:272,10
DA:273,10
DA:274,10
DA:275,10
DA:276,10
DA:277,10
DA:278,10
DA:279,10
DA:280,10
DA:281,10
DA:284,10
DA:285,10
DA:286,10
DA:287,10
DA:288,10
DA:289,10
DA:290,10
DA:291,10
DA:292,10
DA:293,10
DA:294,10
DA:295,10
DA:296,10
DA:297,10
LF:237
LH:177
BRDA:15,0,0,10
BRDA:34,1,0,1
BRDA:34,2,0,3
BRDA:35,3,0,1
BRDA:35,4,0,3
BRDA:36,5,0,1
BRDA:36,6,0,3
BRDA:38,7,0,1
BRDA:38,8,0,3
BRDA:39,9,0,1
BRDA:39,10,0,3
BRDA:40,11,0,1
BRDA:40,12,0,3
BRDA:43,13,0,1
BRDA:43,14,0,3
BRDA:44,15,0,1
BRDA:44,16,0,3
BRDA:45,17,0,1
BRDA:45,18,0,3
BRDA:65,19,0,4
BRDA:76,20,0,0
BRDA:77,21,0,2
BRDA:78,22,0,1
BRDA:79,23,0,0
BRDA:95,24,0,0
BRDA:121,25,0,1
BRDA:134,26,0,0
BRDA:142,27,0,1
BRDA:156,28,0,0
BRDA:156,29,0,0
BRDA:161,30,0,0
BRDA:151,31,0,1
BRDA:169,32,0,1
BRDA:183,33,0,0
BRDA:183,34,0,0
BRDA:188,35,0,0
BRDA:178,36,0,1
BRDA:196,37,0,1
BRDA:211,38,0,0
BRDA:211,39,0,0
BRDA:214,40,0,0
BRDA:205,41,0,1
BRDA:222,42,0,1
BRF:43
BRH:30
end_of_record
TN:
SF:app/stores/subscription.ts
FN:48,getSubscriptionById
FN:52,getSubscriptionsByProduct
FN:57,fetchSubscriptions
FN:95,fetchSubscriptionById
FN:113,createSubscription
FN:134,updateSubscription
FN:161,changeSubscriptionStatus
FN:188,renewSubscription
FN:215,getSubscriptionsByCustomer
FN:219,getSubscriptionsByStatus
FN:223,searchSubscriptions
FN:227,setPage
FN:231,setSize
FN:236,setSort
FN:240,reset
FNF:15
FNH:8
FNDA:0,getSubscriptionById
FNDA:0,getSubscriptionsByProduct
FNDA:3,fetchSubscriptions
FNDA:0,fetchSubscriptionById
FNDA:1,createSubscription
FNDA:1,updateSubscription
FNDA:1,changeSubscriptionStatus
FNDA:1,renewSubscription
FNDA:1,getSubscriptionsByCustomer
FNDA:1,getSubscriptionsByStatus
FNDA:0,searchSubscriptions
FNDA:0,setPage
FNDA:0,setSize
FNDA:0,setSort
FNDA:1,reset
DA:1,1
DA:13,1
DA:15,11
DA:16,11
DA:17,11
DA:18,11
DA:19,11
DA:20,11
DA:21,11
DA:22,11
DA:23,11
DA:24,11
DA:25,11
DA:26,11
DA:27,11
DA:28,11
DA:31,11
DA:32,11
DA:33,11
DA:34,11
DA:35,11
DA:37,11
DA:38,11
DA:39,1
DA:40,1
DA:41,1
DA:42,2
DA:43,2
DA:44,2
DA:45,1
DA:46,11
DA:48,11
DA:49,0
DA:50,0
DA:52,11
DA:53,0
DA:54,0
DA:57,11
DA:58,3
DA:59,3
DA:61,3
DA:62,3
DA:63,3
DA:64,3
DA:65,3
DA:66,3
DA:67,3
DA:68,3
DA:69,3
DA:70,3
DA:71,3
DA:72,3
DA:74,3
DA:75,3
DA:77,3
DA:78,3
DA:79,3
DA:80,3
DA:81,3
DA:82,3
DA:83,3
DA:84,3
DA:86,3
DA:87,3
DA:88,0
DA:89,0
DA:90,3
DA:91,3
DA:92,3
DA:93,3
DA:95,11
DA:96,0
DA:97,0
DA:99,0
DA:100,0
DA:101,0
DA:102,0
DA:103,0
DA:104,0
DA:105,0
DA:106,0
DA:107,0
DA:108,0
DA:109,0
DA:110,0
DA:111,0
DA:113,11
DA:114,1
DA:115,1
DA:117,1
DA:118,1
DA:119,1
DA:120,1
DA:122,1
DA:123,1
DA:125,1
DA:126,1
DA:127,0
DA:128,0
DA:129,1
DA:130,1
DA:131,1
DA:132,1
DA:134,11
DA:135,1
DA:136,1
DA:138,1
DA:139,1
DA:140,1
DA:141,1
DA:143,1
DA:144,1
DA:145,1
DA:146,1
DA:148,1
DA:149,0
DA:150,0
DA:152,1
DA:153,1
DA:154,0
DA:155,0
DA:156,1
DA:157,1
DA:158,1
DA:159,1
DA:161,11
DA:162,1
DA:163,1
DA:165,1
DA:166,1
DA:167,1
DA:168,1
DA:170,1
DA:171,1
DA:172,1
DA:173,1
DA:175,1
DA:176,0
DA:177,0
DA:179,1
DA:180,1
DA:181,0
DA:182,0
DA:183,1
DA:184,1
DA:185,1
DA:186,1
DA:188,11
DA:189,1
DA:190,1
DA:192,1
DA:193,1
DA:194,1
DA:195,1
DA:197,1
DA:198,1
DA:199,1
DA:200,1
DA:202,1
DA:203,0
DA:204,0
DA:206,1
DA:207,1
DA:208,0
DA:209,0
DA:210,1
DA:211,1
DA:212,1
DA:213,1
DA:215,11
DA:216,1
DA:217,1
DA:219,11
DA:220,1
DA:221,1
DA:223,11
DA:224,0
DA:225,0
DA:227,11
DA:228,0
DA:229,0
DA:231,11
DA:232,0
DA:233,0
DA:234,0
DA:236,11
DA:237,0
DA:238,0
DA:240,11
DA:241,1
DA:242,1
DA:243,1
DA:244,1
DA:245,1
DA:246,1
DA:247,1
DA:248,1
DA:249,1
DA:250,1
DA:251,1
DA:252,1
DA:254,11
DA:256,11
DA:257,11
DA:258,11
DA:259,11
DA:260,11
DA:263,11
DA:264,11
DA:265,11
DA:266,11
DA:267,11
DA:268,11
DA:269,11
DA:270,11
DA:271,11
DA:274,11
DA:275,11
DA:276,11
DA:277,11
DA:278,11
DA:279,11
DA:280,11
DA:281,11
DA:282,11
DA:283,11
DA:284,11
DA:285,11
DA:286,11
DA:287,11
DA:288,11
LF:231
LH:187
BRDA:13,0,0,11
BRDA:32,1,0,1
BRDA:32,2,0,3
BRDA:33,3,0,1
BRDA:33,4,0,3
BRDA:34,5,0,1
BRDA:34,6,0,3
BRDA:35,7,0,1
BRDA:35,8,0,3
BRDA:37,9,0,1
BRDA:37,10,0,3
BRDA:38,11,0,1
BRDA:41,12,0,2
BRDA:42,13,0,0
BRDA:44,14,0,1
BRDA:57,15,0,3
BRDA:68,16,0,0
BRDA:69,17,0,1
BRDA:70,18,0,1
BRDA:71,19,0,0
BRDA:87,20,0,0
BRDA:113,21,0,1
BRDA:126,22,0,0
BRDA:134,23,0,1
BRDA:148,24,0,0
BRDA:148,25,0,0
BRDA:153,26,0,0
BRDA:143,27,0,1
BRDA:161,28,0,1
BRDA:175,29,0,0
BRDA:175,30,0,0
BRDA:180,31,0,0
BRDA:170,32,0,1
BRDA:188,33,0,1
BRDA:202,34,0,0
BRDA:202,35,0,0
BRDA:207,36,0,0
BRDA:197,37,0,1
BRDA:215,38,0,1
BRDA:219,39,0,1
BRDA:240,40,0,1
BRF:41
BRH:27
end_of_record
